SEGGER J-Link GDB Server V4.98c LogFile
Logging started @ 2016-07-24 22:43
03-00000000-00-00000000-0038: WARNING: Unknown command line parameter singlerun found.
03-00000000-00-00000003-0023: -----GDB Server start settings-----
03-00000000-00-00000003-0023: GDBInit file:                  none
03-00000000-00-00000003-0023: GDB Server Listening port:     2331
03-00000000-00-00000003-0023: SWO raw output listening port: 2332
03-00000000-00-00000003-0023: Terminal I/O port:             2333
03-00000000-00-00000003-002D: Accept remote connection:      localhost only
03-00000000-00-00000003-0021: Generate logfile:              on
03-00000000-00-00000003-0021: Verify download:               on
03-00000000-00-00000003-0021: Init regs on start:            on
03-00000000-00-00000003-0022: Silent mode:                   off
03-00000000-00-00000003-0022: Single run mode:               off
03-00000000-00-00000003-0023: Target connection timeout:     0 ms
03-00000000-00-00000003-0023: ------J-Link related settings------
03-00000000-00-00000003-0022: J-Link Host interface:         USB
03-00000000-00-00000003-0023: J-Link script:                 none
03-00000000-00-00000003-0023: J-Link settings file:          none
03-00000000-00-00000003-0023: ------Target related settings------
03-00000000-00-00000003-0028: Target device:                 Cortex-M0
03-00000000-00-00000003-0022: Target interface:              SWD
03-00000000-00-00000003-0023: Target interface speed:        0kHz
03-00000000-00-00000003-0025: Target endian:                 little
03-00000000-00-00000004-0017: Connecting to J-Link...
02-00000000-00-00000006-003D: Firmware: J-Link OB-SAM3U128 V3 compiled Jul  5 2016 08:42:14
02-00000000-00-00000006-000F: Hardware: V3.00
02-00000000-00-00000006-000E: S/N: 483000828
02-00000000-00-00000272-0034: Feature(s): RDI  returns O.K. (0268ms, 0268ms total)
03-00000000-00-00000272-0014: J-Link is connected.
02-00000000-00-00000272-005F: T3574 000:278 JLINK_ExecCommand("device = Cortex-M0", ...)  returns 0x00 (0000ms, 0268ms total)
02-00000000-00-00000272-0068: T3574 000:278 JLINK_ExecCommand("SetFlashRewriteBehavior = 1", ...)  returns 0x00 (0000ms, 0268ms total)
02-00000000-00-00000272-0041: T3574 000:278 JLINK_GetFirmwareString(...) (0000ms, 0268ms total)
03-00000000-00-00000272-003D: Firmware: J-Link OB-SAM3U128 V3 compiled Jul  5 2016 08:42:14
02-00000000-00-00000272-004F: T3574 000:278 JLINK_GetHardwareVersion()  returns 0x7530 (0000ms, 0268ms total)
03-00000000-00-00000272-000F: Hardware: V3.00
03-00000000-00-00000272-000E: S/N: 483000828
03-00000000-00-00000272-000F: Feature(s): RDI
02-00000000-00-00000272-0049: T3574 000:278 JLINK_GetHWStatus(...)  returns 0x00 (0000ms, 0268ms total)
02-00000000-00-00000272-003C: T3574 000:278 JLINK_EnableSoftBPs(ON) (0000ms, 0268ms total)
03-00000000-00-00000272-001A: Checking target voltage...
03-00000000-00-00000272-0016: Target voltage: 3.30 V
03-00000000-00-00000273-001D: Listening on TCP/IP port 2331
03-00000000-00-00000273-0017: Connecting to target...
02-00000000-00-00000273-0035: T3574 000:279 JLINK_ClrError() (0000ms, 0268ms total)
02-00000000-00-00000274-0049: T3574 000:279 JLINK_GetHWStatus(...)  returns 0x00 (0001ms, 0269ms total)
02-00000000-00-00000274-0055: T3574 000:280 JLINK_TIF_Select(JLINKARM_TIF_SWD)  returns 0x00 (0000ms, 0269ms total)
02-00000000-00-00000287-01F7: T3574 000:280 JLINK_SetSpeed(0) >0x108 TIF>Found SWD-DP with ID 0x0BB11477 >0x0D TIF> >0x21 TIF> >0x0D TIF> >0x28 TIF> >0x0D TIF> >0x28 TIF> >0x0D TIF> >0x21 TIF> >0x0D TIF> >0x28 TIF> >0x0D TIF> >0x21 TIF> >0x0D TIF> >0x21 TIF> >0x0D TIF> >0x21 TIF> >0x0D TIF> >0x21 TIF> >0x0D TIF> >0x28 TIF> >0x0D TIF> >0x28 TIF> >0x0D TIF> >0x21 TIF> >0x0D TIF> >0x28 TIF> >0x0D TIF> >0x28 TIF> >0x0D TIF> >0x28 TIF> >0x0D TIF> >0x21 TIF> >0x0D TIF> >0x21 TIF> >0x0D TIF> >0x28 TIF> >0x0D TIF> >0x21 TIF> >0x0D TIF>
02-00000000-00-00000306-01E3:  >0x21 TIF> -- CPU_WriteMem(4 bytes @ 0xE0002000) -- CPU_ReadMem(4 bytes @ 0xE000EDF0) -- CPU_ReadMem(4 bytes @ 0xE0002000) -- CPU_ReadMem(4 bytes @ 0xE000EDFC) -- CPU_ReadMem(4 bytes @ 0xE0001000) -- CPU_WriteMem(4 bytes @ 0xE0001000)CoreSight components:ROMTbl 0 @ E00FF000 -- CPU_ReadMem(16 bytes @ 0xE00FF000) -- CPU_ReadMem(16 bytes @ 0xE000EFF0) -- CPU_ReadMem(16 bytes @ 0xE000EFE0)ROMTbl 0 [0]: FFF0F000, CID: B105E00D, PID: 000BB008 SCS -- CPU_ReadMem(16 bytes @ 0xE0001FF0)
02-00000000-00-00000314-00F9:  -- CPU_ReadMem(16 bytes @ 0xE0001FE0)ROMTbl 0 [1]: FFF02000, CID: B105E00D, PID: 000BB00A DWT -- CPU_ReadMem(16 bytes @ 0xE0002FF0) -- CPU_ReadMem(16 bytes @ 0xE0002FE0)ROMTbl 0 [2]: FFF03000, CID: B105E00D, PID: 000BB00B FPB (0040ms, 0309ms total)
02-00000000-00-00000314-0044: T3574 000:320 JLINK_GetSpeed()  returns 0x7D0 (0000ms, 0309ms total)
02-00000000-00-00000314-0077: T3574 000:320 JLINK_SetResetType(JLINKARM_RESET_TYPE_NORMAL)  returns JLINKARM_RESET_TYPE_NORMAL (0000ms, 0309ms total)
02-00000000-00-00000314-003B: T3574 000:320 JLINK_SetResetDelay(0) (0000ms, 0309ms total)
02-00000000-00-00000314-0055: T3574 000:320 JLINK_SetEndian(ARM_ENDIAN_LITTLE)  returns 0x00 (0000ms, 0309ms total)
02-00000000-00-00000321-01F5: T3574 000:320 JLINK_Connect() >0x108 TIF>Found SWD-DP with ID 0x0BB11477 >0x0D TIF> >0x21 TIF> >0x0D TIF> >0x28 TIF> >0x0D TIF> >0x28 TIF> >0x0D TIF> >0x21 TIF> >0x0D TIF> >0x28 TIF> >0x0D TIF> >0x21 TIF> >0x0D TIF> >0x21 TIF> >0x0D TIF> >0x21 TIF> >0x0D TIF> >0x21 TIF> >0x0D TIF> >0x28 TIF> >0x0D TIF> >0x28 TIF> >0x0D TIF> >0x21 TIF> >0x0D TIF> >0x28 TIF> >0x0D TIF> >0x28 TIF> >0x0D TIF> >0x28 TIF> >0x0D TIF> >0x21 TIF> >0x0D TIF> >0x21 TIF> >0x0D TIF> >0x28 TIF> >0x0D TIF> >0x21 TIF> >0x0D TIF>
02-00000000-00-00000325-01E3:  >0x21 TIF> -- CPU_WriteMem(4 bytes @ 0xE0002000) -- CPU_ReadMem(4 bytes @ 0xE000EDF0) -- CPU_ReadMem(4 bytes @ 0xE0002000) -- CPU_ReadMem(4 bytes @ 0xE000EDFC) -- CPU_ReadMem(4 bytes @ 0xE0001000) -- CPU_WriteMem(4 bytes @ 0xE0001000)CoreSight components:ROMTbl 0 @ E00FF000 -- CPU_ReadMem(16 bytes @ 0xE00FF000) -- CPU_ReadMem(16 bytes @ 0xE000EFF0) -- CPU_ReadMem(16 bytes @ 0xE000EFE0)ROMTbl 0 [0]: FFF0F000, CID: B105E00D, PID: 000BB008 SCS -- CPU_ReadMem(16 bytes @ 0xE0001FF0)
02-00000000-00-00000326-0107:  -- CPU_ReadMem(16 bytes @ 0xE0001FE0)ROMTbl 0 [1]: FFF02000, CID: B105E00D, PID: 000BB00A DWT -- CPU_ReadMem(16 bytes @ 0xE0002FF0) -- CPU_ReadMem(16 bytes @ 0xE0002FE0)ROMTbl 0 [2]: FFF03000, CID: B105E00D, PID: 000BB00B FPB  returns 0x00 (0012ms, 0321ms total)
02-00000000-00-00000327-00A2: T3574 000:332 JLINK_GetIdData(...) >0x0D TIF> >0x21 TIF> ScanLen=4 NumDevices=1 aId[0]=0x0BB11477 aIrRead[0]=0 aScanLen[0]=0 aScanRead[0]=0 (0001ms, 0322ms total)
02-00000000-00-00000327-0047: T3574 000:333 JLINK_GetDeviceFamily()  returns 6 (0000ms, 0322ms total)
02-00000000-00-00000330-0043: T3574 000:333 JLINK_IsHalted()  returns TRUE (0003ms, 0325ms total)
02-00000000-00-00000330-0043: T3574 000:336 JLINK_IsHalted()  returns TRUE (0000ms, 0322ms total)
02-00000000-00-00000330-0051: T3574 000:336 JLINK_WriteReg(R0, 0x00000000)  returns 0x00 (0000ms, 0322ms total)
02-00000000-00-00000331-0051: T3574 000:337 JLINK_WriteReg(R1, 0x00000000)  returns 0x00 (0000ms, 0323ms total)
02-00000000-00-00000331-0051: T3574 000:337 JLINK_WriteReg(R2, 0x00000000)  returns 0x00 (0000ms, 0323ms total)
02-00000000-00-00000331-0051: T3574 000:337 JLINK_WriteReg(R3, 0x00000000)  returns 0x00 (0000ms, 0323ms total)
02-00000000-00-00000331-0051: T3574 000:337 JLINK_WriteReg(R4, 0x00000000)  returns 0x00 (0000ms, 0323ms total)
02-00000000-00-00000331-0051: T3574 000:337 JLINK_WriteReg(R5, 0x00000000)  returns 0x00 (0000ms, 0323ms total)
02-00000000-00-00000331-0051: T3574 000:337 JLINK_WriteReg(R6, 0x00000000)  returns 0x00 (0000ms, 0323ms total)
02-00000000-00-00000331-0051: T3574 000:337 JLINK_WriteReg(R7, 0x00000000)  returns 0x00 (0000ms, 0323ms total)
02-00000000-00-00000331-0051: T3574 000:337 JLINK_WriteReg(R8, 0x00000000)  returns 0x00 (0000ms, 0323ms total)
02-00000000-00-00000331-0051: T3574 000:337 JLINK_WriteReg(R9, 0x00000000)  returns 0x00 (0000ms, 0323ms total)
02-00000000-00-00000331-0052: T3574 000:337 JLINK_WriteReg(R10, 0x00000000)  returns 0x00 (0000ms, 0323ms total)
02-00000000-00-00000331-0052: T3574 000:337 JLINK_WriteReg(R11, 0x00000000)  returns 0x00 (0000ms, 0323ms total)
02-00000000-00-00000331-0052: T3574 000:337 JLINK_WriteReg(R12, 0x00000000)  returns 0x00 (0000ms, 0323ms total)
02-00000000-00-00000331-0057: T3574 000:337 JLINK_WriteReg(R13 (SP), 0x00000000)  returns 0x00 (0000ms, 0323ms total)
02-00000000-00-00000331-0052: T3574 000:337 JLINK_WriteReg(R14, 0x00000000)  returns 0x00 (0000ms, 0323ms total)
02-00000000-00-00000331-0057: T3574 000:337 JLINK_WriteReg(R15 (PC), 0x00000000)  returns 0x00 (0000ms, 0323ms total)
02-00000000-00-00000331-0053: T3574 000:337 JLINK_WriteReg(XPSR, 0x01000000)  returns 0x00 (0000ms, 0323ms total)
03-00000000-00-00000331-0013: Connected to target
03-00000000-00-00000331-001D: Waiting for GDB connection...
03-00000000-00-00000605-0016: Connected to 127.0.0.1
00-0000035C-00-00000605-0029: +$qSupported:multiprocess+;qRelocInsn+#2a
01-0000035C-00-00000605-0001: +
01-0000035C-00-00000605-0064: $PacketSize=4000;qXfer:memory-map:read-;QStartNoAckMode+;qXfer:threads:read+;qXfer:features:read+#ce
00-0000035C-00-00000605-0014: +$QStartNoAckMode#b0
01-0000035C-00-00000605-0001: +
01-0000035C-00-00000605-0006: $OK#9a
00-0000035C-00-00000605-0001: +
00-0000035C-00-00000605-0007: $Hg0#df
01-0000035C-00-00000605-0006: $OK#9a
00-0000035C-00-00000606-0028: $qXfer:features:read:target.xml:0,fff#7d
01-0000035C-00-00000606-07E5: $l<?xml version="1.0"?>
<!-- Copyright (C) 2008 Free Software Foundation, Inc.

     Copying and distribution of this file, with or without modification,
     are permitted in any medium without royalty provided the copyright
     notice and this notice are preserved.  -->

<!DOCTYPE feature SYSTEM "gdb-target.dtd">
<target>
  <architecture>arm</architecture>
<feature name="org.gnu.gdb.arm.m-profile">
    <reg name="r0" bitsize="32" type="uint32" group="general"/>
    <reg name="r1" bitsize="32" type="uint32" group="general"/>
    <reg name="r2" bitsize="32" type="uint32" group="general"/>
    <reg name="r3" bitsize="32" type="uint32" group="general"/>
    <reg name="r4" bitsize="32" type="uint32" group="general"/>
    <reg name="r5" bitsize="32" type="uint32" group="general"/>
    <reg name="r6" bitsize="32" type="uint32" group="general"/>
    <reg name="r7" bitsize="32" type="uint32" group="general"/>
    <reg name="r8" bitsize="32" type="uint32" group="general"/>
    <reg name="r9" bitsize="32" type="uint32" group="general"/>
    <reg name="r10" bitsize="32" type="uint32" group="general"/>
    <reg name="r11" bitsize="32" type="uint32" group="general"/>
    <reg name="r12" bitsize="32" type="uint32" group="general"/>
    <reg name="sp" bitsize="32" type="data_ptr" group="general"/>
    <reg name="lr" bitsize="32" type="uint32" group="general"/>
    <reg name="pc" bitsize="32" type="code_ptr" group="general"/>
    <reg name="xpsr" bitsize="32" regnum="25" type="uint32" group="general"/>
    <reg name="MSP" bitsize="32" regnum="26" type="uint32" group="general"/>
    <reg name="PSP" bitsize="32" regnum="27" type="uint32" group="general"/>
    <reg name="PRIMASK" bitsize="32" regnum="28" type="uint32" group="general"/>
    <reg name="BASEPRI" bitsize="32" regnum="29" type="uint32" group="general"/>
    <reg name="FAULTMASK" bitsize="32" regnum="30" type="uint32" group="general"/>
    <reg name="CONTROL" bitsize="32" regnum="31" type="uint32" group="general"/>
  </feature>
</target>

#3d
00-0000035C-00-00000606-000C: $qTStatus#49
01-0000035C-00-00000606-0004: $#00
00-0000035C-00-00000606-0005: $?#3f
01-0000035C-00-00000606-0007: $S05#b8
00-0000035C-00-00000606-001D: $qXfer:threads:read::0,fff#03
01-0000035C-00-00000606-0005: $l#6c
00-0000035C-00-00000606-0008: $Hc-1#09
01-0000035C-00-00000606-0006: $OK#9a
00-0000035C-00-00000607-0006: $qC#b4
01-0000035C-00-00000607-0004: $#00
00-0000035C-00-00000607-000D: $qAttached#8f
01-0000035C-00-00000607-0004: $#00
00-0000035C-00-00000607-0005: $g#67
03-00000000-00-00000607-0015: Reading all registers
02-00000000-00-00000607-004A: T17BC 000:613 JLINK_ReadReg(R0)  returns 0x00000000 (0000ms, 0323ms total)
02-00000000-00-00000607-004A: T17BC 000:613 JLINK_ReadReg(R1)  returns 0x00000000 (0000ms, 0323ms total)
02-00000000-00-00000607-004A: T17BC 000:613 JLINK_ReadReg(R2)  returns 0x00000000 (0000ms, 0323ms total)
02-00000000-00-00000607-004A: T17BC 000:613 JLINK_ReadReg(R3)  returns 0x00000000 (0000ms, 0323ms total)
02-00000000-00-00000607-004A: T17BC 000:613 JLINK_ReadReg(R4)  returns 0x00000000 (0000ms, 0323ms total)
02-00000000-00-00000607-004A: T17BC 000:613 JLINK_ReadReg(R5)  returns 0x00000000 (0000ms, 0323ms total)
02-00000000-00-00000607-004A: T17BC 000:613 JLINK_ReadReg(R6)  returns 0x00000000 (0000ms, 0323ms total)
02-00000000-00-00000607-004A: T17BC 000:613 JLINK_ReadReg(R7)  returns 0x00000000 (0000ms, 0323ms total)
02-00000000-00-00000607-004A: T17BC 000:613 JLINK_ReadReg(R8)  returns 0x00000000 (0000ms, 0323ms total)
02-00000000-00-00000607-004A: T17BC 000:613 JLINK_ReadReg(R9)  returns 0x00000000 (0000ms, 0323ms total)
02-00000000-00-00000607-004B: T17BC 000:613 JLINK_ReadReg(R10)  returns 0x00000000 (0000ms, 0323ms total)
02-00000000-00-00000607-004B: T17BC 000:613 JLINK_ReadReg(R11)  returns 0x00000000 (0000ms, 0323ms total)
02-00000000-00-00000607-004B: T17BC 000:613 JLINK_ReadReg(R12)  returns 0x00000000 (0000ms, 0323ms total)
02-00000000-00-00000607-0050: T17BC 000:613 JLINK_ReadReg(R13 (SP))  returns 0x00000000 (0000ms, 0323ms total)
02-00000000-00-00000607-004B: T17BC 000:613 JLINK_ReadReg(R14)  returns 0x00000000 (0000ms, 0323ms total)
02-00000000-00-00000607-0050: T17BC 000:613 JLINK_ReadReg(R15 (PC))  returns 0x00000000 (0000ms, 0323ms total)
02-00000000-00-00000607-004C: T17BC 000:613 JLINK_ReadReg(XPSR)  returns 0x01000000 (0000ms, 0323ms total)
02-00000000-00-00000607-004B: T17BC 000:613 JLINK_ReadReg(MSP)  returns 0x00000000 (0000ms, 0323ms total)
02-00000000-00-00000607-004B: T17BC 000:613 JLINK_ReadReg(PSP)  returns 0x07FD5888 (0000ms, 0323ms total)
02-00000000-00-00000607-004F: T17BC 000:613 JLINK_ReadReg(PRIMASK)  returns 0x00000001 (0000ms, 0323ms total)
02-00000000-00-00000607-004F: T17BC 000:613 JLINK_ReadReg(BASEPRI)  returns 0x00000000 (0000ms, 0323ms total)
02-00000000-00-00000607-0051: T17BC 000:613 JLINK_ReadReg(FAULTMASK)  returns 0x00000000 (0000ms, 0323ms total)
02-00000000-00-00000607-004F: T17BC 000:613 JLINK_ReadReg(CONTROL)  returns 0x00000000 (0000ms, 0323ms total)
01-0000035C-00-00000607-00BC: $0000000000000000000000000000000000000000000000000000000000000000000000000000000000000000000000000000000000000000000000000000000000000001000000008858fd0701000000000000000000000000000000#10
00-0000035C-00-00000608-0008: $m0,4#fd
02-00000000-00-00000608-0099: T17BC 000:614 JLINK_ReadMem (0x00000000, 0x0004 Bytes, ...) -- CPU_ReadMem(4 bytes @ 0x00000000) - Data: 00 80 FC 07  returns 0x00 (0000ms, 0323ms total)
03-00000000-00-00000608-0035: Read 4 bytes @ address 0x00000000 (Data = 0x07FC8000)
01-0000035C-00-00000608-000C: $0080fc07#f8
00-0000035C-00-00000669-001A: $qRcmd,7370656564203330#5f
02-00000000-00-00000669-0037: T17BC 000:675 JLINK_SetSpeed(30) (0000ms, 0323ms total)
02-00000000-00-00000669-0043: T17BC 000:675 JLINK_GetSpeed()  returns 0x1E (0000ms, 0323ms total)
01-0000035C-00-00000669-0050: $54617267657420696e746572666163652073706565642073657420746f203330206b487a0D0A#5a
03-00000000-00-00000669-0024: Target interface speed set to 30 kHz
00-0000035C-00-00000669-0014: $qRcmd,636c726270#5d
01-0000035C-00-00000669-0006: $OK#9a
00-0000035C-00-00000670-0018: $qRcmd,72657365742030#fc
02-00000000-00-00000670-0077: T17BC 000:676 JLINK_SetResetType(JLINKARM_RESET_TYPE_NORMAL)  returns JLINKARM_RESET_TYPE_NORMAL (0000ms, 0323ms total)
02-00000000-00-00000670-003E: T17BC 000:676 JLINK_ResetPullsRESET(ON) (0000ms, 0323ms total)
02-00000000-00-00000966-01FB: T17BC 000:676 JLINK_Reset() -- CPU_WriteMem(4 bytes @ 0xE000EDF0) -- CPU_WriteMem(4 bytes @ 0xE000EDFC) >0x35 TIF> -- CPU_WriteMem(4 bytes @ 0xE000ED0C) -- CPU_ReadMem(4 bytes @ 0xE000EDF0) -- CPU_ReadMem(4 bytes @ 0xE000EDF0) -- CPU_WriteMem(4 bytes @ 0xE000EDF0) -- CPU_WriteMem(4 bytes @ 0xE000EDFC) -- CPU is running -- CPU_ReadMem(4 bytes @ 0xE000EDF0) -- CPU_WriteMem(4 bytes @ 0xE0002000) -- CPU_ReadMem(4 bytes @ 0xE000EDFC) -- CPU_ReadMem(4 bytes @ 0xE0001000) -- CPU_WriteMem(4 bytes @ 0xE0001000)
02-00000000-00-00000966-0017:  (0296ms, 0619ms total)
01-0000035C-00-00000966-007C: $52657365747320636f72652026207065726970686572616c7320766961205359535245534554524551202620564543545245534554206269742e0D0A#1f
03-00000000-00-00000966-003A: Resets core & peripherals via SYSRESETREQ & VECTRESET bit.
00-0000035C-00-00000966-0012: $qRcmd,68616c74#fc
03-00000000-00-00000966-0015: Halting target CPU...
02-00000000-00-00000966-003F: T17BC 000:972 JLINK_Halt()  returns 0x00 (0000ms, 0619ms total)
02-00000000-00-00000966-0043: T17BC 000:972 JLINK_IsHalted()  returns TRUE (0000ms, 0619ms total)
02-00000000-00-00000966-0050: T17BC 000:972 JLINK_ReadReg(R15 (PC))  returns 0x08000348 (0000ms, 0619ms total)
03-00000000-00-00000967-0022: ...Target halted (PC = 0x08000348)
01-0000035C-00-00000967-0006: $OK#9a
00-0000035C-00-00000967-0012: $qRcmd,72656773#ce
02-00000000-00-00000967-004F: T17BC 000:973 JLINK_ReadReg(PRIMASK)  returns 0x00000000 (0000ms, 0619ms total)
02-00000000-00-00000967-004F: T17BC 000:973 JLINK_ReadReg(BASEPRI)  returns 0x00000000 (0000ms, 0619ms total)
02-00000000-00-00000967-0051: T17BC 000:973 JLINK_ReadReg(FAULTMASK)  returns 0x00000000 (0000ms, 0619ms total)
02-00000000-00-00000967-004F: T17BC 000:973 JLINK_ReadReg(CONTROL)  returns 0x00000000 (0000ms, 0619ms total)
02-00000000-00-00000967-004C: T17BC 000:973 JLINK_ReadReg(CFBP)  returns 0x00000000 (0000ms, 0619ms total)
02-00000000-00-00000967-004C: T17BC 000:973 JLINK_ReadReg(IPSR)  returns 0x00000000 (0000ms, 0619ms total)
02-00000000-00-00000967-004C: T17BC 000:973 JLINK_ReadReg(EPSR)  returns 0x01000000 (0000ms, 0619ms total)
02-00000000-00-00000967-004C: T17BC 000:973 JLINK_ReadReg(APSR)  returns 0xC0000000 (0000ms, 0619ms total)
02-00000000-00-00000967-004C: T17BC 000:973 JLINK_ReadReg(XPSR)  returns 0xC1000000 (0000ms, 0619ms total)
02-00000000-00-00000967-0050: T17BC 000:973 JLINK_ReadReg(R15 (PC))  returns 0x08000348 (0000ms, 0619ms total)
02-00000000-00-00000967-004B: T17BC 000:973 JLINK_ReadReg(R14)  returns 0xFFFFFFFF (0000ms, 0619ms total)
02-00000000-00-00000967-004B: T17BC 000:973 JLINK_ReadReg(PSP)  returns 0xFFFFFFFC (0000ms, 0619ms total)
02-00000000-00-00000967-004B: T17BC 000:973 JLINK_ReadReg(MSP)  returns 0x07FC8000 (0000ms, 0619ms total)
02-00000000-00-00000967-0050: T17BC 000:973 JLINK_ReadReg(R13 (SP))  returns 0x07FC8000 (0000ms, 0619ms total)
02-00000000-00-00000967-004B: T17BC 000:973 JLINK_ReadReg(R12)  returns 0xFFFFFFFF (0000ms, 0619ms total)
02-00000000-00-00000967-004B: T17BC 000:973 JLINK_ReadReg(R11)  returns 0xFFFFFFFF (0000ms, 0619ms total)
02-00000000-00-00000967-004B: T17BC 000:973 JLINK_ReadReg(R10)  returns 0xFFFFFFFF (0000ms, 0619ms total)
02-00000000-00-00000967-004A: T17BC 000:973 JLINK_ReadReg(R9)  returns 0xFFFFFFFF (0000ms, 0619ms total)
02-00000000-00-00000967-004A: T17BC 000:973 JLINK_ReadReg(R8)  returns 0xFFFFFFFF (0000ms, 0619ms total)
02-00000000-00-00000967-004A: T17BC 000:973 JLINK_ReadReg(R7)  returns 0xFFFFFFFF (0000ms, 0619ms total)
02-00000000-00-00000967-004A: T17BC 000:973 JLINK_ReadReg(R6)  returns 0xFFFFFFFF (0000ms, 0619ms total)
02-00000000-00-00000967-004A: T17BC 000:973 JLINK_ReadReg(R5)  returns 0xFFFFFFFF (0000ms, 0619ms total)
02-00000000-00-00000967-004A: T17BC 000:973 JLINK_ReadReg(R4)  returns 0xFFFFFFFF (0000ms, 0619ms total)
02-00000000-00-00000967-004A: T17BC 000:973 JLINK_ReadReg(R3)  returns 0xFFFFFFFF (0000ms, 0619ms total)
02-00000000-00-00000967-004A: T17BC 000:973 JLINK_ReadReg(R2)  returns 0xFFFFFFFF (0000ms, 0619ms total)
02-00000000-00-00000967-004A: T17BC 000:973 JLINK_ReadReg(R1)  returns 0xFFFFFFFF (0000ms, 0619ms total)
02-00000000-00-00000967-004A: T17BC 000:973 JLINK_ReadReg(R0)  returns 0xFFFFFFFF (0000ms, 0619ms total)
01-0000035C-00-00000967-0322: $5230203d2046464646464646462c205231203d2046464646464646462c205232203d2046464646464646462c205233203d2046464646464646460a5234203d2046464646464646462c205235203d2046464646464646462c205236203d2046464646464646462c205237203d2046464646464646460a5238203d2046464646464646462c205239203d2046464646464646462c205231303d2046464646464646462c205231313d2046464646464646460a5231323d2046464646464646462c205231333d2030374643383030302c204d53503d2030374643383030302c205053503d2046464646464646430a523134284c5229203d2046464646464646462c2052313528504329203d2030383030303334380a585053522043313030303030302c20415053522043303030303030302c20455053522030313030303030302c20495053522030303030303030300a434642502030303030303030302c20434f4e54524f4c2030302c204641554c544d41534b2030302c20424153455052492030302c205052494d41534b2030300D0A#28
03-00000000-00-00000968-003A: R0 = FFFFFFFF, R1 = FFFFFFFF, R2 = FFFFFFFF, R3 = FFFFFFFF
03-00000000-00-00000968-003A: R4 = FFFFFFFF, R5 = FFFFFFFF, R6 = FFFFFFFF, R7 = FFFFFFFF
03-00000000-00-00000968-003A: R8 = FFFFFFFF, R9 = FFFFFFFF, R10= FFFFFFFF, R11= FFFFFFFF
03-00000000-00-00000968-003A: R12= FFFFFFFF, R13= 07FC8000, MSP= 07FC8000, PSP= FFFFFFFC
03-00000000-00-00000968-0026: R14(LR) = FFFFFFFF, R15(PC) = 08000348
03-00000000-00-00000968-003A: XPSR C1000000, APSR C0000000, EPSR 01000000, IPSR 00000000
03-00000000-00-00000968-003F: CFBP 00000000, CONTROL 00, FAULTMASK 00, BASEPRI 00, PRIMASK 00
00-0000035C-00-00000968-0005: $g#67
03-00000000-00-00000968-0015: Reading all registers
02-00000000-00-00000968-004A: T17BC 000:974 JLINK_ReadReg(R0)  returns 0xFFFFFFFF (0000ms, 0619ms total)
02-00000000-00-00000968-004A: T17BC 000:974 JLINK_ReadReg(R1)  returns 0xFFFFFFFF (0000ms, 0619ms total)
02-00000000-00-00000968-004A: T17BC 000:974 JLINK_ReadReg(R2)  returns 0xFFFFFFFF (0000ms, 0619ms total)
02-00000000-00-00000968-004A: T17BC 000:974 JLINK_ReadReg(R3)  returns 0xFFFFFFFF (0000ms, 0619ms total)
02-00000000-00-00000968-004A: T17BC 000:974 JLINK_ReadReg(R4)  returns 0xFFFFFFFF (0000ms, 0619ms total)
02-00000000-00-00000968-004A: T17BC 000:974 JLINK_ReadReg(R5)  returns 0xFFFFFFFF (0000ms, 0619ms total)
02-00000000-00-00000968-004A: T17BC 000:974 JLINK_ReadReg(R6)  returns 0xFFFFFFFF (0000ms, 0619ms total)
02-00000000-00-00000968-004A: T17BC 000:974 JLINK_ReadReg(R7)  returns 0xFFFFFFFF (0000ms, 0619ms total)
02-00000000-00-00000968-004A: T17BC 000:974 JLINK_ReadReg(R8)  returns 0xFFFFFFFF (0000ms, 0619ms total)
02-00000000-00-00000968-004A: T17BC 000:974 JLINK_ReadReg(R9)  returns 0xFFFFFFFF (0000ms, 0619ms total)
02-00000000-00-00000968-004B: T17BC 000:974 JLINK_ReadReg(R10)  returns 0xFFFFFFFF (0000ms, 0619ms total)
02-00000000-00-00000968-004B: T17BC 000:974 JLINK_ReadReg(R11)  returns 0xFFFFFFFF (0000ms, 0619ms total)
02-00000000-00-00000968-004B: T17BC 000:974 JLINK_ReadReg(R12)  returns 0xFFFFFFFF (0000ms, 0619ms total)
02-00000000-00-00000968-0050: T17BC 000:974 JLINK_ReadReg(R13 (SP))  returns 0x07FC8000 (0000ms, 0619ms total)
02-00000000-00-00000968-004B: T17BC 000:974 JLINK_ReadReg(R14)  returns 0xFFFFFFFF (0000ms, 0619ms total)
02-00000000-00-00000968-0050: T17BC 000:974 JLINK_ReadReg(R15 (PC))  returns 0x08000348 (0000ms, 0619ms total)
02-00000000-00-00000968-004C: T17BC 000:974 JLINK_ReadReg(XPSR)  returns 0xC1000000 (0000ms, 0619ms total)
02-00000000-00-00000969-004B: T17BC 000:975 JLINK_ReadReg(MSP)  returns 0x07FC8000 (0000ms, 0620ms total)
02-00000000-00-00000969-004B: T17BC 000:975 JLINK_ReadReg(PSP)  returns 0xFFFFFFFC (0000ms, 0620ms total)
02-00000000-00-00000969-004F: T17BC 000:975 JLINK_ReadReg(PRIMASK)  returns 0x00000000 (0000ms, 0620ms total)
02-00000000-00-00000969-004F: T17BC 000:975 JLINK_ReadReg(BASEPRI)  returns 0x00000000 (0000ms, 0620ms total)
02-00000000-00-00000969-0051: T17BC 000:975 JLINK_ReadReg(FAULTMASK)  returns 0x00000000 (0000ms, 0620ms total)
02-00000000-00-00000969-004F: T17BC 000:975 JLINK_ReadReg(CONTROL)  returns 0x00000000 (0000ms, 0620ms total)
01-0000035C-00-00000969-00BC: $ffffffffffffffffffffffffffffffffffffffffffffffffffffffffffffffffffffffffffffffffffffffffffffffffffffffff0080fc07ffffffff48030008000000c10080fc07fcffffff00000000000000000000000000000000#08
00-0000035C-00-00000969-000E: $m8000348,4#34
02-00000000-00-00000978-0099: T17BC 000:975 JLINK_ReadMem (0x08000348, 0x0004 Bytes, ...) -- CPU_ReadMem(4 bytes @ 0x08000348) - Data: 1B 4C 00 20  returns 0x00 (0009ms, 0629ms total)
03-00000000-00-00000978-0035: Read 4 bytes @ address 0x08000348 (Data = 0x20004C1B)
01-0000035C-00-00000979-000C: $1b4c0020#ec
00-0000035C-00-00000979-001E: $qRcmd,7370656564206175746f#70
02-00000000-00-00000979-0038: T17BC 000:985 JLINK_SetMaxSpeed() (0000ms, 0629ms total)
02-00000000-00-00000979-0044: T17BC 000:985 JLINK_GetSpeed()  returns 0x7D0 (0000ms, 0629ms total)
01-0000035C-00-00000979-0062: $53656c656374206175746f2074617267657420696e74657266616365207370656564202832303030206b487a290D0A#34
03-00000000-00-00000979-002D: Select auto target interface speed (2000 kHz)
00-0000035C-00-00000979-0030: $qRcmd,666c61736820627265616b706f696e74732030#ab
02-00000000-00-00000980-005C: T17BC 000:986 JLINK_ExecCommand("DisableFlashBPs", ...)  returns 0x00 (0000ms, 0629ms total)
01-0000035C-00-00000980-003C: $466c61736820627265616b706f696e74732064697361626c65640D0A#88
03-00000000-00-00000980-001A: Flash breakpoints disabled
00-0000035C-00-00000980-0034: $qRcmd,6d656d5533322030783430304333303530203d2031#12
02-00000000-00-00000981-007F: T17BC 000:986 JLINK_WriteU32(0x400C3050, 0x00000001) -- CPU_WriteMem(4 bytes @ 0x400C3050)  returns 0x00 (0001ms, 0630ms total)
01-0000035C-00-00000981-0056: $57726974696e6720307830303030303030312040206164647265737320307834303043333035300D0A#bf
03-00000000-00-00000981-0027: Writing 0x00000001 @ address 0x400C3050
00-0000035C-00-00000982-001E: $qRcmd,736c6565702031303030#52
01-0000035C-00-00001983-0020: $536c65657020313030306d730D0A#16
03-00000000-00-00001983-000C: Sleep 1000ms
00-0000035C-00-00001983-0018: $qRcmd,72657365742030#fc
02-00000000-00-00001983-0077: T17BC 001:989 JLINK_SetResetType(JLINKARM_RESET_TYPE_NORMAL)  returns JLINKARM_RESET_TYPE_NORMAL (0000ms, 0630ms total)
02-00000000-00-00001983-003E: T17BC 001:989 JLINK_ResetPullsRESET(ON) (0000ms, 0630ms total)
02-00000000-00-00001992-01F0: T17BC 001:989 JLINK_Reset() -- CPU_WriteMem(4 bytes @ 0xE000EDF0) -- CPU_WriteMem(4 bytes @ 0xE000EDFC) >0x35 TIF> -- CPU_WriteMem(4 bytes @ 0xE000ED0C) -- CPU_ReadMem(4 bytes @ 0xE000EDF0) >0x108 TIF>Found SWD-DP with ID 0x0BB11477 >0x0D TIF> >0x21 TIF> >0x0D TIF> >0x28 TIF> >0x0D TIF> >0x28 TIF> >0x0D TIF> >0x21 TIF> >0x0D TIF> >0x28 TIF> >0x0D TIF> >0x28 TIF> >0x0D TIF> >0x28 TIF> >0x0D TIF> >0x21 TIF> >0x0D TIF> >0x21 TIF> >0x0D TIF> >0x28 TIF> >0x0D TIF> >0x21 TIF> >0x0D TIF> >0x21 TIF>
02-00000000-00-00002006-01F7:  -- CPU_WriteMem(4 bytes @ 0xE000EDF0) -- CPU_WriteMem(4 bytes @ 0xE000EDFC) >0x35 TIF> -- CPU_WriteMem(4 bytes @ 0xE000ED0C) -- CPU_ReadMem(4 bytes @ 0xE000EDF0) -- CPU_ReadMem(4 bytes @ 0xE000EDF0) -- CPU_WriteMem(4 bytes @ 0xE000EDF0) -- CPU_WriteMem(4 bytes @ 0xE000EDFC) -- CPU is running -- CPU_ReadMem(4 bytes @ 0xE000EDF0) -- CPU_WriteMem(4 bytes @ 0xE0002000) -- CPU_ReadMem(4 bytes @ 0xE000EDFC) -- CPU_ReadMem(4 bytes @ 0xE0001000) -- CPU_WriteMem(4 bytes @ 0xE0001000) (0023ms, 0653ms total)
01-0000035C-00-00002006-007C: $52657365747320636f72652026207065726970686572616c7320766961205359535245534554524551202620564543545245534554206269742e0D0A#1f
03-00000000-00-00002006-003A: Resets core & peripherals via SYSRESETREQ & VECTRESET bit.
00-0000035C-00-00002028-000D: $qSymbol::#5b
01-0000035C-00-00002028-0004: $#00
00-0000035C-00-00002243-000E: $m8000348,4#34
02-00000000-00-00002243-0099: T17BC 002:249 JLINK_ReadMem (0x08000348, 0x0004 Bytes, ...) -- CPU_ReadMem(4 bytes @ 0x08000348) - Data: 1B 4C 00 20  returns 0x00 (0000ms, 0653ms total)
03-00000000-00-00002243-0035: Read 4 bytes @ address 0x08000348 (Data = 0x20004C1B)
01-0000035C-00-00002243-000C: $1b4c0020#ec
00-0000035C-00-00002245-001D: $qXfer:threads:read::0,fff#03
01-0000035C-00-00002245-0005: $l#6c
00-0000035C-00-00002255-001D: $qXfer:threads:read::0,fff#03
01-0000035C-00-00002255-0005: $l#6c
00-0000035C-00-00002319-000E: $m8017848,2#3f
02-00000000-00-00002319-0093: T17BC 002:325 JLINK_ReadMem (0x08017848, 0x0002 Bytes, ...) -- CPU_ReadMem(2 bytes @ 0x08017848) - Data: EC F7  returns 0x00 (0000ms, 0653ms total)
03-00000000-00-00002319-0031: Read 2 bytes @ address 0x08017848 (Data = 0xF7EC)
01-0000035C-00-00002319-0008: $ecf7#65
00-0000035C-00-00002320-000E: $m8017844,2#3b
02-00000000-00-00002320-0093: T17BC 002:326 JLINK_ReadMem (0x08017844, 0x0002 Bytes, ...) -- CPU_ReadMem(2 bytes @ 0x08017844) - Data: 00 B5  returns 0x00 (0000ms, 0653ms total)
03-00000000-00-00002320-0031: Read 2 bytes @ address 0x08017844 (Data = 0xB500)
01-0000035C-00-00002320-0008: $00b5#f7
00-0000035C-00-00002331-000E: $m8002f30,2#5e
02-00000000-00-00002331-0093: T17BC 002:337 JLINK_ReadMem (0x08002F30, 0x0002 Bytes, ...) -- CPU_ReadMem(2 bytes @ 0x08002F30) - Data: 05 4B  returns 0x00 (0000ms, 0653ms total)
03-00000000-00-00002331-0031: Read 2 bytes @ address 0x08002F30 (Data = 0x4B05)
01-0000035C-00-00002331-0008: $054b#fb
00-0000035C-00-00002332-000E: $m8002f32,2#60
02-00000000-00-00002332-0093: T17BC 002:338 JLINK_ReadMem (0x08002F32, 0x0002 Bytes, ...) -- CPU_ReadMem(2 bytes @ 0x08002F32) - Data: D9 89  returns 0x00 (0000ms, 0653ms total)
03-00000000-00-00002332-0031: Read 2 bytes @ address 0x08002F32 (Data = 0x89D9)
01-0000035C-00-00002332-0008: $d989#0e
00-0000035C-00-00002333-000E: $m8002f46,2#65
02-00000000-00-00002333-0093: T17BC 002:339 JLINK_ReadMem (0x08002F46, 0x0002 Bytes, ...) -- CPU_ReadMem(2 bytes @ 0x08002F46) - Data: 70 47  returns 0x00 (0000ms, 0653ms total)
03-00000000-00-00002333-0031: Read 2 bytes @ address 0x08002F46 (Data = 0x4770)
01-0000035C-00-00002333-0008: $7047#d2
00-0000035C-00-00002363-0014: $qRcmd,636c726270#5d
01-0000035C-00-00002363-0006: $OK#9a
00-0000035C-00-00002363-0018: $qRcmd,72657365742030#fc
02-00000000-00-00002363-0077: T17BC 002:369 JLINK_SetResetType(JLINKARM_RESET_TYPE_NORMAL)  returns JLINKARM_RESET_TYPE_NORMAL (0000ms, 0653ms total)
02-00000000-00-00002363-003E: T17BC 002:369 JLINK_ResetPullsRESET(ON) (0000ms, 0653ms total)
02-00000000-00-00002379-01FB: T17BC 002:369 JLINK_Reset() -- CPU_WriteMem(4 bytes @ 0xE000EDF0) -- CPU_WriteMem(4 bytes @ 0xE000EDFC) >0x35 TIF> -- CPU_WriteMem(4 bytes @ 0xE000ED0C) -- CPU_ReadMem(4 bytes @ 0xE000EDF0) -- CPU_ReadMem(4 bytes @ 0xE000EDF0) -- CPU_WriteMem(4 bytes @ 0xE000EDF0) -- CPU_WriteMem(4 bytes @ 0xE000EDFC) -- CPU is running -- CPU_ReadMem(4 bytes @ 0xE000EDF0) -- CPU_WriteMem(4 bytes @ 0xE0002000) -- CPU_ReadMem(4 bytes @ 0xE000EDFC) -- CPU_ReadMem(4 bytes @ 0xE0001000) -- CPU_WriteMem(4 bytes @ 0xE0001000)
02-00000000-00-00002379-0017:  (0016ms, 0669ms total)
01-0000035C-00-00002379-007C: $52657365747320636f72652026207065726970686572616c7320766961205359535245534554524551202620564543545245534554206269742e0D0A#1f
03-00000000-00-00002380-003A: Resets core & peripherals via SYSRESETREQ & VECTRESET bit.
00-0000035C-00-00002380-0012: $qRcmd,68616c74#fc
03-00000000-00-00002380-0015: Halting target CPU...
02-00000000-00-00002380-003F: T17BC 002:386 JLINK_Halt()  returns 0x00 (0000ms, 0669ms total)
02-00000000-00-00002380-0043: T17BC 002:386 JLINK_IsHalted()  returns TRUE (0000ms, 0669ms total)
02-00000000-00-00002380-0050: T17BC 002:386 JLINK_ReadReg(R15 (PC))  returns 0x08000348 (0000ms, 0669ms total)
03-00000000-00-00002380-0022: ...Target halted (PC = 0x08000348)
01-0000035C-00-00002380-0006: $OK#9a
00-0000035C-00-00002382-000E: $m8017848,2#3f
02-00000000-00-00002382-0093: T17BC 002:388 JLINK_ReadMem (0x08017848, 0x0002 Bytes, ...) -- CPU_ReadMem(2 bytes @ 0x08017848) - Data: EC F7  returns 0x00 (0000ms, 0669ms total)
03-00000000-00-00002382-0031: Read 2 bytes @ address 0x08017848 (Data = 0xF7EC)
01-0000035C-00-00002382-0008: $ecf7#65
00-0000035C-00-00002382-000E: $m8017848,2#3f
02-00000000-00-00002383-0093: T17BC 002:388 JLINK_ReadMem (0x08017848, 0x0002 Bytes, ...) -- CPU_ReadMem(2 bytes @ 0x08017848) - Data: EC F7  returns 0x00 (0001ms, 0670ms total)
03-00000000-00-00002383-0031: Read 2 bytes @ address 0x08017848 (Data = 0xF7EC)
01-0000035C-00-00002383-0008: $ecf7#65
00-0000035C-00-00002383-000E: $m8017844,2#3b
02-00000000-00-00002383-0093: T17BC 002:389 JLINK_ReadMem (0x08017844, 0x0002 Bytes, ...) -- CPU_ReadMem(2 bytes @ 0x08017844) - Data: 00 B5  returns 0x00 (0000ms, 0670ms total)
03-00000000-00-00002384-0031: Read 2 bytes @ address 0x08017844 (Data = 0xB500)
01-0000035C-00-00002384-0008: $00b5#f7
00-0000035C-00-00002384-0012: $qRcmd,72656773#ce
02-00000000-00-00002384-004F: T17BC 002:390 JLINK_ReadReg(PRIMASK)  returns 0x00000000 (0000ms, 0670ms total)
02-00000000-00-00002384-004F: T17BC 002:390 JLINK_ReadReg(BASEPRI)  returns 0x00000000 (0000ms, 0670ms total)
02-00000000-00-00002384-0051: T17BC 002:390 JLINK_ReadReg(FAULTMASK)  returns 0x00000000 (0000ms, 0670ms total)
02-00000000-00-00002384-004F: T17BC 002:390 JLINK_ReadReg(CONTROL)  returns 0x00000000 (0000ms, 0670ms total)
02-00000000-00-00002384-004C: T17BC 002:390 JLINK_ReadReg(CFBP)  returns 0x00000000 (0000ms, 0670ms total)
02-00000000-00-00002384-004C: T17BC 002:390 JLINK_ReadReg(IPSR)  returns 0x00000000 (0000ms, 0670ms total)
02-00000000-00-00002384-004C: T17BC 002:390 JLINK_ReadReg(EPSR)  returns 0x01000000 (0000ms, 0670ms total)
02-00000000-00-00002384-004C: T17BC 002:390 JLINK_ReadReg(APSR)  returns 0xC0000000 (0000ms, 0670ms total)
02-00000000-00-00002384-004C: T17BC 002:390 JLINK_ReadReg(XPSR)  returns 0xC1000000 (0000ms, 0670ms total)
02-00000000-00-00002384-0050: T17BC 002:390 JLINK_ReadReg(R15 (PC))  returns 0x08000348 (0000ms, 0670ms total)
02-00000000-00-00002384-004B: T17BC 002:390 JLINK_ReadReg(R14)  returns 0xFFFFFFFF (0000ms, 0670ms total)
02-00000000-00-00002384-004B: T17BC 002:390 JLINK_ReadReg(PSP)  returns 0xFFFFFFFC (0000ms, 0670ms total)
02-00000000-00-00002384-004B: T17BC 002:390 JLINK_ReadReg(MSP)  returns 0x07FC8000 (0000ms, 0670ms total)
02-00000000-00-00002384-0050: T17BC 002:390 JLINK_ReadReg(R13 (SP))  returns 0x07FC8000 (0000ms, 0670ms total)
02-00000000-00-00002384-004B: T17BC 002:390 JLINK_ReadReg(R12)  returns 0xFFFFFFFF (0000ms, 0670ms total)
02-00000000-00-00002384-004B: T17BC 002:390 JLINK_ReadReg(R11)  returns 0xFFFFFFFF (0000ms, 0670ms total)
02-00000000-00-00002384-004B: T17BC 002:390 JLINK_ReadReg(R10)  returns 0xFFFFFFFF (0000ms, 0670ms total)
02-00000000-00-00002384-004A: T17BC 002:390 JLINK_ReadReg(R9)  returns 0xFFFFFFFF (0000ms, 0670ms total)
02-00000000-00-00002384-004A: T17BC 002:390 JLINK_ReadReg(R8)  returns 0xFFFFFFFF (0000ms, 0670ms total)
02-00000000-00-00002384-004A: T17BC 002:390 JLINK_ReadReg(R7)  returns 0xFFFFFFFF (0000ms, 0670ms total)
02-00000000-00-00002384-004A: T17BC 002:390 JLINK_ReadReg(R6)  returns 0xFFFFFFFF (0000ms, 0670ms total)
02-00000000-00-00002384-004A: T17BC 002:390 JLINK_ReadReg(R5)  returns 0xFFFFFFFF (0000ms, 0670ms total)
02-00000000-00-00002384-004A: T17BC 002:390 JLINK_ReadReg(R4)  returns 0xFFFFFFFF (0000ms, 0670ms total)
02-00000000-00-00002384-004A: T17BC 002:390 JLINK_ReadReg(R3)  returns 0xFFFFFFFF (0000ms, 0670ms total)
02-00000000-00-00002384-004A: T17BC 002:390 JLINK_ReadReg(R2)  returns 0xFFFFFFFF (0000ms, 0670ms total)
02-00000000-00-00002384-004A: T17BC 002:390 JLINK_ReadReg(R1)  returns 0xFFFFFFFF (0000ms, 0670ms total)
02-00000000-00-00002384-004A: T17BC 002:390 JLINK_ReadReg(R0)  returns 0xFFFFFFFF (0000ms, 0670ms total)
01-0000035C-00-00002385-0322: $5230203d2046464646464646462c205231203d2046464646464646462c205232203d2046464646464646462c205233203d2046464646464646460a5234203d2046464646464646462c205235203d2046464646464646462c205236203d2046464646464646462c205237203d2046464646464646460a5238203d2046464646464646462c205239203d2046464646464646462c205231303d2046464646464646462c205231313d2046464646464646460a5231323d2046464646464646462c205231333d2030374643383030302c204d53503d2030374643383030302c205053503d2046464646464646430a523134284c5229203d2046464646464646462c2052313528504329203d2030383030303334380a585053522043313030303030302c20415053522043303030303030302c20455053522030313030303030302c20495053522030303030303030300a434642502030303030303030302c20434f4e54524f4c2030302c204641554c544d41534b2030302c20424153455052492030302c205052494d41534b2030300D0A#28
03-00000000-00-00002385-003A: R0 = FFFFFFFF, R1 = FFFFFFFF, R2 = FFFFFFFF, R3 = FFFFFFFF
03-00000000-00-00002385-003A: R4 = FFFFFFFF, R5 = FFFFFFFF, R6 = FFFFFFFF, R7 = FFFFFFFF
03-00000000-00-00002385-003A: R8 = FFFFFFFF, R9 = FFFFFFFF, R10= FFFFFFFF, R11= FFFFFFFF
03-00000000-00-00002385-003A: R12= FFFFFFFF, R13= 07FC8000, MSP= 07FC8000, PSP= FFFFFFFC
03-00000000-00-00002385-0026: R14(LR) = FFFFFFFF, R15(PC) = 08000348
03-00000000-00-00002385-003A: XPSR C1000000, APSR C0000000, EPSR 01000000, IPSR 00000000
03-00000000-00-00002385-003F: CFBP 00000000, CONTROL 00, FAULTMASK 00, BASEPRI 00, PRIMASK 00
00-0000035C-00-00002386-0005: $g#67
03-00000000-00-00002386-0015: Reading all registers
02-00000000-00-00002386-004A: T17BC 002:392 JLINK_ReadReg(R0)  returns 0xFFFFFFFF (0000ms, 0671ms total)
02-00000000-00-00002386-004A: T17BC 002:392 JLINK_ReadReg(R1)  returns 0xFFFFFFFF (0000ms, 0671ms total)
02-00000000-00-00002386-004A: T17BC 002:392 JLINK_ReadReg(R2)  returns 0xFFFFFFFF (0000ms, 0671ms total)
02-00000000-00-00002386-004A: T17BC 002:392 JLINK_ReadReg(R3)  returns 0xFFFFFFFF (0000ms, 0671ms total)
02-00000000-00-00002386-004A: T17BC 002:392 JLINK_ReadReg(R4)  returns 0xFFFFFFFF (0000ms, 0671ms total)
02-00000000-00-00002386-004A: T17BC 002:392 JLINK_ReadReg(R5)  returns 0xFFFFFFFF (0000ms, 0671ms total)
02-00000000-00-00002386-004A: T17BC 002:392 JLINK_ReadReg(R6)  returns 0xFFFFFFFF (0000ms, 0671ms total)
02-00000000-00-00002386-004A: T17BC 002:392 JLINK_ReadReg(R7)  returns 0xFFFFFFFF (0000ms, 0671ms total)
02-00000000-00-00002386-004A: T17BC 002:392 JLINK_ReadReg(R8)  returns 0xFFFFFFFF (0000ms, 0671ms total)
02-00000000-00-00002386-004A: T17BC 002:392 JLINK_ReadReg(R9)  returns 0xFFFFFFFF (0000ms, 0671ms total)
02-00000000-00-00002386-004B: T17BC 002:392 JLINK_ReadReg(R10)  returns 0xFFFFFFFF (0000ms, 0671ms total)
02-00000000-00-00002386-004B: T17BC 002:392 JLINK_ReadReg(R11)  returns 0xFFFFFFFF (0000ms, 0671ms total)
02-00000000-00-00002386-004B: T17BC 002:392 JLINK_ReadReg(R12)  returns 0xFFFFFFFF (0000ms, 0671ms total)
02-00000000-00-00002386-0050: T17BC 002:392 JLINK_ReadReg(R13 (SP))  returns 0x07FC8000 (0000ms, 0671ms total)
02-00000000-00-00002386-004B: T17BC 002:392 JLINK_ReadReg(R14)  returns 0xFFFFFFFF (0000ms, 0671ms total)
02-00000000-00-00002386-0050: T17BC 002:392 JLINK_ReadReg(R15 (PC))  returns 0x08000348 (0000ms, 0671ms total)
02-00000000-00-00002386-004C: T17BC 002:392 JLINK_ReadReg(XPSR)  returns 0xC1000000 (0000ms, 0671ms total)
02-00000000-00-00002386-004B: T17BC 002:392 JLINK_ReadReg(MSP)  returns 0x07FC8000 (0000ms, 0671ms total)
02-00000000-00-00002386-004B: T17BC 002:392 JLINK_ReadReg(PSP)  returns 0xFFFFFFFC (0000ms, 0671ms total)
02-00000000-00-00002386-004F: T17BC 002:392 JLINK_ReadReg(PRIMASK)  returns 0x00000000 (0000ms, 0671ms total)
02-00000000-00-00002386-004F: T17BC 002:392 JLINK_ReadReg(BASEPRI)  returns 0x00000000 (0000ms, 0671ms total)
02-00000000-00-00002386-0051: T17BC 002:392 JLINK_ReadReg(FAULTMASK)  returns 0x00000000 (0000ms, 0671ms total)
02-00000000-00-00002387-004F: T17BC 002:392 JLINK_ReadReg(CONTROL)  returns 0x00000000 (0001ms, 0672ms total)
01-0000035C-00-00002387-00BC: $ffffffffffffffffffffffffffffffffffffffffffffffffffffffffffffffffffffffffffffffffffffffffffffffffffffffff0080fc07ffffffff48030008000000c10080fc07fcffffff00000000000000000000000000000000#08
00-0000035C-00-00002387-000E: $m8000348,4#34
02-00000000-00-00002387-0099: T17BC 002:393 JLINK_ReadMem (0x08000348, 0x0004 Bytes, ...) -- CPU_ReadMem(4 bytes @ 0x08000348) - Data: 1B 4C 00 20  returns 0x00 (0000ms, 0672ms total)
03-00000000-00-00002387-0035: Read 4 bytes @ address 0x08000348 (Data = 0x20004C1B)
01-0000035C-00-00002387-000C: $1b4c0020#ec
00-0000035C-00-00002387-0010: $Z0,8017844,2#84
02-00000000-00-00002387-0066: T17BC 002:393 JLINK_SetBPEx(Addr = 0x08017844, Type = 0x02)  returns 0x00000001 (0000ms, 0672ms total)
03-00000000-00-00002388-0044: Setting breakpoint @ address 0x08017844, Size = 2, BPHandle = 0x0001
01-0000035C-00-00002388-0006: $OK#9a
00-0000035C-00-00002388-000A: $vCont?#49
01-0000035C-00-00002388-0004: $#00
00-0000035C-00-00002388-0007: $Hc0#db
01-0000035C-00-00002388-0006: $OK#9a
00-0000035C-00-00002388-0005: $c#63
03-00000000-00-00002388-0016: Starting target CPU...
02-00000000-00-00002388-0043: T17BC 002:394 JLINK_IsHalted()  returns TRUE (0000ms, 0672ms total)
02-00000000-00-00002392-017F: T17BC 002:394 JLINK_GoEx(MaxEmulInsts = -1, Flags = 0x00) -- CPU_WriteMem(4 bytes @ 0xE0002000) -- CPU_ReadMem(4 bytes @ 0xE0001000) -- CPU_WriteMem(4 bytes @ 0xE0001000) -- CPU_WriteMem(4 bytes @ 0xE0002008) -- CPU_WriteMem(4 bytes @ 0xE000200C) -- CPU_WriteMem(4 bytes @ 0xE0002010) -- CPU_WriteMem(4 bytes @ 0xE0002014) -- CPU_WriteMem(4 bytes @ 0xE0001004) (0004ms, 0676ms total)
02-00000000-00-00002392-0044: T17BC 002:398 JLINK_IsHalted()  returns FALSE (0000ms, 0676ms total)
02-00000000-00-00002407-0049: T2784 002:413 JLINK_GetHWStatus(...)  returns 0x00 (0000ms, 0676ms total)
02-00000000-00-00002413-0044: T17BC 002:419 JLINK_IsHalted()  returns FALSE (0000ms, 0676ms total)
02-00000000-00-00002437-0043: T17BC 002:440 JLINK_IsHalted()  returns TRUE (0003ms, 0679ms total)
02-00000000-00-00002437-0050: T17BC 002:443 JLINK_ReadReg(R15 (PC))  returns 0x08017844 (0000ms, 0676ms total)
02-00000000-00-00002437-0058: T17BC 002:443 JLINK_FindBP(Addr = 0x08017844)  returns 0x00000001 (0000ms, 0676ms total)
03-00000000-00-00002437-002A: ...Breakpoint reached @ address 0x08017844
01-0000035C-00-00002437-0007: $T05#b9
00-0000035C-00-00002458-0005: $g#67
03-00000000-00-00002458-0015: Reading all registers
02-00000000-00-00002458-004A: T17BC 002:464 JLINK_ReadReg(R0)  returns 0x00000000 (0000ms, 0676ms total)
02-00000000-00-00002458-004A: T17BC 002:464 JLINK_ReadReg(R1)  returns 0x00000000 (0000ms, 0676ms total)
02-00000000-00-00002458-004A: T17BC 002:464 JLINK_ReadReg(R2)  returns 0x07FC2D6C (0000ms, 0676ms total)
02-00000000-00-00002458-004A: T17BC 002:464 JLINK_ReadReg(R3)  returns 0x0800015D (0000ms, 0676ms total)
02-00000000-00-00002458-004A: T17BC 002:464 JLINK_ReadReg(R4)  returns 0x00000000 (0000ms, 0676ms total)
02-00000000-00-00002458-004A: T17BC 002:464 JLINK_ReadReg(R5)  returns 0x00000000 (0000ms, 0676ms total)
02-00000000-00-00002458-004A: T17BC 002:464 JLINK_ReadReg(R6)  returns 0xFFFFFFFF (0000ms, 0676ms total)
02-00000000-00-00002458-004A: T17BC 002:464 JLINK_ReadReg(R7)  returns 0x00000000 (0000ms, 0676ms total)
02-00000000-00-00002458-004A: T17BC 002:464 JLINK_ReadReg(R8)  returns 0xFFFFFFFF (0000ms, 0676ms total)
02-00000000-00-00002458-004A: T17BC 002:464 JLINK_ReadReg(R9)  returns 0xFFFFFFFF (0000ms, 0676ms total)
02-00000000-00-00002458-004B: T17BC 002:464 JLINK_ReadReg(R10)  returns 0x07FB8000 (0000ms, 0676ms total)
02-00000000-00-00002458-004B: T17BC 002:464 JLINK_ReadReg(R11)  returns 0x00000000 (0000ms, 0676ms total)
02-00000000-00-00002458-004B: T17BC 002:464 JLINK_ReadReg(R12)  returns 0x00000014 (0000ms, 0676ms total)
02-00000000-00-00002458-0050: T17BC 002:464 JLINK_ReadReg(R13 (SP))  returns 0x07FC8000 (0000ms, 0676ms total)
02-00000000-00-00002458-004B: T17BC 002:464 JLINK_ReadReg(R14)  returns 0x080001E7 (0000ms, 0676ms total)
02-00000000-00-00002458-0050: T17BC 002:464 JLINK_ReadReg(R15 (PC))  returns 0x08017844 (0000ms, 0676ms total)
02-00000000-00-00002458-004C: T17BC 002:464 JLINK_ReadReg(XPSR)  returns 0x61000000 (0000ms, 0676ms total)
02-00000000-00-00002458-004B: T17BC 002:464 JLINK_ReadReg(MSP)  returns 0x07FC8000 (0000ms, 0676ms total)
02-00000000-00-00002458-004B: T17BC 002:464 JLINK_ReadReg(PSP)  returns 0xFFFFFFFC (0000ms, 0676ms total)
02-00000000-00-00002458-004F: T17BC 002:464 JLINK_ReadReg(PRIMASK)  returns 0x00000000 (0000ms, 0676ms total)
02-00000000-00-00002458-004F: T17BC 002:464 JLINK_ReadReg(BASEPRI)  returns 0x00000000 (0000ms, 0676ms total)
02-00000000-00-00002458-0051: T17BC 002:464 JLINK_ReadReg(FAULTMASK)  returns 0x00000000 (0000ms, 0676ms total)
02-00000000-00-00002458-004F: T17BC 002:464 JLINK_ReadReg(CONTROL)  returns 0x00000000 (0000ms, 0676ms total)
01-0000035C-00-00002458-00BC: $00000000000000006c2dfc075d0100080000000000000000ffffffff00000000ffffffffffffffff0080fb0700000000140000000080fc07e701000844780108000000610080fc07fcffffff00000000000000000000000000000000#36
00-0000035C-00-00002458-000E: $m8017844,4#3d
02-00000000-00-00002459-00F4: T17BC 002:464 JLINK_ReadMem (0x08017844, 0x0004 Bytes, ...) -- CPU_ReadMem(64 bytes @ 0x08017840) -- Updating DA cache (64 bytes @ 0x08017840) -- Read from DA cache (4 bytes @ 0x08017844) - Data: 00 B5 85 B0  returns 0x00 (0001ms, 0677ms total)
03-00000000-00-00002459-0035: Read 4 bytes @ address 0x08017844 (Data = 0xB085B500)
01-0000035C-00-00002459-000C: $00b585b0#f6
00-0000035C-00-00002460-0010: $z0,8017844,2#a4
03-00000000-00-00002460-0032: Removing breakpoint @ address 0x08017844, Size = 2
02-00000000-00-00002460-0057: T17BC 002:466 JLINK_ClrBPEx(BPHandle = 0x00000001)  returns 0x00 (0000ms, 0677ms total)
01-0000035C-00-00002460-0006: $OK#9a
00-0000035C-00-00002659-001D: $qXfer:threads:read::0,fff#03
01-0000035C-00-00002659-0005: $l#6c
00-0000035C-00-00002660-001D: $qXfer:threads:read::0,fff#03
01-0000035C-00-00002660-0005: $l#6c
00-0000035C-00-00003006-001D: $qXfer:threads:read::0,fff#03
01-0000035C-00-00003006-0005: $l#6c
02-00000000-00-00004610-0049: T2784 004:616 JLINK_GetHWStatus(...)  returns 0x00 (0000ms, 0677ms total)
02-00000000-00-00006814-0049: T2784 006:820 JLINK_GetHWStatus(...)  returns 0x00 (0000ms, 0677ms total)
02-00000000-00-00009018-0049: T2784 009:024 JLINK_GetHWStatus(...)  returns 0x00 (0000ms, 0677ms total)
02-00000000-00-00011222-0049: T2784 011:228 JLINK_GetHWStatus(...)  returns 0x00 (0000ms, 0677ms total)
02-00000000-00-00013425-0049: T2784 013:431 JLINK_GetHWStatus(...)  returns 0x00 (0000ms, 0677ms total)
02-00000000-00-00015629-0049: T2784 015:635 JLINK_GetHWStatus(...)  returns 0x00 (0000ms, 0677ms total)
02-00000000-00-00017833-0049: T2784 017:839 JLINK_GetHWStatus(...)  returns 0x00 (0000ms, 0677ms total)
02-00000000-00-00020037-0049: T2784 020:043 JLINK_GetHWStatus(...)  returns 0x00 (0000ms, 0677ms total)
02-00000000-00-00022241-0049: T2784 022:247 JLINK_GetHWStatus(...)  returns 0x00 (0000ms, 0677ms total)
02-00000000-00-00024445-0049: T2784 024:451 JLINK_GetHWStatus(...)  returns 0x00 (0000ms, 0677ms total)
02-00000000-00-00026649-0049: T2784 026:655 JLINK_GetHWStatus(...)  returns 0x00 (0000ms, 0677ms total)
02-00000000-00-00028853-0049: T2784 028:859 JLINK_GetHWStatus(...)  returns 0x00 (0000ms, 0677ms total)
02-00000000-00-00031058-0049: T2784 031:064 JLINK_GetHWStatus(...)  returns 0x00 (0000ms, 0677ms total)
02-00000000-00-00033261-0049: T2784 033:267 JLINK_GetHWStatus(...)  returns 0x00 (0000ms, 0677ms total)
02-00000000-00-00035466-0049: T2784 035:472 JLINK_GetHWStatus(...)  returns 0x00 (0000ms, 0677ms total)
02-00000000-00-00037669-0049: T2784 037:675 JLINK_GetHWStatus(...)  returns 0x00 (0000ms, 0677ms total)
02-00000000-00-00039873-0049: T2784 039:879 JLINK_GetHWStatus(...)  returns 0x00 (0000ms, 0677ms total)
02-00000000-00-00042077-0049: T2784 042:083 JLINK_GetHWStatus(...)  returns 0x00 (0000ms, 0677ms total)
02-00000000-00-00044284-0049: T2784 044:290 JLINK_GetHWStatus(...)  returns 0x00 (0000ms, 0677ms total)
02-00000000-00-00046487-0049: T2784 046:493 JLINK_GetHWStatus(...)  returns 0x00 (0000ms, 0677ms total)
02-00000000-00-00048691-0049: T2784 048:697 JLINK_GetHWStatus(...)  returns 0x00 (0000ms, 0677ms total)
02-00000000-00-00050895-0049: T2784 050:901 JLINK_GetHWStatus(...)  returns 0x00 (0000ms, 0677ms total)
00-0000035C-00-00052046-0005: $k#6b
03-00000000-00-00052046-001C: GDB closed TCP/IP connection
