SEGGER J-Link GDB Server V4.98c LogFile
Logging started @ 2016-07-22 15:14
03-00000000-00-00000000-0023: -----GDB Server start settings-----
03-00000000-00-00000000-0023: GDBInit file:                  none
03-00000000-00-00000000-0023: GDB Server Listening port:     2331
03-00000000-00-00000000-0023: SWO raw output listening port: 2332
03-00000000-00-00000000-0023: Terminal I/O port:             2333
03-00000000-00-00000000-002D: Accept remote connection:      localhost only
03-00000000-00-00000000-0021: Generate logfile:              on
03-00000000-00-00000000-0022: Verify download:               off
03-00000000-00-00000000-0022: Init regs on start:            off
03-00000000-00-00000000-0021: Silent mode:                   on
03-00000000-00-00000000-0021: Single run mode:               on
03-00000000-00-00000000-0023: Target connection timeout:     0 ms
03-00000000-00-00000001-0023: ------J-Link related settings------
03-00000000-00-00000001-0022: J-Link Host interface:         USB
03-00000000-00-00000001-0023: J-Link script:                 none
03-00000000-00-00000001-0023: J-Link settings file:          none
03-00000000-00-00000001-0023: ------Target related settings------
03-00000000-00-00000001-0028: Target device:                 Cortex-M0
03-00000000-00-00000001-0022: Target interface:              SWD
03-00000000-00-00000001-0023: Target interface speed:        0kHz
03-00000000-00-00000001-0025: Target endian:                 little
03-00000000-00-00000001-0017: Connecting to J-Link...
02-00000000-00-00000006-003D: Firmware: J-Link OB-SAM3U128 V3 compiled Jul  5 2016 08:42:14
02-00000000-00-00000006-000F: Hardware: V3.00
02-00000000-00-00000006-000E: S/N: 483000828
02-00000000-00-00000279-0034: Feature(s): RDI  returns O.K. (0278ms, 0278ms total)
03-00000000-00-00000279-0014: J-Link is connected.
02-00000000-00-00000279-005F: T3028 000:280 JLINK_ExecCommand("device = Cortex-M0", ...)  returns 0x00 (0000ms, 0278ms total)
02-00000000-00-00000280-0068: T3028 000:280 JLINK_ExecCommand("SetFlashRewriteBehavior = 1", ...)  returns 0x00 (0000ms, 0279ms total)
02-00000000-00-00000280-0041: T3028 000:281 JLINK_GetFirmwareString(...) (0000ms, 0279ms total)
03-00000000-00-00000280-003D: Firmware: J-Link OB-SAM3U128 V3 compiled Jul  5 2016 08:42:14
02-00000000-00-00000280-004F: T3028 000:281 JLINK_GetHardwareVersion()  returns 0x7530 (0000ms, 0279ms total)
03-00000000-00-00000280-000F: Hardware: V3.00
03-00000000-00-00000280-000E: S/N: 483000828
03-00000000-00-00000280-000F: Feature(s): RDI
02-00000000-00-00000281-0049: T3028 000:281 JLINK_GetHWStatus(...)  returns 0x00 (0001ms, 0280ms total)
02-00000000-00-00000281-003C: T3028 000:282 JLINK_EnableSoftBPs(ON) (0000ms, 0280ms total)
03-00000000-00-00000281-001A: Checking target voltage...
03-00000000-00-00000281-0016: Target voltage: 3.30 V
03-00000000-00-00000281-001D: Listening on TCP/IP port 2331
03-00000000-00-00000281-0017: Connecting to target...
02-00000000-00-00000281-0035: T3028 000:282 JLINK_ClrError() (0000ms, 0280ms total)
02-00000000-00-00000281-0049: T3028 000:282 JLINK_GetHWStatus(...)  returns 0x00 (0000ms, 0280ms total)
02-00000000-00-00000283-0055: T3028 000:283 JLINK_TIF_Select(JLINKARM_TIF_SWD)  returns 0x00 (0001ms, 0282ms total)
02-00000000-00-00000316-01F7: T3028 000:285 JLINK_SetSpeed(0) >0x108 TIF>Found SWD-DP with ID 0x0BB11477 >0x0D TIF> >0x21 TIF> >0x0D TIF> >0x28 TIF> >0x0D TIF> >0x28 TIF> >0x0D TIF> >0x21 TIF> >0x0D TIF> >0x28 TIF> >0x0D TIF> >0x21 TIF> >0x0D TIF> >0x21 TIF> >0x0D TIF> >0x21 TIF> >0x0D TIF> >0x21 TIF> >0x0D TIF> >0x28 TIF> >0x0D TIF> >0x28 TIF> >0x0D TIF> >0x21 TIF> >0x0D TIF> >0x28 TIF> >0x0D TIF> >0x28 TIF> >0x0D TIF> >0x28 TIF> >0x0D TIF> >0x21 TIF> >0x0D TIF> >0x21 TIF> >0x0D TIF> >0x28 TIF> >0x0D TIF> >0x21 TIF> >0x0D TIF>
02-00000000-00-00000340-01E3:  >0x21 TIF> -- CPU_WriteMem(4 bytes @ 0xE0002000) -- CPU_ReadMem(4 bytes @ 0xE000EDF0) -- CPU_ReadMem(4 bytes @ 0xE0002000) -- CPU_ReadMem(4 bytes @ 0xE000EDFC) -- CPU_ReadMem(4 bytes @ 0xE0001000) -- CPU_WriteMem(4 bytes @ 0xE0001000)CoreSight components:ROMTbl 0 @ E00FF000 -- CPU_ReadMem(16 bytes @ 0xE00FF000) -- CPU_ReadMem(16 bytes @ 0xE000EFF0) -- CPU_ReadMem(16 bytes @ 0xE000EFE0)ROMTbl 0 [0]: FFF0F000, CID: B105E00D, PID: 000BB008 SCS -- CPU_ReadMem(16 bytes @ 0xE0001FF0)
02-00000000-00-00000348-00F9:  -- CPU_ReadMem(16 bytes @ 0xE0001FE0)ROMTbl 0 [1]: FFF02000, CID: B105E00D, PID: 000BB00A DWT -- CPU_ReadMem(16 bytes @ 0xE0002FF0) -- CPU_ReadMem(16 bytes @ 0xE0002FE0)ROMTbl 0 [2]: FFF03000, CID: B105E00D, PID: 000BB00B FPB (0064ms, 0347ms total)
02-00000000-00-00000348-0044: T3028 000:349 JLINK_GetSpeed()  returns 0x7D0 (0000ms, 0347ms total)
02-00000000-00-00000348-0077: T3028 000:349 JLINK_SetResetType(JLINKARM_RESET_TYPE_NORMAL)  returns JLINKARM_RESET_TYPE_NORMAL (0000ms, 0347ms total)
02-00000000-00-00000348-003B: T3028 000:349 JLINK_SetResetDelay(0) (0000ms, 0347ms total)
02-00000000-00-00000348-0055: T3028 000:349 JLINK_SetEndian(ARM_ENDIAN_LITTLE)  returns 0x00 (0000ms, 0347ms total)
02-00000000-00-00000370-01F5: T3028 000:349 JLINK_Connect() >0x108 TIF>Found SWD-DP with ID 0x0BB11477 >0x0D TIF> >0x21 TIF> >0x0D TIF> >0x28 TIF> >0x0D TIF> >0x28 TIF> >0x0D TIF> >0x21 TIF> >0x0D TIF> >0x28 TIF> >0x0D TIF> >0x21 TIF> >0x0D TIF> >0x21 TIF> >0x0D TIF> >0x21 TIF> >0x0D TIF> >0x21 TIF> >0x0D TIF> >0x28 TIF> >0x0D TIF> >0x28 TIF> >0x0D TIF> >0x21 TIF> >0x0D TIF> >0x28 TIF> >0x0D TIF> >0x28 TIF> >0x0D TIF> >0x28 TIF> >0x0D TIF> >0x21 TIF> >0x0D TIF> >0x21 TIF> >0x0D TIF> >0x28 TIF> >0x0D TIF> >0x21 TIF> >0x0D TIF>
02-00000000-00-00000376-01E3:  >0x21 TIF> -- CPU_WriteMem(4 bytes @ 0xE0002000) -- CPU_ReadMem(4 bytes @ 0xE000EDF0) -- CPU_ReadMem(4 bytes @ 0xE0002000) -- CPU_ReadMem(4 bytes @ 0xE000EDFC) -- CPU_ReadMem(4 bytes @ 0xE0001000) -- CPU_WriteMem(4 bytes @ 0xE0001000)CoreSight components:ROMTbl 0 @ E00FF000 -- CPU_ReadMem(16 bytes @ 0xE00FF000) -- CPU_ReadMem(16 bytes @ 0xE000EFF0) -- CPU_ReadMem(16 bytes @ 0xE000EFE0)ROMTbl 0 [0]: FFF0F000, CID: B105E00D, PID: 000BB008 SCS -- CPU_ReadMem(16 bytes @ 0xE0001FF0)
02-00000000-00-00000378-0107:  -- CPU_ReadMem(16 bytes @ 0xE0001FE0)ROMTbl 0 [1]: FFF02000, CID: B105E00D, PID: 000BB00A DWT -- CPU_ReadMem(16 bytes @ 0xE0002FF0) -- CPU_ReadMem(16 bytes @ 0xE0002FE0)ROMTbl 0 [2]: FFF03000, CID: B105E00D, PID: 000BB00B FPB  returns 0x00 (0030ms, 0377ms total)
02-00000000-00-00000379-00A2: T3028 000:379 JLINK_GetIdData(...) >0x0D TIF> >0x21 TIF> ScanLen=4 NumDevices=1 aId[0]=0x0BB11477 aIrRead[0]=0 aScanLen[0]=0 aScanRead[0]=0 (0001ms, 0378ms total)
02-00000000-00-00000379-0047: T3028 000:380 JLINK_GetDeviceFamily()  returns 6 (0000ms, 0378ms total)
02-00000000-00-00000380-0044: T3028 000:380 JLINK_IsHalted()  returns FALSE (0001ms, 0379ms total)
02-00000000-00-00000383-003F: T3028 000:381 JLINK_Halt()  returns 0x00 (0003ms, 0381ms total)
02-00000000-00-00000383-0043: T3028 000:384 JLINK_IsHalted()  returns TRUE (0000ms, 0381ms total)
03-00000000-00-00000383-0013: Connected to target
03-00000000-00-00000383-001D: Waiting for GDB connection...
03-00000000-00-00000482-0016: Connected to 127.0.0.1
00-00000318-00-00000483-001E: $qRcmd,73706565642032303030#24
01-00000318-00-00000483-0001: +
02-00000000-00-00000484-0039: T2A68 000:484 JLINK_SetSpeed(2000) (0001ms, 0382ms total)
02-00000000-00-00000484-0044: T2A68 000:485 JLINK_GetSpeed()  returns 0x7D0 (0000ms, 0382ms total)
01-00000318-00-00000484-0054: $54617267657420696e746572666163652073706565642073657420746f2032303030206b487a0D0A#1f
00-00000318-00-00000484-0001: +
03-00000000-00-00000485-0026: Target interface speed set to 2000 kHz
00-00000318-00-00000485-0014: $qRcmd,636C726270#3D
01-00000318-00-00000485-0001: +
01-00000318-00-00000485-0006: $OK#9a
00-00000318-00-00000485-0019: +$qRcmd,72657365742030#FC
01-00000318-00-00000486-0001: +
02-00000000-00-00000486-0077: T2A68 000:487 JLINK_SetResetType(JLINKARM_RESET_TYPE_NORMAL)  returns JLINKARM_RESET_TYPE_NORMAL (0000ms, 0382ms total)
02-00000000-00-00000486-003E: T2A68 000:487 JLINK_ResetPullsRESET(ON) (0000ms, 0382ms total)
02-00000000-00-00000517-01FB: T2A68 000:487 JLINK_Reset() -- CPU_WriteMem(4 bytes @ 0xE000EDF0) -- CPU_WriteMem(4 bytes @ 0xE000EDFC) >0x35 TIF> -- CPU_WriteMem(4 bytes @ 0xE000ED0C) -- CPU_ReadMem(4 bytes @ 0xE000EDF0) -- CPU_ReadMem(4 bytes @ 0xE000EDF0) -- CPU_WriteMem(4 bytes @ 0xE000EDF0) -- CPU_WriteMem(4 bytes @ 0xE000EDFC) -- CPU is running -- CPU_ReadMem(4 bytes @ 0xE000EDF0) -- CPU_WriteMem(4 bytes @ 0xE0002000) -- CPU_ReadMem(4 bytes @ 0xE000EDFC) -- CPU_ReadMem(4 bytes @ 0xE0001000) -- CPU_WriteMem(4 bytes @ 0xE0001000)
02-00000000-00-00000518-0017:  (0031ms, 0413ms total)
01-00000318-00-00000518-007C: $52657365747320636f72652026207065726970686572616c7320766961205359535245534554524551202620564543545245534554206269742e0D0A#1f
00-00000318-00-00000518-0001: +
03-00000000-00-00000518-003A: Resets core & peripherals via SYSRESETREQ & VECTRESET bit.
00-00000318-00-00000518-0012: $qRcmd,68616C74#DC
01-00000318-00-00000518-0001: +
03-00000000-00-00000518-0015: Halting target CPU...
02-00000000-00-00000518-003F: T2A68 000:519 JLINK_Halt()  returns 0x00 (0000ms, 0414ms total)
02-00000000-00-00000518-0043: T2A68 000:519 JLINK_IsHalted()  returns TRUE (0000ms, 0414ms total)
02-00000000-00-00000518-0050: T2A68 000:519 JLINK_ReadReg(R15 (PC))  returns 0x08000348 (0000ms, 0414ms total)
03-00000000-00-00000518-0022: ...Target halted (PC = 0x08000348)
01-00000318-00-00000518-0006: $OK#9a
00-00000318-00-00000518-0001: +
00-00000318-01-00000518-0014: 245834303063333035302c343a01000000234232
01-00000318-00-00000518-0001: +
03-00000000-00-00000518-0028: Downloading 4 bytes @ address 0x400C3050
02-00000000-00-00000520-009A: T2A68 000:519 JLINK_WriteMem(0x400C3050, 0x0004 Bytes, ...) - Data: 01 00 00 00 -- CPU_WriteMem(4 bytes @ 0x400C3050)  returns 0x04 (0002ms, 0416ms total)
01-00000318-00-00000520-0006: $OK#9a
00-00000318-00-00000520-0001: +
00-00000318-00-00001521-0018: $qRcmd,72657365742030#FC
01-00000318-00-00001521-0001: +
02-00000000-00-00001521-0077: T2A68 001:522 JLINK_SetResetType(JLINKARM_RESET_TYPE_NORMAL)  returns JLINKARM_RESET_TYPE_NORMAL (0000ms, 0416ms total)
02-00000000-00-00001521-003E: T2A68 001:522 JLINK_ResetPullsRESET(ON) (0000ms, 0416ms total)
02-00000000-00-00001539-01F0: T2A68 001:522 JLINK_Reset() -- CPU_WriteMem(4 bytes @ 0xE000EDF0) -- CPU_WriteMem(4 bytes @ 0xE000EDFC) >0x35 TIF> -- CPU_WriteMem(4 bytes @ 0xE000ED0C) -- CPU_ReadMem(4 bytes @ 0xE000EDF0) >0x108 TIF>Found SWD-DP with ID 0x0BB11477 >0x0D TIF> >0x21 TIF> >0x0D TIF> >0x28 TIF> >0x0D TIF> >0x28 TIF> >0x0D TIF> >0x21 TIF> >0x0D TIF> >0x28 TIF> >0x0D TIF> >0x28 TIF> >0x0D TIF> >0x28 TIF> >0x0D TIF> >0x21 TIF> >0x0D TIF> >0x21 TIF> >0x0D TIF> >0x28 TIF> >0x0D TIF> >0x21 TIF> >0x0D TIF> >0x21 TIF>
02-00000000-00-00001561-01F7:  -- CPU_WriteMem(4 bytes @ 0xE000EDF0) -- CPU_WriteMem(4 bytes @ 0xE000EDFC) >0x35 TIF> -- CPU_WriteMem(4 bytes @ 0xE000ED0C) -- CPU_ReadMem(4 bytes @ 0xE000EDF0) -- CPU_ReadMem(4 bytes @ 0xE000EDF0) -- CPU_WriteMem(4 bytes @ 0xE000EDF0) -- CPU_WriteMem(4 bytes @ 0xE000EDFC) -- CPU is running -- CPU_ReadMem(4 bytes @ 0xE000EDF0) -- CPU_WriteMem(4 bytes @ 0xE0002000) -- CPU_ReadMem(4 bytes @ 0xE000EDFC) -- CPU_ReadMem(4 bytes @ 0xE0001000) -- CPU_WriteMem(4 bytes @ 0xE0001000) (0040ms, 0456ms total)
01-00000318-00-00001561-007C: $52657365747320636f72652026207065726970686572616c7320766961205359535245534554524551202620564543545245534554206269742e0D0A#1f
00-00000318-00-00001562-0001: +
03-00000000-00-00001562-003A: Resets core & peripherals via SYSRESETREQ & VECTRESET bit.
00-00000318-01-00001562-0012: 245835303030303031322c323aab00233233
01-00000318-00-00001562-0001: +
03-00000000-00-00001563-0028: Downloading 2 bytes @ address 0x50000012
02-00000000-00-00001563-0094: T2A68 001:564 JLINK_WriteMem(0x50000012, 0x0002 Bytes, ...) - Data: AB 00 -- CPU_WriteMem(2 bytes @ 0x50000012)  returns 0x02 (0000ms, 0456ms total)
01-00000318-00-00001564-0006: $OK#9a
00-00000318-00-00001564-0001: +
00-00000318-00-00001576-008C: $qRcmd,6C6F616462696E20433A5C55736572735C6D696B6577616E675C417070446174615C4C6F63616C5C54656D705C334230412E746D702C2030783030303030303030#C0
01-00000318-00-00001576-0001: +
03-00000000-00-00001577-0047: Loading binary file [C:\Users\mikewang\AppData\Local\Temp\3B0A.tmp] ...
03-00000000-00-00001577-002C: Downloading 14080 bytes @ address 0x00000000
02-00000000-00-00001681-00C8: T2A68 001:578 JLINK_WriteMem(0x00000000, 0x3700 Bytes, ...) - Data: 00 FC 00 00 99 03 00 00 11 04 00 00 11 04 00 00 ... -- CPU_WriteMem(14080 bytes @ 0x00000000)  returns 0x3700 (0104ms, 0561ms total)
01-00000318-00-00001681-0078: $42696e6172792066696c65206c6f61646564207375636365737366756c6c792028313430383020627974657320646f776e6c6f61646564290D0A#cf
00-00000318-00-00001681-0001: +
03-00000000-00-00001681-0038: Binary file loaded successfully (14080 bytes downloaded)
00-00000318-00-00001681-0018: $qRcmd,72657365742030#FC
01-00000318-00-00001681-0001: +
02-00000000-00-00001681-0077: T2A68 001:682 JLINK_SetResetType(JLINKARM_RESET_TYPE_NORMAL)  returns JLINKARM_RESET_TYPE_NORMAL (0000ms, 0561ms total)
02-00000000-00-00001681-003E: T2A68 001:682 JLINK_ResetPullsRESET(ON) (0000ms, 0561ms total)
02-00000000-00-00001706-01FB: T2A68 001:682 JLINK_Reset() -- CPU_ReadMem(4 bytes @ 0x00000000) -- CPU_WriteMem(4 bytes @ 0x00000000) -- CPU_WriteMem(4 bytes @ 0xE000EDF0) -- CPU_WriteMem(4 bytes @ 0xE000EDFC) >0x35 TIF> -- CPU_WriteMem(4 bytes @ 0xE000ED0C) -- CPU_ReadMem(4 bytes @ 0xE000EDF0) -- CPU_ReadMem(4 bytes @ 0xE000EDF0) -- CPU_WriteMem(4 bytes @ 0xE000EDF0) -- CPU_WriteMem(4 bytes @ 0xE000EDFC) -- CPU is running -- CPU_ReadMem(4 bytes @ 0xE000EDF0) -- CPU_WriteMem(4 bytes @ 0xE0002000) -- CPU_ReadMem(4 bytes @ 0xE000EDFC)
02-00000000-00-00001707-0062:  -- CPU_ReadMem(4 bytes @ 0xE0001000) -- CPU_WriteMem(4 bytes @ 0xE0001000) (0026ms, 0587ms total)
01-00000318-00-00001707-007C: $52657365747320636f72652026207065726970686572616c7320766961205359535245534554524551202620564543545245534554206269742e0D0A#1f
00-00000318-00-00001707-0001: +
03-00000000-00-00001707-003A: Resets core & peripherals via SYSRESETREQ & VECTRESET bit.
00-00000318-00-00001707-0012: $qRcmd,68616C74#DC
01-00000318-00-00001707-0001: +
03-00000000-00-00001707-0015: Halting target CPU...
02-00000000-00-00001707-003F: T2A68 001:708 JLINK_Halt()  returns 0x00 (0000ms, 0587ms total)
02-00000000-00-00001707-0043: T2A68 001:708 JLINK_IsHalted()  returns TRUE (0000ms, 0587ms total)
02-00000000-00-00001707-0050: T2A68 001:708 JLINK_ReadReg(R15 (PC))  returns 0x00000398 (0000ms, 0587ms total)
03-00000000-00-00001707-0022: ...Target halted (PC = 0x00000398)
01-00000318-00-00001707-0006: $OK#9a
00-00000318-00-00001707-0001: +
00-00000318-01-00001707-000C: 24583231382c313a01233842
01-00000318-00-00001707-0001: +
03-00000000-00-00001707-0028: Downloading 1 bytes @ address 0x00000218
02-00000000-00-00001708-0091: T2A68 001:708 JLINK_WriteMem(0x00000218, 0x0001 Bytes, ...) - Data: 01 -- CPU_WriteMem(1 bytes @ 0x00000218)  returns 0x01 (0001ms, 0588ms total)
01-00000318-00-00001708-0006: $OK#9a
00-00000318-00-00001708-0001: +
00-00000318-00-00001708-0005: $s#73
01-00000318-00-00001708-0001: +
03-00000000-00-00001708-0019: Performing single step...
02-00000000-00-00001715-009B: T2A68 001:709 JLINK_Step() -- CPU_ReadMem(2 bytes @ 0x00000398) -- Not simulated -- CPU_WriteMem(4 bytes @ 0xE0001004)  returns 0x00 (0007ms, 0595ms total)
02-00000000-00-00001715-0043: T2A68 001:716 JLINK_IsHalted()  returns TRUE (0000ms, 0595ms total)
02-00000000-00-00001715-0050: T2A68 001:716 JLINK_ReadReg(R15 (PC))  returns 0x0000039A (0000ms, 0595ms total)
02-00000000-00-00001715-0058: T2A68 001:716 JLINK_FindBP(Addr = 0x0000039A)  returns 0x00000000 (0000ms, 0595ms total)
02-00000000-00-00001715-0044: T2A68 001:716 JLINK_GetNumWPs()  returns 0x00 (0000ms, 0595ms total)
03-00000000-00-00001715-0022: ...Target halted (PC = 0x0000039A)
01-00000318-00-00001715-0007: $T05#b9
00-00000318-00-00001715-0001: +
00-00000318-00-00001715-0005: $c#63
01-00000318-00-00001715-0001: +
03-00000000-00-00001715-0016: Starting target CPU...
02-00000000-00-00001715-0043: T2A68 001:716 JLINK_IsHalted()  returns TRUE (0000ms, 0595ms total)
02-00000000-00-00001717-009B: T2A68 001:716 JLINK_GoEx(MaxEmulInsts = -1, Flags = 0x00) -- CPU_ReadMem(4 bytes @ 0xE0001000) -- CPU_WriteMem(4 bytes @ 0xE0001000) (0002ms, 0597ms total)
02-00000000-00-00001722-0044: T2A68 001:718 JLINK_IsHalted()  returns ERROR (0005ms, 0602ms total)
02-00000000-00-00001725-0037: T2A68 001:723 JLINK_ReadReg(R15 (PC)) -- CPU is running
02-00000000-00-00001725-006D:   ***** Error: Can not read register 15 (R15) while CPU is running  returns 0x00000000 (0003ms, 0600ms total)
03-00000000-00-00001725-003A: ERROR: Can not read register 15 (R15) while CPU is running
02-00000000-00-00001725-0058: T2A68 001:726 JLINK_FindBP(Addr = 0x00000000)  returns 0x00000000 (0000ms, 0600ms total)
02-00000000-00-00001725-0044: T2A68 001:726 JLINK_GetNumWPs()  returns 0x00 (0000ms, 0600ms total)
03-00000000-00-00001725-0022: ...Target halted (PC = 0x00000000)
01-00000318-00-00001725-0007: $T05#b9
00-00000318-00-00001725-0001: +
00-00000318-01-00001746-000E: 2458343734632c323a010c234646
01-00000318-00-00001746-0001: +
03-00000000-00-00001746-0028: Downloading 2 bytes @ address 0x0000474C
02-00000000-00-00001747-00AC: T2A68 001:747 JLINK_WriteMem(0x0000474C, 0x0002 Bytes, ...) - Data: 01 0C -- CPU is running -- CPU_WriteMem(2 bytes @ 0x0000474C)  returns 0xFFFFFFFF (0001ms, 0601ms total)
01-00000318-00-00001747-0006: $OK#9a
00-00000318-00-00001747-0001: +
00-00000318-01-00001747-000F: 24583231632c343a01000000234239
01-00000318-00-00001747-0001: +
03-00000000-00-00001747-0028: Downloading 4 bytes @ address 0x0000021C
02-00000000-00-00001748-00B2: T2A68 001:748 JLINK_WriteMem(0x0000021C, 0x0004 Bytes, ...) - Data: 01 00 00 00 -- CPU is running -- CPU_WriteMem(4 bytes @ 0x0000021C)  returns 0xFFFFFFFF (0001ms, 0602ms total)
01-00000318-00-00001748-0006: $OK#9a
00-00000318-00-00001748-0001: +
00-00000318-00-00001748-0005: $s#73
01-00000318-00-00001748-0001: +
03-00000000-00-00001748-0019: Performing single step...
02-00000000-00-00001749-001A: T2A68 001:749 JLINK_Step()
02-00000000-00-00001749-0045:   ***** Error: CPU is not halted  returns 0x01 (0001ms, 0603ms total)
03-00000000-00-00001749-0018: ERROR: CPU is not halted
02-00000000-00-00001750-0044: T2A68 001:750 JLINK_IsHalted()  returns ERROR (0001ms, 0604ms total)
02-00000000-00-00001751-0037: T2A68 001:751 JLINK_ReadReg(R15 (PC)) -- CPU is running
02-00000000-00-00001751-006D:   ***** Error: Can not read register 15 (R15) while CPU is running  returns 0x00000000 (0001ms, 0604ms total)
03-00000000-00-00001751-003A: ERROR: Can not read register 15 (R15) while CPU is running
02-00000000-00-00001751-0058: T2A68 001:752 JLINK_FindBP(Addr = 0x00000000)  returns 0x00000000 (0000ms, 0604ms total)
02-00000000-00-00001751-0044: T2A68 001:752 JLINK_GetNumWPs()  returns 0x00 (0000ms, 0604ms total)
03-00000000-00-00001751-0022: ...Target halted (PC = 0x00000000)
01-00000318-00-00001751-0007: $T05#b9
00-00000318-00-00001751-0001: +
00-00000318-00-00001751-0005: $c#63
01-00000318-00-00001751-0001: +
03-00000000-00-00001751-0016: Starting target CPU...
02-00000000-00-00001752-0044: T2A68 001:752 JLINK_IsHalted()  returns ERROR (0001ms, 0605ms total)
02-00000000-00-00001754-0039: T2A68 001:753 JLINK_GoEx(MaxEmulInsts = -1, Flags = 0x00)
02-00000000-00-00001754-0037:   ***** Error: CPU is not halted (0002ms, 0606ms total)
03-00000000-00-00001754-0018: ERROR: CPU is not halted
02-00000000-00-00001755-0044: T2A68 001:755 JLINK_IsHalted()  returns ERROR (0001ms, 0607ms total)
02-00000000-00-00001757-0037: T2A68 001:756 JLINK_ReadReg(R15 (PC)) -- CPU is running
02-00000000-00-00001757-006D:   ***** Error: Can not read register 15 (R15) while CPU is running  returns 0x00000000 (0002ms, 0608ms total)
03-00000000-00-00001757-003A: ERROR: Can not read register 15 (R15) while CPU is running
02-00000000-00-00001757-0058: T2A68 001:758 JLINK_FindBP(Addr = 0x00000000)  returns 0x00000000 (0000ms, 0608ms total)
02-00000000-00-00001757-0044: T2A68 001:758 JLINK_GetNumWPs()  returns 0x00 (0000ms, 0608ms total)
03-00000000-00-00001757-0022: ...Target halted (PC = 0x00000000)
01-00000318-00-00001757-0007: $T05#b9
00-00000318-00-00001757-0001: +
03-00000000-00-00001757-001C: GDB closed TCP/IP connection
03-00000000-00-00001971-0037: Restoring target state and closing J-Link connection...
02-00000000-00-00001971-0041: T3028 001:972 JLINK_IsOpen()  returns 0x01 (0000ms, 0608ms total)
02-00000000-00-00001971-0056: T3028 001:972 JLINK_ExecCommand("ClrAllBPs", ...)  returns 0x00 (0000ms, 0608ms total)
