SEGGER J-Link GDB Server V4.98c LogFile
Logging started @ 2016-07-21 21:53
03-00000000-00-00000000-0038: WARNING: Unknown command line parameter singlerun found.
03-00000000-00-00000002-0023: -----GDB Server start settings-----
03-00000000-00-00000002-0023: GDBInit file:                  none
03-00000000-00-00000002-0023: GDB Server Listening port:     2331
03-00000000-00-00000002-0023: SWO raw output listening port: 2332
03-00000000-00-00000002-0023: Terminal I/O port:             2333
03-00000000-00-00000002-002D: Accept remote connection:      localhost only
03-00000000-00-00000002-0021: Generate logfile:              on
03-00000000-00-00000002-0021: Verify download:               on
03-00000000-00-00000002-0021: Init regs on start:            on
03-00000000-00-00000002-0022: Silent mode:                   off
03-00000000-00-00000002-0022: Single run mode:               off
03-00000000-00-00000002-0023: Target connection timeout:     0 ms
03-00000000-00-00000003-0023: ------J-Link related settings------
03-00000000-00-00000003-0022: J-Link Host interface:         USB
03-00000000-00-00000003-0023: J-Link script:                 none
03-00000000-00-00000003-0023: J-Link settings file:          none
03-00000000-00-00000003-0023: ------Target related settings------
03-00000000-00-00000003-0028: Target device:                 Cortex-M0
03-00000000-00-00000003-0022: Target interface:              SWD
03-00000000-00-00000003-0023: Target interface speed:        0kHz
03-00000000-00-00000003-0025: Target endian:                 little
03-00000000-00-00000004-0017: Connecting to J-Link...
02-00000000-00-00000009-003D: Firmware: J-Link OB-SAM3U128 V3 compiled Jul  5 2016 08:42:14
02-00000000-00-00000009-000F: Hardware: V3.00
02-00000000-00-00000009-000E: S/N: 483000828
02-00000000-00-00000271-0034: Feature(s): RDI  returns O.K. (0267ms, 0267ms total)
03-00000000-00-00000271-0014: J-Link is connected.
02-00000000-00-00000272-005F: T1EA0 000:272 JLINK_ExecCommand("device = Cortex-M0", ...)  returns 0x00 (0001ms, 0268ms total)
02-00000000-00-00000272-0068: T1EA0 000:273 JLINK_ExecCommand("SetFlashRewriteBehavior = 1", ...)  returns 0x00 (0000ms, 0268ms total)
02-00000000-00-00000272-0041: T1EA0 000:273 JLINK_GetFirmwareString(...) (0000ms, 0268ms total)
03-00000000-00-00000272-003D: Firmware: J-Link OB-SAM3U128 V3 compiled Jul  5 2016 08:42:14
02-00000000-00-00000272-004F: T1EA0 000:273 JLINK_GetHardwareVersion()  returns 0x7530 (0000ms, 0268ms total)
03-00000000-00-00000273-000F: Hardware: V3.00
03-00000000-00-00000273-000E: S/N: 483000828
03-00000000-00-00000273-000F: Feature(s): RDI
02-00000000-00-00000274-0049: T1EA0 000:274 JLINK_GetHWStatus(...)  returns 0x00 (0001ms, 0269ms total)
02-00000000-00-00000274-003C: T1EA0 000:275 JLINK_EnableSoftBPs(ON) (0000ms, 0269ms total)
03-00000000-00-00000274-001A: Checking target voltage...
03-00000000-00-00000274-0016: Target voltage: 3.30 V
03-00000000-00-00000275-001D: Listening on TCP/IP port 2331
03-00000000-00-00000275-0017: Connecting to target...
02-00000000-00-00000275-0035: T1EA0 000:276 JLINK_ClrError() (0000ms, 0269ms total)
02-00000000-00-00000275-0049: T1EA0 000:276 JLINK_GetHWStatus(...)  returns 0x00 (0000ms, 0269ms total)
02-00000000-00-00000277-0055: T1EA0 000:276 JLINK_TIF_Select(JLINKARM_TIF_SWD)  returns 0x00 (0002ms, 0271ms total)
02-00000000-00-00000308-01F7: T1EA0 000:278 JLINK_SetSpeed(0) >0x108 TIF>Found SWD-DP with ID 0x0BB11477 >0x0D TIF> >0x21 TIF> >0x0D TIF> >0x28 TIF> >0x0D TIF> >0x28 TIF> >0x0D TIF> >0x21 TIF> >0x0D TIF> >0x28 TIF> >0x0D TIF> >0x21 TIF> >0x0D TIF> >0x21 TIF> >0x0D TIF> >0x21 TIF> >0x0D TIF> >0x21 TIF> >0x0D TIF> >0x28 TIF> >0x0D TIF> >0x28 TIF> >0x0D TIF> >0x21 TIF> >0x0D TIF> >0x28 TIF> >0x0D TIF> >0x28 TIF> >0x0D TIF> >0x28 TIF> >0x0D TIF> >0x21 TIF> >0x0D TIF> >0x21 TIF> >0x0D TIF> >0x28 TIF> >0x0D TIF> >0x21 TIF> >0x0D TIF>
02-00000000-00-00000333-01D1:  >0x21 TIF> -- CPU_WriteMem(4 bytes @ 0xE0002000) -- CPU_ReadMem(4 bytes @ 0xE000EDF0) -- CPU_WriteMem(4 bytes @ 0xE000EDF0) -- CPU_ReadMem(4 bytes @ 0xE0002000) -- CPU_ReadMem(4 bytes @ 0xE000EDFC) -- CPU_WriteMem(4 bytes @ 0xE000EDFC) -- CPU_ReadMem(4 bytes @ 0xE0001000) -- CPU_WriteMem(4 bytes @ 0xE0001000)CoreSight components:ROMTbl 0 @ E00FF000 -- CPU_ReadMem(16 bytes @ 0xE00FF000) -- CPU_ReadMem(16 bytes @ 0xE000EFF0) -- CPU_ReadMem(16 bytes @ 0xE000EFE0)
02-00000000-00-00000344-0157: ROMTbl 0 [0]: FFF0F000, CID: B105E00D, PID: 000BB008 SCS -- CPU_ReadMem(16 bytes @ 0xE0001FF0) -- CPU_ReadMem(16 bytes @ 0xE0001FE0)ROMTbl 0 [1]: FFF02000, CID: B105E00D, PID: 000BB00A DWT -- CPU_ReadMem(16 bytes @ 0xE0002FF0) -- CPU_ReadMem(16 bytes @ 0xE0002FE0)ROMTbl 0 [2]: FFF03000, CID: B105E00D, PID: 000BB00B FPB (0067ms, 0338ms total)
02-00000000-00-00000344-0044: T1EA0 000:345 JLINK_GetSpeed()  returns 0x7D0 (0000ms, 0338ms total)
02-00000000-00-00000344-0077: T1EA0 000:345 JLINK_SetResetType(JLINKARM_RESET_TYPE_NORMAL)  returns JLINKARM_RESET_TYPE_NORMAL (0000ms, 0338ms total)
02-00000000-00-00000344-003B: T1EA0 000:345 JLINK_SetResetDelay(0) (0000ms, 0338ms total)
02-00000000-00-00000344-0055: T1EA0 000:345 JLINK_SetEndian(ARM_ENDIAN_LITTLE)  returns 0x00 (0000ms, 0338ms total)
02-00000000-00-00000360-01F5: T1EA0 000:345 JLINK_Connect() >0x108 TIF>Found SWD-DP with ID 0x0BB11477 >0x0D TIF> >0x21 TIF> >0x0D TIF> >0x28 TIF> >0x0D TIF> >0x28 TIF> >0x0D TIF> >0x21 TIF> >0x0D TIF> >0x28 TIF> >0x0D TIF> >0x21 TIF> >0x0D TIF> >0x21 TIF> >0x0D TIF> >0x21 TIF> >0x0D TIF> >0x21 TIF> >0x0D TIF> >0x28 TIF> >0x0D TIF> >0x28 TIF> >0x0D TIF> >0x21 TIF> >0x0D TIF> >0x28 TIF> >0x0D TIF> >0x28 TIF> >0x0D TIF> >0x28 TIF> >0x0D TIF> >0x21 TIF> >0x0D TIF> >0x21 TIF> >0x0D TIF> >0x28 TIF> >0x0D TIF> >0x21 TIF> >0x0D TIF>
02-00000000-00-00000368-01E3:  >0x21 TIF> -- CPU_WriteMem(4 bytes @ 0xE0002000) -- CPU_ReadMem(4 bytes @ 0xE000EDF0) -- CPU_ReadMem(4 bytes @ 0xE0002000) -- CPU_ReadMem(4 bytes @ 0xE000EDFC) -- CPU_ReadMem(4 bytes @ 0xE0001000) -- CPU_WriteMem(4 bytes @ 0xE0001000)CoreSight components:ROMTbl 0 @ E00FF000 -- CPU_ReadMem(16 bytes @ 0xE00FF000) -- CPU_ReadMem(16 bytes @ 0xE000EFF0) -- CPU_ReadMem(16 bytes @ 0xE000EFE0)ROMTbl 0 [0]: FFF0F000, CID: B105E00D, PID: 000BB008 SCS -- CPU_ReadMem(16 bytes @ 0xE0001FF0)
02-00000000-00-00000370-0107:  -- CPU_ReadMem(16 bytes @ 0xE0001FE0)ROMTbl 0 [1]: FFF02000, CID: B105E00D, PID: 000BB00A DWT -- CPU_ReadMem(16 bytes @ 0xE0002FF0) -- CPU_ReadMem(16 bytes @ 0xE0002FE0)ROMTbl 0 [2]: FFF03000, CID: B105E00D, PID: 000BB00B FPB  returns 0x00 (0026ms, 0364ms total)
02-00000000-00-00000372-00A2: T1EA0 000:372 JLINK_GetIdData(...) >0x0D TIF> >0x21 TIF> ScanLen=4 NumDevices=1 aId[0]=0x0BB11477 aIrRead[0]=0 aScanLen[0]=0 aScanRead[0]=0 (0001ms, 0366ms total)
02-00000000-00-00000372-0047: T1EA0 000:373 JLINK_GetDeviceFamily()  returns 6 (0000ms, 0366ms total)
02-00000000-00-00000372-0044: T1EA0 000:373 JLINK_IsHalted()  returns FALSE (0000ms, 0366ms total)
02-00000000-00-00000376-003F: T1EA0 000:373 JLINK_Halt()  returns 0x00 (0004ms, 0370ms total)
02-00000000-00-00000376-0043: T1EA0 000:377 JLINK_IsHalted()  returns TRUE (0000ms, 0370ms total)
02-00000000-00-00000376-0051: T1EA0 000:377 JLINK_WriteReg(R0, 0x00000000)  returns 0x00 (0000ms, 0370ms total)
02-00000000-00-00000376-0051: T1EA0 000:377 JLINK_WriteReg(R1, 0x00000000)  returns 0x00 (0000ms, 0370ms total)
02-00000000-00-00000376-0051: T1EA0 000:377 JLINK_WriteReg(R2, 0x00000000)  returns 0x00 (0000ms, 0370ms total)
02-00000000-00-00000376-0051: T1EA0 000:377 JLINK_WriteReg(R3, 0x00000000)  returns 0x00 (0000ms, 0370ms total)
02-00000000-00-00000376-0051: T1EA0 000:377 JLINK_WriteReg(R4, 0x00000000)  returns 0x00 (0000ms, 0370ms total)
02-00000000-00-00000376-0051: T1EA0 000:377 JLINK_WriteReg(R5, 0x00000000)  returns 0x00 (0000ms, 0370ms total)
02-00000000-00-00000376-0051: T1EA0 000:377 JLINK_WriteReg(R6, 0x00000000)  returns 0x00 (0000ms, 0370ms total)
02-00000000-00-00000376-0051: T1EA0 000:377 JLINK_WriteReg(R7, 0x00000000)  returns 0x00 (0000ms, 0370ms total)
02-00000000-00-00000376-0051: T1EA0 000:377 JLINK_WriteReg(R8, 0x00000000)  returns 0x00 (0000ms, 0370ms total)
02-00000000-00-00000376-0051: T1EA0 000:377 JLINK_WriteReg(R9, 0x00000000)  returns 0x00 (0000ms, 0370ms total)
02-00000000-00-00000376-0052: T1EA0 000:377 JLINK_WriteReg(R10, 0x00000000)  returns 0x00 (0000ms, 0370ms total)
02-00000000-00-00000376-0052: T1EA0 000:377 JLINK_WriteReg(R11, 0x00000000)  returns 0x00 (0000ms, 0370ms total)
02-00000000-00-00000376-0052: T1EA0 000:377 JLINK_WriteReg(R12, 0x00000000)  returns 0x00 (0000ms, 0370ms total)
02-00000000-00-00000376-0057: T1EA0 000:377 JLINK_WriteReg(R13 (SP), 0x00000000)  returns 0x00 (0000ms, 0370ms total)
02-00000000-00-00000376-0052: T1EA0 000:377 JLINK_WriteReg(R14, 0x00000000)  returns 0x00 (0000ms, 0370ms total)
02-00000000-00-00000376-0057: T1EA0 000:377 JLINK_WriteReg(R15 (PC), 0x00000000)  returns 0x00 (0000ms, 0370ms total)
02-00000000-00-00000376-0053: T1EA0 000:377 JLINK_WriteReg(XPSR, 0x01000000)  returns 0x00 (0000ms, 0370ms total)
03-00000000-00-00000376-0013: Connected to target
03-00000000-00-00000376-001D: Waiting for GDB connection...
03-00000000-00-00000702-0016: Connected to 127.0.0.1
00-0000034C-00-00000704-0029: +$qSupported:multiprocess+;qRelocInsn+#2a
01-0000034C-00-00000704-0001: +
01-0000034C-00-00000704-0064: $PacketSize=4000;qXfer:memory-map:read-;QStartNoAckMode+;qXfer:threads:read+;qXfer:features:read+#ce
00-0000034C-00-00000704-0001: +
00-0000034C-00-00000704-0013: $QStartNoAckMode#b0
01-0000034C-00-00000704-0001: +
01-0000034C-00-00000705-0006: $OK#9a
00-0000034C-00-00000705-0001: +
00-0000034C-00-00000705-0007: $Hg0#df
01-0000034C-00-00000705-0006: $OK#9a
00-0000034C-00-00000705-0028: $qXfer:features:read:target.xml:0,fff#7d
01-0000034C-00-00000705-07E5: $l<?xml version="1.0"?>
<!-- Copyright (C) 2008 Free Software Foundation, Inc.

     Copying and distribution of this file, with or without modification,
     are permitted in any medium without royalty provided the copyright
     notice and this notice are preserved.  -->

<!DOCTYPE feature SYSTEM "gdb-target.dtd">
<target>
  <architecture>arm</architecture>
<feature name="org.gnu.gdb.arm.m-profile">
    <reg name="r0" bitsize="32" type="uint32" group="general"/>
    <reg name="r1" bitsize="32" type="uint32" group="general"/>
    <reg name="r2" bitsize="32" type="uint32" group="general"/>
    <reg name="r3" bitsize="32" type="uint32" group="general"/>
    <reg name="r4" bitsize="32" type="uint32" group="general"/>
    <reg name="r5" bitsize="32" type="uint32" group="general"/>
    <reg name="r6" bitsize="32" type="uint32" group="general"/>
    <reg name="r7" bitsize="32" type="uint32" group="general"/>
    <reg name="r8" bitsize="32" type="uint32" group="general"/>
    <reg name="r9" bitsize="32" type="uint32" group="general"/>
    <reg name="r10" bitsize="32" type="uint32" group="general"/>
    <reg name="r11" bitsize="32" type="uint32" group="general"/>
    <reg name="r12" bitsize="32" type="uint32" group="general"/>
    <reg name="sp" bitsize="32" type="data_ptr" group="general"/>
    <reg name="lr" bitsize="32" type="uint32" group="general"/>
    <reg name="pc" bitsize="32" type="code_ptr" group="general"/>
    <reg name="xpsr" bitsize="32" regnum="25" type="uint32" group="general"/>
    <reg name="MSP" bitsize="32" regnum="26" type="uint32" group="general"/>
    <reg name="PSP" bitsize="32" regnum="27" type="uint32" group="general"/>
    <reg name="PRIMASK" bitsize="32" regnum="28" type="uint32" group="general"/>
    <reg name="BASEPRI" bitsize="32" regnum="29" type="uint32" group="general"/>
    <reg name="FAULTMASK" bitsize="32" regnum="30" type="uint32" group="general"/>
    <reg name="CONTROL" bitsize="32" regnum="31" type="uint32" group="general"/>
  </feature>
</target>

#3d
00-0000034C-00-00000706-000C: $qTStatus#49
01-0000034C-00-00000706-0004: $#00
00-0000034C-00-00000706-0005: $?#3f
01-0000034C-00-00000706-0007: $S05#b8
00-0000034C-00-00000706-001D: $qXfer:threads:read::0,fff#03
01-0000034C-00-00000706-0005: $l#6c
00-0000034C-00-00000706-0008: $Hc-1#09
01-0000034C-00-00000706-0006: $OK#9a
00-0000034C-00-00000706-0006: $qC#b4
01-0000034C-00-00000706-0004: $#00
00-0000034C-00-00000706-000D: $qAttached#8f
01-0000034C-00-00000706-0004: $#00
00-0000034C-00-00000706-0005: $g#67
03-00000000-00-00000706-0015: Reading all registers
02-00000000-00-00000706-004A: T29A4 000:707 JLINK_ReadReg(R0)  returns 0x00000000 (0000ms, 0370ms total)
02-00000000-00-00000706-004A: T29A4 000:707 JLINK_ReadReg(R1)  returns 0x00000000 (0000ms, 0370ms total)
02-00000000-00-00000706-004A: T29A4 000:707 JLINK_ReadReg(R2)  returns 0x00000000 (0000ms, 0370ms total)
02-00000000-00-00000706-004A: T29A4 000:707 JLINK_ReadReg(R3)  returns 0x00000000 (0000ms, 0370ms total)
02-00000000-00-00000706-004A: T29A4 000:707 JLINK_ReadReg(R4)  returns 0x00000000 (0000ms, 0370ms total)
02-00000000-00-00000706-004A: T29A4 000:707 JLINK_ReadReg(R5)  returns 0x00000000 (0000ms, 0370ms total)
02-00000000-00-00000707-004A: T29A4 000:708 JLINK_ReadReg(R6)  returns 0x00000000 (0000ms, 0370ms total)
02-00000000-00-00000707-004A: T29A4 000:708 JLINK_ReadReg(R7)  returns 0x00000000 (0000ms, 0370ms total)
02-00000000-00-00000707-004A: T29A4 000:708 JLINK_ReadReg(R8)  returns 0x00000000 (0000ms, 0370ms total)
02-00000000-00-00000707-004A: T29A4 000:708 JLINK_ReadReg(R9)  returns 0x00000000 (0000ms, 0370ms total)
02-00000000-00-00000707-004B: T29A4 000:708 JLINK_ReadReg(R10)  returns 0x00000000 (0000ms, 0370ms total)
02-00000000-00-00000707-004B: T29A4 000:708 JLINK_ReadReg(R11)  returns 0x00000000 (0000ms, 0370ms total)
02-00000000-00-00000707-004B: T29A4 000:708 JLINK_ReadReg(R12)  returns 0x00000000 (0000ms, 0370ms total)
02-00000000-00-00000707-0050: T29A4 000:708 JLINK_ReadReg(R13 (SP))  returns 0x00000000 (0000ms, 0370ms total)
02-00000000-00-00000707-004B: T29A4 000:708 JLINK_ReadReg(R14)  returns 0x00000000 (0000ms, 0370ms total)
02-00000000-00-00000707-0050: T29A4 000:708 JLINK_ReadReg(R15 (PC))  returns 0x00000000 (0000ms, 0370ms total)
02-00000000-00-00000707-004C: T29A4 000:708 JLINK_ReadReg(XPSR)  returns 0x01000000 (0000ms, 0370ms total)
02-00000000-00-00000707-004B: T29A4 000:708 JLINK_ReadReg(MSP)  returns 0x00000000 (0000ms, 0370ms total)
02-00000000-00-00000707-004B: T29A4 000:708 JLINK_ReadReg(PSP)  returns 0xFFFFFFFC (0000ms, 0370ms total)
02-00000000-00-00000707-004F: T29A4 000:708 JLINK_ReadReg(PRIMASK)  returns 0x00000001 (0000ms, 0370ms total)
02-00000000-00-00000707-004F: T29A4 000:708 JLINK_ReadReg(BASEPRI)  returns 0x00000000 (0000ms, 0370ms total)
02-00000000-00-00000707-0051: T29A4 000:708 JLINK_ReadReg(FAULTMASK)  returns 0x00000000 (0000ms, 0370ms total)
02-00000000-00-00000707-004F: T29A4 000:708 JLINK_ReadReg(CONTROL)  returns 0x00000000 (0000ms, 0370ms total)
01-0000034C-00-00000707-00BC: $000000000000000000000000000000000000000000000000000000000000000000000000000000000000000000000000000000000000000000000000000000000000000100000000fcffffff01000000000000000000000000000000#2f
00-0000034C-00-00000707-0008: $m0,4#fd
02-00000000-00-00000708-0099: T29A4 000:708 JLINK_ReadMem (0x00000000, 0x0004 Bytes, ...) -- CPU_ReadMem(4 bytes @ 0x00000000) - Data: 00 80 FC 07  returns 0x00 (0001ms, 0371ms total)
03-00000000-00-00000708-0035: Read 4 bytes @ address 0x00000000 (Data = 0x07FC8000)
01-0000034C-00-00000708-000C: $0080fc07#f8
00-0000034C-00-00000853-001A: $qRcmd,7370656564203330#5f
02-00000000-00-00000854-0037: T29A4 000:854 JLINK_SetSpeed(30) (0001ms, 0372ms total)
02-00000000-00-00000854-0043: T29A4 000:855 JLINK_GetSpeed()  returns 0x1E (0000ms, 0372ms total)
01-0000034C-00-00000854-0050: $54617267657420696e746572666163652073706565642073657420746f203330206b487a0D0A#5a
03-00000000-00-00000854-0024: Target interface speed set to 30 kHz
00-0000034C-00-00000854-0014: $qRcmd,636c726270#5d
01-0000034C-00-00000854-0006: $OK#9a
00-0000034C-00-00000855-0018: $qRcmd,72657365742030#fc
02-00000000-00-00000855-0077: T29A4 000:856 JLINK_SetResetType(JLINKARM_RESET_TYPE_NORMAL)  returns JLINKARM_RESET_TYPE_NORMAL (0000ms, 0372ms total)
02-00000000-00-00000855-003E: T29A4 000:856 JLINK_ResetPullsRESET(ON) (0000ms, 0372ms total)
02-00000000-00-00001155-01FB: T29A4 000:856 JLINK_Reset() -- CPU_WriteMem(4 bytes @ 0xE000EDF0) -- CPU_WriteMem(4 bytes @ 0xE000EDFC) >0x35 TIF> -- CPU_WriteMem(4 bytes @ 0xE000ED0C) -- CPU_ReadMem(4 bytes @ 0xE000EDF0) -- CPU_ReadMem(4 bytes @ 0xE000EDF0) -- CPU_WriteMem(4 bytes @ 0xE000EDF0) -- CPU_WriteMem(4 bytes @ 0xE000EDFC) -- CPU is running -- CPU_ReadMem(4 bytes @ 0xE000EDF0) -- CPU_WriteMem(4 bytes @ 0xE0002000) -- CPU_ReadMem(4 bytes @ 0xE000EDFC) -- CPU_ReadMem(4 bytes @ 0xE0001000) -- CPU_WriteMem(4 bytes @ 0xE0001000)
02-00000000-00-00001155-0017:  (0300ms, 0672ms total)
01-0000034C-00-00001155-007C: $52657365747320636f72652026207065726970686572616c7320766961205359535245534554524551202620564543545245534554206269742e0D0A#1f
03-00000000-00-00001155-003A: Resets core & peripherals via SYSRESETREQ & VECTRESET bit.
00-0000034C-00-00001156-0012: $qRcmd,68616c74#fc
03-00000000-00-00001156-0015: Halting target CPU...
02-00000000-00-00001156-003F: T29A4 001:157 JLINK_Halt()  returns 0x00 (0000ms, 0672ms total)
02-00000000-00-00001156-0043: T29A4 001:157 JLINK_IsHalted()  returns TRUE (0000ms, 0672ms total)
02-00000000-00-00001156-0050: T29A4 001:157 JLINK_ReadReg(R15 (PC))  returns 0x08000348 (0000ms, 0672ms total)
03-00000000-00-00001156-0022: ...Target halted (PC = 0x08000348)
01-0000034C-00-00001156-0006: $OK#9a
00-0000034C-00-00001157-0012: $qRcmd,72656773#ce
02-00000000-00-00001157-004F: T29A4 001:158 JLINK_ReadReg(PRIMASK)  returns 0x00000000 (0000ms, 0672ms total)
02-00000000-00-00001157-004F: T29A4 001:158 JLINK_ReadReg(BASEPRI)  returns 0x00000000 (0000ms, 0672ms total)
02-00000000-00-00001157-0051: T29A4 001:158 JLINK_ReadReg(FAULTMASK)  returns 0x00000000 (0000ms, 0672ms total)
02-00000000-00-00001157-004F: T29A4 001:158 JLINK_ReadReg(CONTROL)  returns 0x00000000 (0000ms, 0672ms total)
02-00000000-00-00001157-004C: T29A4 001:158 JLINK_ReadReg(CFBP)  returns 0x00000000 (0000ms, 0672ms total)
02-00000000-00-00001157-004C: T29A4 001:158 JLINK_ReadReg(IPSR)  returns 0x00000000 (0000ms, 0672ms total)
02-00000000-00-00001157-004C: T29A4 001:158 JLINK_ReadReg(EPSR)  returns 0x01000000 (0000ms, 0672ms total)
02-00000000-00-00001157-004C: T29A4 001:158 JLINK_ReadReg(APSR)  returns 0xC0000000 (0000ms, 0672ms total)
02-00000000-00-00001157-004C: T29A4 001:158 JLINK_ReadReg(XPSR)  returns 0xC1000000 (0000ms, 0672ms total)
02-00000000-00-00001157-0050: T29A4 001:158 JLINK_ReadReg(R15 (PC))  returns 0x08000348 (0000ms, 0672ms total)
02-00000000-00-00001157-004B: T29A4 001:158 JLINK_ReadReg(R14)  returns 0xFFFFFFFF (0000ms, 0672ms total)
02-00000000-00-00001157-004B: T29A4 001:158 JLINK_ReadReg(PSP)  returns 0xFFFFFFFC (0000ms, 0672ms total)
02-00000000-00-00001157-004B: T29A4 001:158 JLINK_ReadReg(MSP)  returns 0x07FC8000 (0000ms, 0672ms total)
02-00000000-00-00001157-0050: T29A4 001:158 JLINK_ReadReg(R13 (SP))  returns 0x07FC8000 (0000ms, 0672ms total)
02-00000000-00-00001157-004B: T29A4 001:158 JLINK_ReadReg(R12)  returns 0xFFFFFFFF (0000ms, 0672ms total)
02-00000000-00-00001157-004B: T29A4 001:158 JLINK_ReadReg(R11)  returns 0xFFFFFFFF (0000ms, 0672ms total)
02-00000000-00-00001157-004B: T29A4 001:158 JLINK_ReadReg(R10)  returns 0xFFFFFFFF (0000ms, 0672ms total)
02-00000000-00-00001157-004A: T29A4 001:158 JLINK_ReadReg(R9)  returns 0xFFFFFFFF (0000ms, 0672ms total)
02-00000000-00-00001157-004A: T29A4 001:158 JLINK_ReadReg(R8)  returns 0xFFFFFFFF (0000ms, 0672ms total)
02-00000000-00-00001157-004A: T29A4 001:158 JLINK_ReadReg(R7)  returns 0xFFFFFFFF (0000ms, 0672ms total)
02-00000000-00-00001157-004A: T29A4 001:158 JLINK_ReadReg(R6)  returns 0xFFFFFFFF (0000ms, 0672ms total)
02-00000000-00-00001157-004A: T29A4 001:158 JLINK_ReadReg(R5)  returns 0xFFFFFFFF (0000ms, 0672ms total)
02-00000000-00-00001157-004A: T29A4 001:158 JLINK_ReadReg(R4)  returns 0xFFFFFFFF (0000ms, 0672ms total)
02-00000000-00-00001157-004A: T29A4 001:158 JLINK_ReadReg(R3)  returns 0xFFFFFFFF (0000ms, 0672ms total)
02-00000000-00-00001157-004A: T29A4 001:158 JLINK_ReadReg(R2)  returns 0xFFFFFFFF (0000ms, 0672ms total)
02-00000000-00-00001157-004A: T29A4 001:158 JLINK_ReadReg(R1)  returns 0xFFFFFFFF (0000ms, 0672ms total)
02-00000000-00-00001157-004A: T29A4 001:158 JLINK_ReadReg(R0)  returns 0xFFFFFFFF (0000ms, 0672ms total)
01-0000034C-00-00001157-0322: $5230203d2046464646464646462c205231203d2046464646464646462c205232203d2046464646464646462c205233203d2046464646464646460a5234203d2046464646464646462c205235203d2046464646464646462c205236203d2046464646464646462c205237203d2046464646464646460a5238203d2046464646464646462c205239203d2046464646464646462c205231303d2046464646464646462c205231313d2046464646464646460a5231323d2046464646464646462c205231333d2030374643383030302c204d53503d2030374643383030302c205053503d2046464646464646430a523134284c5229203d2046464646464646462c2052313528504329203d2030383030303334380a585053522043313030303030302c20415053522043303030303030302c20455053522030313030303030302c20495053522030303030303030300a434642502030303030303030302c20434f4e54524f4c2030302c204641554c544d41534b2030302c20424153455052492030302c205052494d41534b2030300D0A#28
03-00000000-00-00001158-003A: R0 = FFFFFFFF, R1 = FFFFFFFF, R2 = FFFFFFFF, R3 = FFFFFFFF
03-00000000-00-00001158-003A: R4 = FFFFFFFF, R5 = FFFFFFFF, R6 = FFFFFFFF, R7 = FFFFFFFF
03-00000000-00-00001158-003A: R8 = FFFFFFFF, R9 = FFFFFFFF, R10= FFFFFFFF, R11= FFFFFFFF
03-00000000-00-00001158-003A: R12= FFFFFFFF, R13= 07FC8000, MSP= 07FC8000, PSP= FFFFFFFC
03-00000000-00-00001158-0026: R14(LR) = FFFFFFFF, R15(PC) = 08000348
03-00000000-00-00001158-003A: XPSR C1000000, APSR C0000000, EPSR 01000000, IPSR 00000000
03-00000000-00-00001158-003F: CFBP 00000000, CONTROL 00, FAULTMASK 00, BASEPRI 00, PRIMASK 00
00-0000034C-00-00001160-0005: $g#67
03-00000000-00-00001160-0015: Reading all registers
02-00000000-00-00001160-004A: T29A4 001:161 JLINK_ReadReg(R0)  returns 0xFFFFFFFF (0000ms, 0672ms total)
02-00000000-00-00001160-004A: T29A4 001:161 JLINK_ReadReg(R1)  returns 0xFFFFFFFF (0000ms, 0672ms total)
02-00000000-00-00001160-004A: T29A4 001:161 JLINK_ReadReg(R2)  returns 0xFFFFFFFF (0000ms, 0672ms total)
02-00000000-00-00001160-004A: T29A4 001:161 JLINK_ReadReg(R3)  returns 0xFFFFFFFF (0000ms, 0672ms total)
02-00000000-00-00001160-004A: T29A4 001:161 JLINK_ReadReg(R4)  returns 0xFFFFFFFF (0000ms, 0672ms total)
02-00000000-00-00001160-004A: T29A4 001:161 JLINK_ReadReg(R5)  returns 0xFFFFFFFF (0000ms, 0672ms total)
02-00000000-00-00001160-004A: T29A4 001:161 JLINK_ReadReg(R6)  returns 0xFFFFFFFF (0000ms, 0672ms total)
02-00000000-00-00001160-004A: T29A4 001:161 JLINK_ReadReg(R7)  returns 0xFFFFFFFF (0000ms, 0672ms total)
02-00000000-00-00001160-004A: T29A4 001:161 JLINK_ReadReg(R8)  returns 0xFFFFFFFF (0000ms, 0672ms total)
02-00000000-00-00001160-004A: T29A4 001:161 JLINK_ReadReg(R9)  returns 0xFFFFFFFF (0000ms, 0672ms total)
02-00000000-00-00001160-004B: T29A4 001:161 JLINK_ReadReg(R10)  returns 0xFFFFFFFF (0000ms, 0672ms total)
02-00000000-00-00001160-004B: T29A4 001:161 JLINK_ReadReg(R11)  returns 0xFFFFFFFF (0000ms, 0672ms total)
02-00000000-00-00001160-004B: T29A4 001:161 JLINK_ReadReg(R12)  returns 0xFFFFFFFF (0000ms, 0672ms total)
02-00000000-00-00001160-0050: T29A4 001:161 JLINK_ReadReg(R13 (SP))  returns 0x07FC8000 (0000ms, 0672ms total)
02-00000000-00-00001160-004B: T29A4 001:161 JLINK_ReadReg(R14)  returns 0xFFFFFFFF (0000ms, 0672ms total)
02-00000000-00-00001160-0050: T29A4 001:161 JLINK_ReadReg(R15 (PC))  returns 0x08000348 (0000ms, 0672ms total)
02-00000000-00-00001160-004C: T29A4 001:161 JLINK_ReadReg(XPSR)  returns 0xC1000000 (0000ms, 0672ms total)
02-00000000-00-00001161-004B: T29A4 001:162 JLINK_ReadReg(MSP)  returns 0x07FC8000 (0000ms, 0673ms total)
02-00000000-00-00001161-004B: T29A4 001:162 JLINK_ReadReg(PSP)  returns 0xFFFFFFFC (0000ms, 0673ms total)
02-00000000-00-00001161-004F: T29A4 001:162 JLINK_ReadReg(PRIMASK)  returns 0x00000000 (0000ms, 0673ms total)
02-00000000-00-00001161-004F: T29A4 001:162 JLINK_ReadReg(BASEPRI)  returns 0x00000000 (0000ms, 0673ms total)
02-00000000-00-00001161-0051: T29A4 001:162 JLINK_ReadReg(FAULTMASK)  returns 0x00000000 (0000ms, 0673ms total)
02-00000000-00-00001161-004F: T29A4 001:162 JLINK_ReadReg(CONTROL)  returns 0x00000000 (0000ms, 0673ms total)
01-0000034C-00-00001161-00BC: $ffffffffffffffffffffffffffffffffffffffffffffffffffffffffffffffffffffffffffffffffffffffffffffffffffffffff0080fc07ffffffff48030008000000c10080fc07fcffffff00000000000000000000000000000000#08
00-0000034C-00-00001161-000E: $m8000348,4#34
02-00000000-00-00001171-0099: T29A4 001:162 JLINK_ReadMem (0x08000348, 0x0004 Bytes, ...) -- CPU_ReadMem(4 bytes @ 0x08000348) - Data: 1B 4C 00 20  returns 0x00 (0010ms, 0683ms total)
03-00000000-00-00001171-0035: Read 4 bytes @ address 0x08000348 (Data = 0x20004C1B)
01-0000034C-00-00001171-000C: $1b4c0020#ec
00-0000034C-00-00001172-001E: $qRcmd,7370656564206175746f#70
02-00000000-00-00001172-0038: T29A4 001:173 JLINK_SetMaxSpeed() (0000ms, 0683ms total)
02-00000000-00-00001172-0044: T29A4 001:173 JLINK_GetSpeed()  returns 0x7D0 (0000ms, 0683ms total)
01-0000034C-00-00001172-0062: $53656c656374206175746f2074617267657420696e74657266616365207370656564202832303030206b487a290D0A#34
03-00000000-00-00001172-002D: Select auto target interface speed (2000 kHz)
00-0000034C-00-00001173-0030: $qRcmd,666c61736820627265616b706f696e74732030#ab
02-00000000-00-00001173-005C: T29A4 001:174 JLINK_ExecCommand("DisableFlashBPs", ...)  returns 0x00 (0000ms, 0683ms total)
01-0000034C-00-00001173-003C: $466c61736820627265616b706f696e74732064697361626c65640D0A#88
03-00000000-00-00001173-001A: Flash breakpoints disabled
00-0000034C-00-00001173-0034: $qRcmd,6d656d5533322030783430304333303530203d2031#12
02-00000000-00-00001174-007F: T29A4 001:174 JLINK_WriteU32(0x400C3050, 0x00000001) -- CPU_WriteMem(4 bytes @ 0x400C3050)  returns 0x00 (0001ms, 0684ms total)
01-0000034C-00-00001174-0056: $57726974696e6720307830303030303030312040206164647265737320307834303043333035300D0A#bf
03-00000000-00-00001174-0027: Writing 0x00000001 @ address 0x400C3050
00-0000034C-00-00001176-001E: $qRcmd,736c6565702031303030#52
01-0000034C-00-00002176-0020: $536c65657020313030306d730D0A#16
03-00000000-00-00002176-000C: Sleep 1000ms
00-0000034C-00-00002177-0018: $qRcmd,72657365742030#fc
02-00000000-00-00002177-0077: T29A4 002:178 JLINK_SetResetType(JLINKARM_RESET_TYPE_NORMAL)  returns JLINKARM_RESET_TYPE_NORMAL (0000ms, 0684ms total)
02-00000000-00-00002177-003E: T29A4 002:178 JLINK_ResetPullsRESET(ON) (0000ms, 0684ms total)
02-00000000-00-00002192-01F0: T29A4 002:178 JLINK_Reset() -- CPU_WriteMem(4 bytes @ 0xE000EDF0) -- CPU_WriteMem(4 bytes @ 0xE000EDFC) >0x35 TIF> -- CPU_WriteMem(4 bytes @ 0xE000ED0C) -- CPU_ReadMem(4 bytes @ 0xE000EDF0) >0x108 TIF>Found SWD-DP with ID 0x0BB11477 >0x0D TIF> >0x21 TIF> >0x0D TIF> >0x28 TIF> >0x0D TIF> >0x28 TIF> >0x0D TIF> >0x21 TIF> >0x0D TIF> >0x28 TIF> >0x0D TIF> >0x28 TIF> >0x0D TIF> >0x28 TIF> >0x0D TIF> >0x21 TIF> >0x0D TIF> >0x21 TIF> >0x0D TIF> >0x28 TIF> >0x0D TIF> >0x21 TIF> >0x0D TIF> >0x21 TIF>
02-00000000-00-00002209-01F7:  -- CPU_WriteMem(4 bytes @ 0xE000EDF0) -- CPU_WriteMem(4 bytes @ 0xE000EDFC) >0x35 TIF> -- CPU_WriteMem(4 bytes @ 0xE000ED0C) -- CPU_ReadMem(4 bytes @ 0xE000EDF0) -- CPU_ReadMem(4 bytes @ 0xE000EDF0) -- CPU_WriteMem(4 bytes @ 0xE000EDF0) -- CPU_WriteMem(4 bytes @ 0xE000EDFC) -- CPU is running -- CPU_ReadMem(4 bytes @ 0xE000EDF0) -- CPU_WriteMem(4 bytes @ 0xE0002000) -- CPU_ReadMem(4 bytes @ 0xE000EDFC) -- CPU_ReadMem(4 bytes @ 0xE0001000) -- CPU_WriteMem(4 bytes @ 0xE0001000) (0032ms, 0716ms total)
01-0000034C-00-00002210-007C: $52657365747320636f72652026207065726970686572616c7320766961205359535245534554524551202620564543545245534554206269742e0D0A#1f
03-00000000-00-00002210-003A: Resets core & peripherals via SYSRESETREQ & VECTRESET bit.
00-0000034C-00-00002242-000D: $qSymbol::#5b
01-0000034C-00-00002242-0004: $#00
02-00000000-00-00002445-0049: T132C 002:444 JLINK_GetHWStatus(...)  returns 0x00 (0002ms, 0719ms total)
00-0000034C-00-00003083-000E: $m8000348,4#34
02-00000000-00-00003084-0099: T29A4 003:084 JLINK_ReadMem (0x08000348, 0x0004 Bytes, ...) -- CPU_ReadMem(4 bytes @ 0x08000348) - Data: 1B 4C 00 20  returns 0x00 (0001ms, 0720ms total)
03-00000000-00-00003084-0035: Read 4 bytes @ address 0x08000348 (Data = 0x20004C1B)
01-0000034C-00-00003084-000C: $1b4c0020#ec
00-0000034C-00-00003178-000E: $m8010048,2#30
02-00000000-00-00003179-0093: T29A4 003:179 JLINK_ReadMem (0x08010048, 0x0002 Bytes, ...) -- CPU_ReadMem(2 bytes @ 0x08010048) - Data: F3 F7  returns 0x00 (0001ms, 0721ms total)
03-00000000-00-00003179-0031: Read 2 bytes @ address 0x08010048 (Data = 0xF7F3)
01-0000034C-00-00003179-0008: $f3f7#36
00-0000034C-00-00003179-000E: $m801004c,2#5b
02-00000000-00-00003180-0093: T29A4 003:180 JLINK_ReadMem (0x0801004C, 0x0002 Bytes, ...) -- CPU_ReadMem(2 bytes @ 0x0801004C) - Data: 06 23  returns 0x00 (0001ms, 0722ms total)
03-00000000-00-00003180-0031: Read 2 bytes @ address 0x0801004C (Data = 0x2306)
01-0000034C-00-00003180-0008: $0623#cb
00-0000034C-00-00003181-000E: $m8010048,2#30
02-00000000-00-00003182-0093: T29A4 003:182 JLINK_ReadMem (0x08010048, 0x0002 Bytes, ...) -- CPU_ReadMem(2 bytes @ 0x08010048) - Data: F3 F7  returns 0x00 (0001ms, 0723ms total)
03-00000000-00-00003182-0031: Read 2 bytes @ address 0x08010048 (Data = 0xF7F3)
01-0000034C-00-00003182-0008: $f3f7#36
00-0000034C-00-00003183-000E: $m8010044,2#2c
02-00000000-00-00003184-0093: T29A4 003:184 JLINK_ReadMem (0x08010044, 0x0002 Bytes, ...) -- CPU_ReadMem(2 bytes @ 0x08010044) - Data: 00 B5  returns 0x00 (0001ms, 0724ms total)
03-00000000-00-00003184-0031: Read 2 bytes @ address 0x08010044 (Data = 0xB500)
01-0000034C-00-00003184-0008: $00b5#f7
00-0000034C-00-00003306-0014: $qRcmd,636c726270#5d
01-0000034C-00-00003306-0006: $OK#9a
00-0000034C-00-00003308-0018: $qRcmd,72657365742030#fc
02-00000000-00-00003309-0077: T29A4 003:310 JLINK_SetResetType(JLINKARM_RESET_TYPE_NORMAL)  returns JLINKARM_RESET_TYPE_NORMAL (0000ms, 0724ms total)
02-00000000-00-00003309-003E: T29A4 003:310 JLINK_ResetPullsRESET(ON) (0000ms, 0724ms total)
02-00000000-00-00003330-01FB: T29A4 003:310 JLINK_Reset() -- CPU_WriteMem(4 bytes @ 0xE000EDF0) -- CPU_WriteMem(4 bytes @ 0xE000EDFC) >0x35 TIF> -- CPU_WriteMem(4 bytes @ 0xE000ED0C) -- CPU_ReadMem(4 bytes @ 0xE000EDF0) -- CPU_ReadMem(4 bytes @ 0xE000EDF0) -- CPU_WriteMem(4 bytes @ 0xE000EDF0) -- CPU_WriteMem(4 bytes @ 0xE000EDFC) -- CPU is running -- CPU_ReadMem(4 bytes @ 0xE000EDF0) -- CPU_WriteMem(4 bytes @ 0xE0002000) -- CPU_ReadMem(4 bytes @ 0xE000EDFC) -- CPU_ReadMem(4 bytes @ 0xE0001000) -- CPU_WriteMem(4 bytes @ 0xE0001000)
02-00000000-00-00003330-0017:  (0021ms, 0745ms total)
01-0000034C-00-00003330-007C: $52657365747320636f72652026207065726970686572616c7320766961205359535245534554524551202620564543545245534554206269742e0D0A#1f
03-00000000-00-00003330-003A: Resets core & peripherals via SYSRESETREQ & VECTRESET bit.
00-0000034C-00-00003331-0012: $qRcmd,68616c74#fc
03-00000000-00-00003331-0015: Halting target CPU...
02-00000000-00-00003331-003F: T29A4 003:332 JLINK_Halt()  returns 0x00 (0000ms, 0745ms total)
02-00000000-00-00003331-0043: T29A4 003:332 JLINK_IsHalted()  returns TRUE (0000ms, 0745ms total)
02-00000000-00-00003331-0050: T29A4 003:332 JLINK_ReadReg(R15 (PC))  returns 0x08000348 (0000ms, 0745ms total)
03-00000000-00-00003331-0022: ...Target halted (PC = 0x08000348)
01-0000034C-00-00003331-0006: $OK#9a
00-0000034C-00-00003333-000E: $m8010048,2#30
02-00000000-00-00003334-0093: T29A4 003:334 JLINK_ReadMem (0x08010048, 0x0002 Bytes, ...) -- CPU_ReadMem(2 bytes @ 0x08010048) - Data: F3 F7  returns 0x00 (0001ms, 0746ms total)
03-00000000-00-00003334-0031: Read 2 bytes @ address 0x08010048 (Data = 0xF7F3)
01-0000034C-00-00003334-0008: $f3f7#36
00-0000034C-00-00003334-000E: $m8010048,2#30
02-00000000-00-00003335-0093: T29A4 003:335 JLINK_ReadMem (0x08010048, 0x0002 Bytes, ...) -- CPU_ReadMem(2 bytes @ 0x08010048) - Data: F3 F7  returns 0x00 (0001ms, 0747ms total)
03-00000000-00-00003335-0031: Read 2 bytes @ address 0x08010048 (Data = 0xF7F3)
01-0000034C-00-00003335-0008: $f3f7#36
00-0000034C-00-00003335-000E: $m8010044,2#2c
02-00000000-00-00003336-0093: T29A4 003:336 JLINK_ReadMem (0x08010044, 0x0002 Bytes, ...) -- CPU_ReadMem(2 bytes @ 0x08010044) - Data: 00 B5  returns 0x00 (0001ms, 0748ms total)
03-00000000-00-00003336-0031: Read 2 bytes @ address 0x08010044 (Data = 0xB500)
01-0000034C-00-00003336-0008: $00b5#f7
00-0000034C-00-00003343-0012: $qRcmd,72656773#ce
02-00000000-00-00003343-004F: T29A4 003:344 JLINK_ReadReg(PRIMASK)  returns 0x00000000 (0000ms, 0748ms total)
02-00000000-00-00003343-004F: T29A4 003:344 JLINK_ReadReg(BASEPRI)  returns 0x00000000 (0000ms, 0748ms total)
02-00000000-00-00003343-0051: T29A4 003:344 JLINK_ReadReg(FAULTMASK)  returns 0x00000000 (0000ms, 0748ms total)
02-00000000-00-00003343-004F: T29A4 003:344 JLINK_ReadReg(CONTROL)  returns 0x00000000 (0000ms, 0748ms total)
02-00000000-00-00003343-004C: T29A4 003:344 JLINK_ReadReg(CFBP)  returns 0x00000000 (0000ms, 0748ms total)
02-00000000-00-00003343-004C: T29A4 003:344 JLINK_ReadReg(IPSR)  returns 0x00000000 (0000ms, 0748ms total)
02-00000000-00-00003343-004C: T29A4 003:344 JLINK_ReadReg(EPSR)  returns 0x01000000 (0000ms, 0748ms total)
02-00000000-00-00003343-004C: T29A4 003:344 JLINK_ReadReg(APSR)  returns 0xC0000000 (0000ms, 0748ms total)
02-00000000-00-00003343-004C: T29A4 003:344 JLINK_ReadReg(XPSR)  returns 0xC1000000 (0000ms, 0748ms total)
02-00000000-00-00003343-0050: T29A4 003:344 JLINK_ReadReg(R15 (PC))  returns 0x08000348 (0000ms, 0748ms total)
02-00000000-00-00003343-004B: T29A4 003:344 JLINK_ReadReg(R14)  returns 0xFFFFFFFF (0000ms, 0748ms total)
02-00000000-00-00003343-004B: T29A4 003:344 JLINK_ReadReg(PSP)  returns 0xFFFFFFFC (0000ms, 0748ms total)
02-00000000-00-00003343-004B: T29A4 003:344 JLINK_ReadReg(MSP)  returns 0x07FC8000 (0000ms, 0748ms total)
02-00000000-00-00003343-0050: T29A4 003:344 JLINK_ReadReg(R13 (SP))  returns 0x07FC8000 (0000ms, 0748ms total)
02-00000000-00-00003343-004B: T29A4 003:344 JLINK_ReadReg(R12)  returns 0xFFFFFFFF (0000ms, 0748ms total)
02-00000000-00-00003343-004B: T29A4 003:344 JLINK_ReadReg(R11)  returns 0xFFFFFFFF (0000ms, 0748ms total)
02-00000000-00-00003343-004B: T29A4 003:344 JLINK_ReadReg(R10)  returns 0xFFFFFFFF (0000ms, 0748ms total)
02-00000000-00-00003343-004A: T29A4 003:344 JLINK_ReadReg(R9)  returns 0xFFFFFFFF (0000ms, 0748ms total)
02-00000000-00-00003343-004A: T29A4 003:344 JLINK_ReadReg(R8)  returns 0xFFFFFFFF (0000ms, 0748ms total)
02-00000000-00-00003343-004A: T29A4 003:344 JLINK_ReadReg(R7)  returns 0xFFFFFFFF (0000ms, 0748ms total)
02-00000000-00-00003343-004A: T29A4 003:344 JLINK_ReadReg(R6)  returns 0xFFFFFFFF (0000ms, 0748ms total)
02-00000000-00-00003343-004A: T29A4 003:344 JLINK_ReadReg(R5)  returns 0xFFFFFFFF (0000ms, 0748ms total)
02-00000000-00-00003343-004A: T29A4 003:344 JLINK_ReadReg(R4)  returns 0xFFFFFFFF (0000ms, 0748ms total)
02-00000000-00-00003343-004A: T29A4 003:344 JLINK_ReadReg(R3)  returns 0xFFFFFFFF (0000ms, 0748ms total)
02-00000000-00-00003343-004A: T29A4 003:344 JLINK_ReadReg(R2)  returns 0xFFFFFFFF (0000ms, 0748ms total)
02-00000000-00-00003343-004A: T29A4 003:344 JLINK_ReadReg(R1)  returns 0xFFFFFFFF (0000ms, 0748ms total)
02-00000000-00-00003343-004A: T29A4 003:344 JLINK_ReadReg(R0)  returns 0xFFFFFFFF (0000ms, 0748ms total)
01-0000034C-00-00003343-0322: $5230203d2046464646464646462c205231203d2046464646464646462c205232203d2046464646464646462c205233203d2046464646464646460a5234203d2046464646464646462c205235203d2046464646464646462c205236203d2046464646464646462c205237203d2046464646464646460a5238203d2046464646464646462c205239203d2046464646464646462c205231303d2046464646464646462c205231313d2046464646464646460a5231323d2046464646464646462c205231333d2030374643383030302c204d53503d2030374643383030302c205053503d2046464646464646430a523134284c5229203d2046464646464646462c2052313528504329203d2030383030303334380a585053522043313030303030302c20415053522043303030303030302c20455053522030313030303030302c20495053522030303030303030300a434642502030303030303030302c20434f4e54524f4c2030302c204641554c544d41534b2030302c20424153455052492030302c205052494d41534b2030300D0A#28
03-00000000-00-00003344-003A: R0 = FFFFFFFF, R1 = FFFFFFFF, R2 = FFFFFFFF, R3 = FFFFFFFF
03-00000000-00-00003344-003A: R4 = FFFFFFFF, R5 = FFFFFFFF, R6 = FFFFFFFF, R7 = FFFFFFFF
03-00000000-00-00003344-003A: R8 = FFFFFFFF, R9 = FFFFFFFF, R10= FFFFFFFF, R11= FFFFFFFF
03-00000000-00-00003344-003A: R12= FFFFFFFF, R13= 07FC8000, MSP= 07FC8000, PSP= FFFFFFFC
03-00000000-00-00003344-0026: R14(LR) = FFFFFFFF, R15(PC) = 08000348
03-00000000-00-00003344-003A: XPSR C1000000, APSR C0000000, EPSR 01000000, IPSR 00000000
03-00000000-00-00003344-003F: CFBP 00000000, CONTROL 00, FAULTMASK 00, BASEPRI 00, PRIMASK 00
00-0000034C-00-00003345-0005: $g#67
03-00000000-00-00003345-0015: Reading all registers
02-00000000-00-00003345-004A: T29A4 003:346 JLINK_ReadReg(R0)  returns 0xFFFFFFFF (0000ms, 0748ms total)
02-00000000-00-00003345-004A: T29A4 003:346 JLINK_ReadReg(R1)  returns 0xFFFFFFFF (0000ms, 0748ms total)
02-00000000-00-00003345-004A: T29A4 003:346 JLINK_ReadReg(R2)  returns 0xFFFFFFFF (0000ms, 0748ms total)
02-00000000-00-00003345-004A: T29A4 003:346 JLINK_ReadReg(R3)  returns 0xFFFFFFFF (0000ms, 0748ms total)
02-00000000-00-00003345-004A: T29A4 003:346 JLINK_ReadReg(R4)  returns 0xFFFFFFFF (0000ms, 0748ms total)
02-00000000-00-00003345-004A: T29A4 003:346 JLINK_ReadReg(R5)  returns 0xFFFFFFFF (0000ms, 0748ms total)
02-00000000-00-00003345-004A: T29A4 003:346 JLINK_ReadReg(R6)  returns 0xFFFFFFFF (0000ms, 0748ms total)
02-00000000-00-00003345-004A: T29A4 003:346 JLINK_ReadReg(R7)  returns 0xFFFFFFFF (0000ms, 0748ms total)
02-00000000-00-00003345-004A: T29A4 003:346 JLINK_ReadReg(R8)  returns 0xFFFFFFFF (0000ms, 0748ms total)
02-00000000-00-00003345-004A: T29A4 003:346 JLINK_ReadReg(R9)  returns 0xFFFFFFFF (0000ms, 0748ms total)
02-00000000-00-00003345-004B: T29A4 003:346 JLINK_ReadReg(R10)  returns 0xFFFFFFFF (0000ms, 0748ms total)
02-00000000-00-00003345-004B: T29A4 003:346 JLINK_ReadReg(R11)  returns 0xFFFFFFFF (0000ms, 0748ms total)
02-00000000-00-00003345-004B: T29A4 003:346 JLINK_ReadReg(R12)  returns 0xFFFFFFFF (0000ms, 0748ms total)
02-00000000-00-00003345-0050: T29A4 003:346 JLINK_ReadReg(R13 (SP))  returns 0x07FC8000 (0000ms, 0748ms total)
02-00000000-00-00003345-004B: T29A4 003:346 JLINK_ReadReg(R14)  returns 0xFFFFFFFF (0000ms, 0748ms total)
02-00000000-00-00003345-0050: T29A4 003:346 JLINK_ReadReg(R15 (PC))  returns 0x08000348 (0000ms, 0748ms total)
02-00000000-00-00003345-004C: T29A4 003:346 JLINK_ReadReg(XPSR)  returns 0xC1000000 (0000ms, 0748ms total)
02-00000000-00-00003345-004B: T29A4 003:346 JLINK_ReadReg(MSP)  returns 0x07FC8000 (0000ms, 0748ms total)
02-00000000-00-00003345-004B: T29A4 003:346 JLINK_ReadReg(PSP)  returns 0xFFFFFFFC (0000ms, 0748ms total)
02-00000000-00-00003345-004F: T29A4 003:346 JLINK_ReadReg(PRIMASK)  returns 0x00000000 (0000ms, 0748ms total)
02-00000000-00-00003345-004F: T29A4 003:346 JLINK_ReadReg(BASEPRI)  returns 0x00000000 (0000ms, 0748ms total)
02-00000000-00-00003345-0051: T29A4 003:346 JLINK_ReadReg(FAULTMASK)  returns 0x00000000 (0000ms, 0748ms total)
02-00000000-00-00003345-004F: T29A4 003:346 JLINK_ReadReg(CONTROL)  returns 0x00000000 (0000ms, 0748ms total)
01-0000034C-00-00003345-00BC: $ffffffffffffffffffffffffffffffffffffffffffffffffffffffffffffffffffffffffffffffffffffffffffffffffffffffff0080fc07ffffffff48030008000000c10080fc07fcffffff00000000000000000000000000000000#08
00-0000034C-00-00003345-000E: $m8000348,4#34
02-00000000-00-00003346-0099: T29A4 003:346 JLINK_ReadMem (0x08000348, 0x0004 Bytes, ...) -- CPU_ReadMem(4 bytes @ 0x08000348) - Data: 1B 4C 00 20  returns 0x00 (0001ms, 0749ms total)
03-00000000-00-00003346-0035: Read 4 bytes @ address 0x08000348 (Data = 0x20004C1B)
01-0000034C-00-00003346-000C: $1b4c0020#ec
00-0000034C-00-00003347-0010: $Z0,8010044,2#75
02-00000000-00-00003347-0066: T29A4 003:348 JLINK_SetBPEx(Addr = 0x08010044, Type = 0x02)  returns 0x00000001 (0000ms, 0749ms total)
03-00000000-00-00003347-0044: Setting breakpoint @ address 0x08010044, Size = 2, BPHandle = 0x0001
01-0000034C-00-00003347-0006: $OK#9a
00-0000034C-00-00003347-000A: $vCont?#49
01-0000034C-00-00003347-0004: $#00
00-0000034C-00-00003347-0007: $Hc0#db
01-0000034C-00-00003347-0006: $OK#9a
00-0000034C-00-00003347-0005: $c#63
03-00000000-00-00003347-0016: Starting target CPU...
02-00000000-00-00003347-0043: T29A4 003:348 JLINK_IsHalted()  returns TRUE (0000ms, 0749ms total)
02-00000000-00-00003351-017F: T29A4 003:348 JLINK_GoEx(MaxEmulInsts = -1, Flags = 0x00) -- CPU_WriteMem(4 bytes @ 0xE0002000) -- CPU_ReadMem(4 bytes @ 0xE0001000) -- CPU_WriteMem(4 bytes @ 0xE0001000) -- CPU_WriteMem(4 bytes @ 0xE0002008) -- CPU_WriteMem(4 bytes @ 0xE000200C) -- CPU_WriteMem(4 bytes @ 0xE0002010) -- CPU_WriteMem(4 bytes @ 0xE0002014) -- CPU_WriteMem(4 bytes @ 0xE0001004) (0004ms, 0753ms total)
02-00000000-00-00003352-0044: T29A4 003:352 JLINK_IsHalted()  returns FALSE (0001ms, 0754ms total)
02-00000000-00-00003373-0044: T29A4 003:374 JLINK_IsHalted()  returns FALSE (0000ms, 0753ms total)
02-00000000-00-00003394-0044: T29A4 003:395 JLINK_IsHalted()  returns FALSE (0000ms, 0753ms total)
02-00000000-00-00003415-0044: T29A4 003:416 JLINK_IsHalted()  returns FALSE (0000ms, 0753ms total)
02-00000000-00-00003436-0044: T29A4 003:437 JLINK_IsHalted()  returns FALSE (0000ms, 0753ms total)
02-00000000-00-00003457-0044: T29A4 003:458 JLINK_IsHalted()  returns FALSE (0000ms, 0753ms total)
02-00000000-00-00003501-0044: T29A4 003:501 JLINK_IsHalted()  returns FALSE (0001ms, 0754ms total)
02-00000000-00-00003522-0044: T29A4 003:522 JLINK_IsHalted()  returns FALSE (0001ms, 0754ms total)
02-00000000-00-00003544-0044: T29A4 003:544 JLINK_IsHalted()  returns FALSE (0001ms, 0754ms total)
02-00000000-00-00003565-0044: T29A4 003:565 JLINK_IsHalted()  returns FALSE (0001ms, 0754ms total)
02-00000000-00-00003586-0044: T29A4 003:586 JLINK_IsHalted()  returns FALSE (0001ms, 0754ms total)
02-00000000-00-00003607-0044: T29A4 003:607 JLINK_IsHalted()  returns FALSE (0001ms, 0754ms total)
02-00000000-00-00003629-0044: T29A4 003:629 JLINK_IsHalted()  returns FALSE (0001ms, 0754ms total)
02-00000000-00-00003650-0044: T29A4 003:651 JLINK_IsHalted()  returns FALSE (0000ms, 0753ms total)
02-00000000-00-00003673-0044: T29A4 003:672 JLINK_IsHalted()  returns FALSE (0002ms, 0755ms total)
02-00000000-00-00003694-0044: T29A4 003:694 JLINK_IsHalted()  returns FALSE (0001ms, 0754ms total)
02-00000000-00-00003717-0044: T29A4 003:715 JLINK_IsHalted()  returns FALSE (0003ms, 0756ms total)
02-00000000-00-00003738-0044: T29A4 003:738 JLINK_IsHalted()  returns FALSE (0001ms, 0754ms total)
02-00000000-00-00003760-0044: T29A4 003:760 JLINK_IsHalted()  returns FALSE (0001ms, 0754ms total)
02-00000000-00-00003781-0044: T29A4 003:781 JLINK_IsHalted()  returns FALSE (0001ms, 0754ms total)
02-00000000-00-00003803-0044: T29A4 003:803 JLINK_IsHalted()  returns FALSE (0001ms, 0754ms total)
02-00000000-00-00003826-0044: T29A4 003:826 JLINK_IsHalted()  returns FALSE (0001ms, 0754ms total)
02-00000000-00-00003847-0044: T29A4 003:847 JLINK_IsHalted()  returns FALSE (0001ms, 0754ms total)
02-00000000-00-00003868-0044: T29A4 003:868 JLINK_IsHalted()  returns FALSE (0001ms, 0754ms total)
02-00000000-00-00003889-0044: T29A4 003:889 JLINK_IsHalted()  returns FALSE (0001ms, 0754ms total)
02-00000000-00-00003910-0044: T29A4 003:911 JLINK_IsHalted()  returns FALSE (0000ms, 0753ms total)
02-00000000-00-00003931-0044: T29A4 003:932 JLINK_IsHalted()  returns FALSE (0000ms, 0753ms total)
02-00000000-00-00003953-0044: T29A4 003:953 JLINK_IsHalted()  returns FALSE (0001ms, 0754ms total)
02-00000000-00-00003974-0044: T29A4 003:975 JLINK_IsHalted()  returns FALSE (0000ms, 0753ms total)
02-00000000-00-00003997-0044: T29A4 003:997 JLINK_IsHalted()  returns FALSE (0001ms, 0754ms total)
02-00000000-00-00004018-0044: T29A4 004:018 JLINK_IsHalted()  returns FALSE (0001ms, 0754ms total)
02-00000000-00-00004039-0044: T29A4 004:039 JLINK_IsHalted()  returns FALSE (0001ms, 0754ms total)
02-00000000-00-00004063-0044: T29A4 004:063 JLINK_IsHalted()  returns FALSE (0001ms, 0754ms total)
02-00000000-00-00004084-0044: T29A4 004:085 JLINK_IsHalted()  returns FALSE (0000ms, 0753ms total)
02-00000000-00-00004105-0044: T29A4 004:106 JLINK_IsHalted()  returns FALSE (0000ms, 0753ms total)
02-00000000-00-00004126-0044: T29A4 004:127 JLINK_IsHalted()  returns FALSE (0000ms, 0753ms total)
02-00000000-00-00004147-0044: T29A4 004:148 JLINK_IsHalted()  returns FALSE (0000ms, 0753ms total)
02-00000000-00-00004172-0044: T29A4 004:169 JLINK_IsHalted()  returns FALSE (0004ms, 0757ms total)
02-00000000-00-00004193-0044: T29A4 004:193 JLINK_IsHalted()  returns FALSE (0001ms, 0754ms total)
02-00000000-00-00004214-0044: T29A4 004:215 JLINK_IsHalted()  returns FALSE (0000ms, 0753ms total)
02-00000000-00-00004236-0044: T29A4 004:237 JLINK_IsHalted()  returns FALSE (0000ms, 0753ms total)
02-00000000-00-00004258-0044: T29A4 004:258 JLINK_IsHalted()  returns FALSE (0001ms, 0754ms total)
02-00000000-00-00004280-0044: T29A4 004:280 JLINK_IsHalted()  returns FALSE (0001ms, 0754ms total)
02-00000000-00-00004301-0044: T29A4 004:301 JLINK_IsHalted()  returns FALSE (0001ms, 0754ms total)
02-00000000-00-00004323-0044: T29A4 004:323 JLINK_IsHalted()  returns FALSE (0001ms, 0754ms total)
02-00000000-00-00004345-0044: T29A4 004:345 JLINK_IsHalted()  returns FALSE (0001ms, 0754ms total)
02-00000000-00-00004366-0044: T29A4 004:367 JLINK_IsHalted()  returns FALSE (0000ms, 0753ms total)
02-00000000-00-00004389-0044: T29A4 004:388 JLINK_IsHalted()  returns FALSE (0002ms, 0755ms total)
02-00000000-00-00004417-0044: T29A4 004:413 JLINK_IsHalted()  returns FALSE (0005ms, 0758ms total)
02-00000000-00-00004443-0044: T29A4 004:440 JLINK_IsHalted()  returns FALSE (0004ms, 0757ms total)
02-00000000-00-00004467-0044: T29A4 004:465 JLINK_IsHalted()  returns FALSE (0003ms, 0756ms total)
02-00000000-00-00004488-0044: T29A4 004:488 JLINK_IsHalted()  returns FALSE (0001ms, 0754ms total)
02-00000000-00-00004510-0044: T29A4 004:510 JLINK_IsHalted()  returns FALSE (0001ms, 0754ms total)
02-00000000-00-00004532-0044: T29A4 004:531 JLINK_IsHalted()  returns FALSE (0002ms, 0755ms total)
02-00000000-00-00004553-0044: T29A4 004:553 JLINK_IsHalted()  returns FALSE (0001ms, 0754ms total)
02-00000000-00-00004575-0044: T29A4 004:574 JLINK_IsHalted()  returns FALSE (0002ms, 0755ms total)
02-00000000-00-00004596-0044: T29A4 004:596 JLINK_IsHalted()  returns FALSE (0001ms, 0754ms total)
02-00000000-00-00004617-0044: T29A4 004:617 JLINK_IsHalted()  returns FALSE (0001ms, 0754ms total)
02-00000000-00-00004638-0044: T29A4 004:638 JLINK_IsHalted()  returns FALSE (0001ms, 0754ms total)
02-00000000-00-00004659-0044: T29A4 004:659 JLINK_IsHalted()  returns FALSE (0001ms, 0754ms total)
02-00000000-00-00004663-0049: T132C 004:664 JLINK_GetHWStatus(...)  returns 0x00 (0000ms, 0753ms total)
02-00000000-00-00004680-0044: T29A4 004:680 JLINK_IsHalted()  returns FALSE (0001ms, 0755ms total)
02-00000000-00-00004701-0044: T29A4 004:701 JLINK_IsHalted()  returns FALSE (0001ms, 0755ms total)
02-00000000-00-00004722-0044: T29A4 004:722 JLINK_IsHalted()  returns FALSE (0001ms, 0755ms total)
02-00000000-00-00004743-0044: T29A4 004:743 JLINK_IsHalted()  returns FALSE (0001ms, 0755ms total)
02-00000000-00-00004764-0044: T29A4 004:764 JLINK_IsHalted()  returns FALSE (0001ms, 0755ms total)
02-00000000-00-00004787-0044: T29A4 004:787 JLINK_IsHalted()  returns FALSE (0001ms, 0755ms total)
02-00000000-00-00004808-0044: T29A4 004:809 JLINK_IsHalted()  returns FALSE (0000ms, 0754ms total)
02-00000000-00-00004829-0044: T29A4 004:830 JLINK_IsHalted()  returns FALSE (0000ms, 0754ms total)
02-00000000-00-00004850-0044: T29A4 004:851 JLINK_IsHalted()  returns FALSE (0000ms, 0754ms total)
02-00000000-00-00004871-0044: T29A4 004:872 JLINK_IsHalted()  returns FALSE (0000ms, 0754ms total)
02-00000000-00-00004892-0044: T29A4 004:893 JLINK_IsHalted()  returns FALSE (0000ms, 0754ms total)
02-00000000-00-00004913-0044: T29A4 004:914 JLINK_IsHalted()  returns FALSE (0000ms, 0754ms total)
02-00000000-00-00004935-0044: T29A4 004:935 JLINK_IsHalted()  returns FALSE (0001ms, 0755ms total)
02-00000000-00-00004956-0044: T29A4 004:956 JLINK_IsHalted()  returns FALSE (0001ms, 0755ms total)
02-00000000-00-00004977-0044: T29A4 004:977 JLINK_IsHalted()  returns FALSE (0001ms, 0755ms total)
02-00000000-00-00005000-0044: T29A4 005:000 JLINK_IsHalted()  returns FALSE (0001ms, 0755ms total)
02-00000000-00-00005021-0044: T29A4 005:021 JLINK_IsHalted()  returns FALSE (0001ms, 0755ms total)
02-00000000-00-00005042-0044: T29A4 005:042 JLINK_IsHalted()  returns FALSE (0001ms, 0755ms total)
02-00000000-00-00005063-0044: T29A4 005:063 JLINK_IsHalted()  returns FALSE (0001ms, 0755ms total)
02-00000000-00-00005084-0044: T29A4 005:084 JLINK_IsHalted()  returns FALSE (0001ms, 0755ms total)
02-00000000-00-00005106-0044: T29A4 005:105 JLINK_IsHalted()  returns FALSE (0002ms, 0756ms total)
02-00000000-00-00005128-0044: T29A4 005:128 JLINK_IsHalted()  returns FALSE (0001ms, 0755ms total)
02-00000000-00-00005149-0044: T29A4 005:149 JLINK_IsHalted()  returns FALSE (0001ms, 0755ms total)
02-00000000-00-00005170-0044: T29A4 005:170 JLINK_IsHalted()  returns FALSE (0001ms, 0755ms total)
02-00000000-00-00005191-0044: T29A4 005:191 JLINK_IsHalted()  returns FALSE (0001ms, 0755ms total)
02-00000000-00-00005212-0044: T29A4 005:212 JLINK_IsHalted()  returns FALSE (0001ms, 0755ms total)
02-00000000-00-00005233-0044: T29A4 005:234 JLINK_IsHalted()  returns FALSE (0000ms, 0754ms total)
02-00000000-00-00005254-0044: T29A4 005:255 JLINK_IsHalted()  returns FALSE (0000ms, 0754ms total)
02-00000000-00-00005276-0044: T29A4 005:276 JLINK_IsHalted()  returns FALSE (0001ms, 0755ms total)
02-00000000-00-00005297-0044: T29A4 005:297 JLINK_IsHalted()  returns FALSE (0001ms, 0755ms total)
02-00000000-00-00005318-0044: T29A4 005:318 JLINK_IsHalted()  returns FALSE (0001ms, 0755ms total)
02-00000000-00-00005339-0044: T29A4 005:339 JLINK_IsHalted()  returns FALSE (0001ms, 0755ms total)
02-00000000-00-00005361-0044: T29A4 005:361 JLINK_IsHalted()  returns FALSE (0001ms, 0755ms total)
02-00000000-00-00005382-0044: T29A4 005:382 JLINK_IsHalted()  returns FALSE (0001ms, 0755ms total)
02-00000000-00-00005403-0044: T29A4 005:403 JLINK_IsHalted()  returns FALSE (0001ms, 0755ms total)
02-00000000-00-00005424-0044: T29A4 005:424 JLINK_IsHalted()  returns FALSE (0001ms, 0755ms total)
02-00000000-00-00005445-0044: T29A4 005:445 JLINK_IsHalted()  returns FALSE (0001ms, 0755ms total)
02-00000000-00-00005466-0044: T29A4 005:466 JLINK_IsHalted()  returns FALSE (0001ms, 0755ms total)
02-00000000-00-00005487-0044: T29A4 005:487 JLINK_IsHalted()  returns FALSE (0001ms, 0755ms total)
02-00000000-00-00005508-0044: T29A4 005:508 JLINK_IsHalted()  returns FALSE (0001ms, 0755ms total)
02-00000000-00-00005529-0044: T29A4 005:529 JLINK_IsHalted()  returns FALSE (0001ms, 0755ms total)
02-00000000-00-00005550-0044: T29A4 005:550 JLINK_IsHalted()  returns FALSE (0001ms, 0755ms total)
02-00000000-00-00005572-0044: T29A4 005:571 JLINK_IsHalted()  returns FALSE (0002ms, 0756ms total)
02-00000000-00-00005593-0044: T29A4 005:594 JLINK_IsHalted()  returns FALSE (0000ms, 0754ms total)
02-00000000-00-00005614-0044: T29A4 005:615 JLINK_IsHalted()  returns FALSE (0000ms, 0754ms total)
02-00000000-00-00005635-0044: T29A4 005:636 JLINK_IsHalted()  returns FALSE (0000ms, 0754ms total)
02-00000000-00-00005657-0044: T29A4 005:658 JLINK_IsHalted()  returns FALSE (0000ms, 0754ms total)
02-00000000-00-00005678-0044: T29A4 005:679 JLINK_IsHalted()  returns FALSE (0000ms, 0754ms total)
02-00000000-00-00005699-0044: T29A4 005:700 JLINK_IsHalted()  returns FALSE (0000ms, 0754ms total)
02-00000000-00-00005720-0044: T29A4 005:721 JLINK_IsHalted()  returns FALSE (0000ms, 0754ms total)
02-00000000-00-00005741-0044: T29A4 005:742 JLINK_IsHalted()  returns FALSE (0000ms, 0754ms total)
02-00000000-00-00005764-0044: T29A4 005:764 JLINK_IsHalted()  returns FALSE (0001ms, 0755ms total)
02-00000000-00-00005785-0044: T29A4 005:786 JLINK_IsHalted()  returns FALSE (0000ms, 0754ms total)
02-00000000-00-00005806-0044: T29A4 005:807 JLINK_IsHalted()  returns FALSE (0000ms, 0754ms total)
02-00000000-00-00005827-0044: T29A4 005:828 JLINK_IsHalted()  returns FALSE (0000ms, 0754ms total)
02-00000000-00-00005848-0044: T29A4 005:849 JLINK_IsHalted()  returns FALSE (0000ms, 0754ms total)
02-00000000-00-00005871-0044: T29A4 005:870 JLINK_IsHalted()  returns FALSE (0000ms, 0754ms total)
02-00000000-00-00005892-0044: T29A4 005:893 JLINK_IsHalted()  returns FALSE (0000ms, 0754ms total)
02-00000000-00-00005913-0044: T29A4 005:914 JLINK_IsHalted()  returns FALSE (0000ms, 0754ms total)
02-00000000-00-00005934-0044: T29A4 005:935 JLINK_IsHalted()  returns FALSE (0000ms, 0754ms total)
02-00000000-00-00005955-0044: T29A4 005:956 JLINK_IsHalted()  returns FALSE (0000ms, 0754ms total)
02-00000000-00-00005976-0044: T29A4 005:977 JLINK_IsHalted()  returns FALSE (0000ms, 0754ms total)
02-00000000-00-00005998-0044: T29A4 005:998 JLINK_IsHalted()  returns FALSE (0001ms, 0755ms total)
02-00000000-00-00006019-0044: T29A4 006:019 JLINK_IsHalted()  returns FALSE (0001ms, 0755ms total)
02-00000000-00-00006040-0044: T29A4 006:040 JLINK_IsHalted()  returns FALSE (0001ms, 0755ms total)
02-00000000-00-00006064-0044: T29A4 006:064 JLINK_IsHalted()  returns FALSE (0001ms, 0755ms total)
02-00000000-00-00006085-0044: T29A4 006:086 JLINK_IsHalted()  returns FALSE (0000ms, 0754ms total)
02-00000000-00-00006106-0044: T29A4 006:107 JLINK_IsHalted()  returns FALSE (0000ms, 0754ms total)
02-00000000-00-00006128-0044: T29A4 006:128 JLINK_IsHalted()  returns FALSE (0001ms, 0755ms total)
02-00000000-00-00006149-0044: T29A4 006:149 JLINK_IsHalted()  returns FALSE (0001ms, 0755ms total)
02-00000000-00-00006170-0044: T29A4 006:170 JLINK_IsHalted()  returns FALSE (0001ms, 0755ms total)
02-00000000-00-00006191-0044: T29A4 006:191 JLINK_IsHalted()  returns FALSE (0001ms, 0755ms total)
02-00000000-00-00006212-0044: T29A4 006:212 JLINK_IsHalted()  returns FALSE (0001ms, 0755ms total)
02-00000000-00-00006233-0044: T29A4 006:233 JLINK_IsHalted()  returns FALSE (0001ms, 0755ms total)
02-00000000-00-00006254-0044: T29A4 006:255 JLINK_IsHalted()  returns FALSE (0000ms, 0754ms total)
02-00000000-00-00006276-0044: T29A4 006:276 JLINK_IsHalted()  returns FALSE (0001ms, 0755ms total)
02-00000000-00-00006297-0044: T29A4 006:297 JLINK_IsHalted()  returns FALSE (0001ms, 0755ms total)
02-00000000-00-00006318-0044: T29A4 006:318 JLINK_IsHalted()  returns FALSE (0001ms, 0755ms total)
02-00000000-00-00006343-0044: T29A4 006:340 JLINK_IsHalted()  returns FALSE (0004ms, 0758ms total)
02-00000000-00-00006364-0044: T29A4 006:365 JLINK_IsHalted()  returns FALSE (0000ms, 0754ms total)
02-00000000-00-00006385-0044: T29A4 006:386 JLINK_IsHalted()  returns FALSE (0000ms, 0754ms total)
02-00000000-00-00006406-0044: T29A4 006:407 JLINK_IsHalted()  returns FALSE (0000ms, 0754ms total)
02-00000000-00-00006427-0044: T29A4 006:428 JLINK_IsHalted()  returns FALSE (0000ms, 0754ms total)
02-00000000-00-00006448-0044: T29A4 006:449 JLINK_IsHalted()  returns FALSE (0000ms, 0754ms total)
02-00000000-00-00006469-0044: T29A4 006:470 JLINK_IsHalted()  returns FALSE (0000ms, 0754ms total)
02-00000000-00-00006491-0044: T29A4 006:491 JLINK_IsHalted()  returns FALSE (0001ms, 0755ms total)
02-00000000-00-00006512-0044: T29A4 006:513 JLINK_IsHalted()  returns FALSE (0000ms, 0754ms total)
02-00000000-00-00006533-0044: T29A4 006:534 JLINK_IsHalted()  returns FALSE (0000ms, 0754ms total)
02-00000000-00-00006554-0044: T29A4 006:555 JLINK_IsHalted()  returns FALSE (0000ms, 0754ms total)
02-00000000-00-00006575-0044: T29A4 006:576 JLINK_IsHalted()  returns FALSE (0000ms, 0754ms total)
02-00000000-00-00006596-0044: T29A4 006:597 JLINK_IsHalted()  returns FALSE (0000ms, 0754ms total)
02-00000000-00-00006617-0044: T29A4 006:618 JLINK_IsHalted()  returns FALSE (0000ms, 0754ms total)
02-00000000-00-00006639-0044: T29A4 006:639 JLINK_IsHalted()  returns FALSE (0001ms, 0755ms total)
02-00000000-00-00006660-0044: T29A4 006:661 JLINK_IsHalted()  returns FALSE (0000ms, 0754ms total)
02-00000000-00-00006682-0044: T29A4 006:682 JLINK_IsHalted()  returns FALSE (0001ms, 0755ms total)
02-00000000-00-00006703-0044: T29A4 006:703 JLINK_IsHalted()  returns FALSE (0001ms, 0755ms total)
02-00000000-00-00006724-0044: T29A4 006:724 JLINK_IsHalted()  returns FALSE (0001ms, 0755ms total)
02-00000000-00-00006746-0044: T29A4 006:745 JLINK_IsHalted()  returns FALSE (0002ms, 0756ms total)
02-00000000-00-00006767-0044: T29A4 006:767 JLINK_IsHalted()  returns FALSE (0001ms, 0755ms total)
02-00000000-00-00006788-0044: T29A4 006:788 JLINK_IsHalted()  returns FALSE (0001ms, 0755ms total)
02-00000000-00-00006810-0044: T29A4 006:810 JLINK_IsHalted()  returns FALSE (0001ms, 0755ms total)
02-00000000-00-00006831-0044: T29A4 006:831 JLINK_IsHalted()  returns FALSE (0001ms, 0755ms total)
02-00000000-00-00006852-0044: T29A4 006:853 JLINK_IsHalted()  returns FALSE (0000ms, 0754ms total)
02-00000000-00-00006865-0049: T132C 006:866 JLINK_GetHWStatus(...)  returns 0x00 (0000ms, 0754ms total)
02-00000000-00-00006874-0044: T29A4 006:874 JLINK_IsHalted()  returns FALSE (0001ms, 0755ms total)
02-00000000-00-00006895-0044: T29A4 006:895 JLINK_IsHalted()  returns FALSE (0001ms, 0755ms total)
02-00000000-00-00006916-0044: T29A4 006:916 JLINK_IsHalted()  returns FALSE (0001ms, 0755ms total)
02-00000000-00-00006937-0044: T29A4 006:937 JLINK_IsHalted()  returns FALSE (0001ms, 0755ms total)
02-00000000-00-00006958-0044: T29A4 006:958 JLINK_IsHalted()  returns FALSE (0001ms, 0755ms total)
02-00000000-00-00006979-0044: T29A4 006:979 JLINK_IsHalted()  returns FALSE (0001ms, 0755ms total)
02-00000000-00-00007000-0044: T29A4 007:000 JLINK_IsHalted()  returns FALSE (0001ms, 0755ms total)
02-00000000-00-00007021-0044: T29A4 007:021 JLINK_IsHalted()  returns FALSE (0001ms, 0755ms total)
02-00000000-00-00007043-0044: T29A4 007:043 JLINK_IsHalted()  returns FALSE (0001ms, 0755ms total)
02-00000000-00-00007064-0044: T29A4 007:065 JLINK_IsHalted()  returns FALSE (0000ms, 0754ms total)
02-00000000-00-00007085-0044: T29A4 007:086 JLINK_IsHalted()  returns FALSE (0000ms, 0754ms total)
02-00000000-00-00007106-0044: T29A4 007:107 JLINK_IsHalted()  returns FALSE (0000ms, 0754ms total)
02-00000000-00-00007127-0044: T29A4 007:128 JLINK_IsHalted()  returns FALSE (0000ms, 0754ms total)
02-00000000-00-00007148-0044: T29A4 007:149 JLINK_IsHalted()  returns FALSE (0000ms, 0754ms total)
02-00000000-00-00007169-0044: T29A4 007:170 JLINK_IsHalted()  returns FALSE (0000ms, 0754ms total)
02-00000000-00-00007190-0044: T29A4 007:191 JLINK_IsHalted()  returns FALSE (0000ms, 0754ms total)
02-00000000-00-00007211-0044: T29A4 007:212 JLINK_IsHalted()  returns FALSE (0000ms, 0754ms total)
02-00000000-00-00007232-0044: T29A4 007:233 JLINK_IsHalted()  returns FALSE (0000ms, 0754ms total)
02-00000000-00-00007254-0044: T29A4 007:254 JLINK_IsHalted()  returns FALSE (0001ms, 0755ms total)
02-00000000-00-00007275-0044: T29A4 007:275 JLINK_IsHalted()  returns FALSE (0001ms, 0755ms total)
02-00000000-00-00007296-0044: T29A4 007:296 JLINK_IsHalted()  returns FALSE (0001ms, 0755ms total)
02-00000000-00-00007317-0044: T29A4 007:317 JLINK_IsHalted()  returns FALSE (0001ms, 0755ms total)
02-00000000-00-00007338-0044: T29A4 007:338 JLINK_IsHalted()  returns FALSE (0001ms, 0755ms total)
02-00000000-00-00007359-0044: T29A4 007:359 JLINK_IsHalted()  returns FALSE (0001ms, 0755ms total)
02-00000000-00-00007380-0044: T29A4 007:380 JLINK_IsHalted()  returns FALSE (0001ms, 0755ms total)
02-00000000-00-00007401-0044: T29A4 007:401 JLINK_IsHalted()  returns FALSE (0001ms, 0755ms total)
02-00000000-00-00007423-0044: T29A4 007:423 JLINK_IsHalted()  returns FALSE (0001ms, 0755ms total)
02-00000000-00-00007444-0044: T29A4 007:445 JLINK_IsHalted()  returns FALSE (0000ms, 0754ms total)
02-00000000-00-00007465-0044: T29A4 007:466 JLINK_IsHalted()  returns FALSE (0000ms, 0754ms total)
02-00000000-00-00007486-0044: T29A4 007:487 JLINK_IsHalted()  returns FALSE (0000ms, 0754ms total)
02-00000000-00-00007507-0044: T29A4 007:508 JLINK_IsHalted()  returns FALSE (0000ms, 0754ms total)
00-0000034C-01-00007507-0001: 03
03-00000000-00-00007508-0024: Debugger requested to halt target...
02-00000000-00-00007511-003F: T29A4 007:509 JLINK_Halt()  returns 0x00 (0003ms, 0757ms total)
02-00000000-00-00007511-0043: T29A4 007:512 JLINK_IsHalted()  returns TRUE (0000ms, 0757ms total)
02-00000000-00-00007512-0050: T29A4 007:512 JLINK_ReadReg(R15 (PC))  returns 0x08002DAC (0001ms, 0758ms total)
03-00000000-00-00007516-0022: ...Target halted (PC = 0x08002DAC)
01-0000034C-00-00007516-0007: $T05#b9
00-0000034C-00-00007516-0005: $g#67
03-00000000-00-00007516-0015: Reading all registers
02-00000000-00-00007516-004A: T29A4 007:517 JLINK_ReadReg(R0)  returns 0x00000014 (0000ms, 0758ms total)
02-00000000-00-00007516-004A: T29A4 007:517 JLINK_ReadReg(R1)  returns 0x00006100 (0000ms, 0758ms total)
02-00000000-00-00007516-004A: T29A4 007:517 JLINK_ReadReg(R2)  returns 0x00000008 (0000ms, 0758ms total)
02-00000000-00-00007516-004A: T29A4 007:517 JLINK_ReadReg(R3)  returns 0x50003300 (0000ms, 0758ms total)
02-00000000-00-00007516-004A: T29A4 007:517 JLINK_ReadReg(R4)  returns 0x13625160 (0000ms, 0758ms total)
02-00000000-00-00007516-004A: T29A4 007:517 JLINK_ReadReg(R5)  returns 0x08012F04 (0000ms, 0758ms total)
02-00000000-00-00007516-004A: T29A4 007:517 JLINK_ReadReg(R6)  returns 0xFFFFFFFF (0000ms, 0758ms total)
02-00000000-00-00007516-004A: T29A4 007:517 JLINK_ReadReg(R7)  returns 0x07FC8000 (0000ms, 0758ms total)
02-00000000-00-00007516-004A: T29A4 007:517 JLINK_ReadReg(R8)  returns 0xFFFFFFFF (0000ms, 0758ms total)
02-00000000-00-00007516-004A: T29A4 007:517 JLINK_ReadReg(R9)  returns 0xFFFFFFFF (0000ms, 0758ms total)
02-00000000-00-00007516-004B: T29A4 007:517 JLINK_ReadReg(R10)  returns 0xFFFFFFFF (0000ms, 0758ms total)
02-00000000-00-00007516-004B: T29A4 007:517 JLINK_ReadReg(R11)  returns 0xFFFFFFFF (0000ms, 0758ms total)
02-00000000-00-00007516-004B: T29A4 007:517 JLINK_ReadReg(R12)  returns 0xB0000000 (0000ms, 0758ms total)
02-00000000-00-00007516-0050: T29A4 007:517 JLINK_ReadReg(R13 (SP))  returns 0x07FC7F08 (0000ms, 0758ms total)
02-00000000-00-00007516-004B: T29A4 007:517 JLINK_ReadReg(R14)  returns 0x08002DAD (0000ms, 0758ms total)
02-00000000-00-00007516-0050: T29A4 007:517 JLINK_ReadReg(R15 (PC))  returns 0x08002DAC (0000ms, 0758ms total)
02-00000000-00-00007516-004C: T29A4 007:517 JLINK_ReadReg(XPSR)  returns 0x21000000 (0000ms, 0758ms total)
02-00000000-00-00007516-004B: T29A4 007:517 JLINK_ReadReg(MSP)  returns 0x07FC7F08 (0000ms, 0758ms total)
02-00000000-00-00007516-004B: T29A4 007:517 JLINK_ReadReg(PSP)  returns 0xFFFFFFFC (0000ms, 0758ms total)
02-00000000-00-00007516-004F: T29A4 007:517 JLINK_ReadReg(PRIMASK)  returns 0x00000001 (0000ms, 0758ms total)
02-00000000-00-00007516-004F: T29A4 007:517 JLINK_ReadReg(BASEPRI)  returns 0x00000000 (0000ms, 0758ms total)
02-00000000-00-00007516-0051: T29A4 007:517 JLINK_ReadReg(FAULTMASK)  returns 0x00000000 (0000ms, 0758ms total)
02-00000000-00-00007516-004F: T29A4 007:517 JLINK_ReadReg(CONTROL)  returns 0x00000000 (0000ms, 0758ms total)
01-0000034C-00-00007516-00BC: $1400000000610000080000000033005060516213042f0108ffffffff0080fc07ffffffffffffffffffffffffffffffff000000b0087ffc07ad2d0008ac2d000800000021087ffc07fcffffff01000000000000000000000000000000#76
00-0000034C-00-00007527-000E: $m8002dac,4#bf
02-00000000-00-00007528-00F4: T29A4 007:528 JLINK_ReadMem (0x08002DAC, 0x0004 Bytes, ...) -- CPU_ReadMem(64 bytes @ 0x08002D80) -- Updating DA cache (64 bytes @ 0x08002D80) -- Read from DA cache (4 bytes @ 0x08002DAC) - Data: FE E7 02 32  returns 0x00 (0001ms, 0759ms total)
03-00000000-00-00007528-0035: Read 4 bytes @ address 0x08002DAC (Data = 0x3202E7FE)
01-0000034C-00-00007528-000C: $fee70232#2e
00-0000034C-00-00007529-0010: $z0,8010044,2#95
03-00000000-00-00007529-0032: Removing breakpoint @ address 0x08010044, Size = 2
02-00000000-00-00007529-0057: T29A4 007:530 JLINK_ClrBPEx(BPHandle = 0x00000001)  returns 0x00 (0000ms, 0759ms total)
01-0000034C-00-00007529-0006: $OK#9a
00-0000034C-00-00007531-001D: $qXfer:threads:read::0,fff#03
01-0000034C-00-00007531-0005: $l#6c
00-0000034C-00-00007573-001D: $qXfer:threads:read::0,fff#03
01-0000034C-00-00007573-0005: $l#6c
00-0000034C-00-00007585-000E: $m7fc7f14,4#cf
02-00000000-00-00007585-0099: T29A4 007:586 JLINK_ReadMem (0x07FC7F14, 0x0004 Bytes, ...) -- CPU_ReadMem(4 bytes @ 0x07FC7F14) - Data: 6B 08 00 08  returns 0x00 (0000ms, 0759ms total)
03-00000000-00-00007586-0035: Read 4 bytes @ address 0x07FC7F14 (Data = 0x0800086B)
01-0000034C-00-00007586-000C: $6b080008#c8
00-0000034C-00-00007600-000E: $m7fc7f14,4#cf
02-00000000-00-00007601-0099: T29A4 007:601 JLINK_ReadMem (0x07FC7F14, 0x0004 Bytes, ...) -- CPU_ReadMem(4 bytes @ 0x07FC7F14) - Data: 6B 08 00 08  returns 0x00 (0001ms, 0760ms total)
03-00000000-00-00007601-0035: Read 4 bytes @ address 0x07FC7F14 (Data = 0x0800086B)
01-0000034C-00-00007601-000C: $6b080008#c8
00-0000034C-00-00007601-000E: $m800086a,4#64
02-00000000-00-00007602-00F4: T29A4 007:602 JLINK_ReadMem (0x0800086A, 0x0004 Bytes, ...) -- CPU_ReadMem(64 bytes @ 0x08000840) -- Updating DA cache (64 bytes @ 0x08000840) -- Read from DA cache (4 bytes @ 0x0800086A) - Data: 04 20 02 F0  returns 0x00 (0001ms, 0761ms total)
03-00000000-00-00007602-0035: Read 4 bytes @ address 0x0800086A (Data = 0xF0022004)
01-0000034C-00-00007602-000C: $042002f0#be
00-0000034C-00-00007602-000E: $m7fc7ffc,4#33
02-00000000-00-00007603-0099: T29A4 007:603 JLINK_ReadMem (0x07FC7FFC, 0x0004 Bytes, ...) -- CPU_ReadMem(4 bytes @ 0x07FC7FFC) - Data: B3 03 00 08  returns 0x00 (0001ms, 0762ms total)
03-00000000-00-00007603-0035: Read 4 bytes @ address 0x07FC7FFC (Data = 0x080003B3)
01-0000034C-00-00007603-000C: $b3030008#c0
00-0000034C-00-00007603-000E: $m7fc7ffc,4#33
02-00000000-00-00007604-0099: T29A4 007:604 JLINK_ReadMem (0x07FC7FFC, 0x0004 Bytes, ...) -- CPU_ReadMem(4 bytes @ 0x07FC7FFC) - Data: B3 03 00 08  returns 0x00 (0001ms, 0763ms total)
03-00000000-00-00007604-0035: Read 4 bytes @ address 0x07FC7FFC (Data = 0x080003B3)
01-0000034C-00-00007604-000C: $b3030008#c0
00-0000034C-00-00007604-000E: $m7fc7f14,4#cf
02-00000000-00-00007605-0099: T29A4 007:605 JLINK_ReadMem (0x07FC7F14, 0x0004 Bytes, ...) -- CPU_ReadMem(4 bytes @ 0x07FC7F14) - Data: 6B 08 00 08  returns 0x00 (0001ms, 0764ms total)
03-00000000-00-00007605-0035: Read 4 bytes @ address 0x07FC7F14 (Data = 0x0800086B)
01-0000034C-00-00007605-000C: $6b080008#c8
00-0000034C-00-00007605-000E: $m7fc7ffc,4#33
02-00000000-00-00007606-0099: T29A4 007:606 JLINK_ReadMem (0x07FC7FFC, 0x0004 Bytes, ...) -- CPU_ReadMem(4 bytes @ 0x07FC7FFC) - Data: B3 03 00 08  returns 0x00 (0001ms, 0765ms total)
03-00000000-00-00007606-0035: Read 4 bytes @ address 0x07FC7FFC (Data = 0x080003B3)
01-0000034C-00-00007606-000C: $b3030008#c0
00-0000034C-00-00007606-000E: $m80003b2,4#5c
02-00000000-00-00007607-00F4: T29A4 007:607 JLINK_ReadMem (0x080003B2, 0x0004 Bytes, ...) -- CPU_ReadMem(64 bytes @ 0x08000380) -- Updating DA cache (64 bytes @ 0x08000380) -- Read from DA cache (4 bytes @ 0x080003B2) - Data: FF F7 EF FE  returns 0x00 (0001ms, 0766ms total)
03-00000000-00-00007607-0035: Read 4 bytes @ address 0x080003B2 (Data = 0xFEEFF7FF)
01-0000034C-00-00007607-000C: $fff7effe#ff
00-0000034C-00-00007607-000E: $m7fc7f14,4#cf
02-00000000-00-00007608-0099: T29A4 007:608 JLINK_ReadMem (0x07FC7F14, 0x0004 Bytes, ...) -- CPU_ReadMem(4 bytes @ 0x07FC7F14) - Data: 6B 08 00 08  returns 0x00 (0001ms, 0767ms total)
03-00000000-00-00007608-0035: Read 4 bytes @ address 0x07FC7F14 (Data = 0x0800086B)
01-0000034C-00-00007608-000C: $6b080008#c8
00-0000034C-00-00007608-000E: $m7fc7ffc,4#33
02-00000000-00-00007609-0099: T29A4 007:609 JLINK_ReadMem (0x07FC7FFC, 0x0004 Bytes, ...) -- CPU_ReadMem(4 bytes @ 0x07FC7FFC) - Data: B3 03 00 08  returns 0x00 (0001ms, 0768ms total)
03-00000000-00-00007609-0035: Read 4 bytes @ address 0x07FC7FFC (Data = 0x080003B3)
01-0000034C-00-00007609-000C: $b3030008#c0
00-0000034C-00-00007609-000E: $m8000348,2#32
02-00000000-00-00007610-00EE: T29A4 007:610 JLINK_ReadMem (0x08000348, 0x0002 Bytes, ...) -- CPU_ReadMem(64 bytes @ 0x08000340) -- Updating DA cache (64 bytes @ 0x08000340) -- Read from DA cache (2 bytes @ 0x08000348) - Data: 1B 4C  returns 0x00 (0001ms, 0769ms total)
03-00000000-00-00007610-0031: Read 2 bytes @ address 0x08000348 (Data = 0x4C1B)
01-0000034C-00-00007610-0008: $1b4c#2a
00-0000034C-00-00007610-000E: $m80003b8,4#62
02-00000000-00-00007610-00A1: T29A4 007:611 JLINK_ReadMem (0x080003B8, 0x0004 Bytes, ...) -- Read from DA cache (4 bytes @ 0x080003B8) - Data: 12 00 00 50  returns 0x00 (0000ms, 0769ms total)
03-00000000-00-00007610-0035: Read 4 bytes @ address 0x080003B8 (Data = 0x50000012)
01-0000034C-00-00007610-000C: $12000050#88
00-0000034C-00-00007610-000E: $m800034a,2#5b
02-00000000-00-00007611-009B: T29A4 007:611 JLINK_ReadMem (0x0800034A, 0x0002 Bytes, ...) -- Read from DA cache (2 bytes @ 0x0800034A) - Data: 00 20  returns 0x00 (0001ms, 0770ms total)
03-00000000-00-00007611-0031: Read 2 bytes @ address 0x0800034A (Data = 0x2000)
01-0000034C-00-00007611-0008: $0020#c2
00-0000034C-00-00007611-000E: $m800034c,2#5d
02-00000000-00-00007611-009B: T29A4 007:612 JLINK_ReadMem (0x0800034C, 0x0002 Bytes, ...) -- Read from DA cache (2 bytes @ 0x0800034C) - Data: 20 88  returns 0x00 (0000ms, 0770ms total)
03-00000000-00-00007611-0031: Read 2 bytes @ address 0x0800034C (Data = 0x8820)
01-0000034C-00-00007611-0008: $2088#d2
00-0000034C-00-00007611-000E: $m800034e,2#5f
02-00000000-00-00007611-009B: T29A4 007:612 JLINK_ReadMem (0x0800034E, 0x0002 Bytes, ...) -- Read from DA cache (2 bytes @ 0x0800034E) - Data: 18 21  returns 0x00 (0000ms, 0770ms total)
03-00000000-00-00007611-0031: Read 2 bytes @ address 0x0800034E (Data = 0x2118)
01-0000034C-00-00007611-0008: $1821#cc
00-0000034C-00-00007611-000E: $m8000350,2#2b
02-00000000-00-00007611-009B: T29A4 007:612 JLINK_ReadMem (0x08000350, 0x0002 Bytes, ...) -- Read from DA cache (2 bytes @ 0x08000350) - Data: 88 43  returns 0x00 (0000ms, 0770ms total)
03-00000000-00-00007611-0031: Read 2 bytes @ address 0x08000350 (Data = 0x4388)
01-0000034C-00-00007611-0008: $8843#d7
00-0000034C-00-00007611-000E: $m8000352,2#2d
02-00000000-00-00007611-009B: T29A4 007:612 JLINK_ReadMem (0x08000352, 0x0002 Bytes, ...) -- Read from DA cache (2 bytes @ 0x08000352) - Data: 18 21  returns 0x00 (0000ms, 0770ms total)
03-00000000-00-00007611-0031: Read 2 bytes @ address 0x08000352 (Data = 0x2118)
01-0000034C-00-00007611-0008: $1821#cc
00-0000034C-00-00007611-000E: $m8000354,2#2f
02-00000000-00-00007612-009B: T29A4 007:613 JLINK_ReadMem (0x08000354, 0x0002 Bytes, ...) -- Read from DA cache (2 bytes @ 0x08000354) - Data: 08 43  returns 0x00 (0000ms, 0770ms total)
03-00000000-00-00007612-0031: Read 2 bytes @ address 0x08000354 (Data = 0x4308)
01-0000034C-00-00007612-0008: $0843#cf
00-0000034C-00-00007612-000E: $m8000356,2#31
02-00000000-00-00007612-009B: T29A4 007:613 JLINK_ReadMem (0x08000356, 0x0002 Bytes, ...) -- Read from DA cache (2 bytes @ 0x08000356) - Data: 20 80  returns 0x00 (0000ms, 0770ms total)
03-00000000-00-00007612-0031: Read 2 bytes @ address 0x08000356 (Data = 0x8020)
01-0000034C-00-00007612-0008: $2080#ca
00-0000034C-00-00007612-000E: $m8000358,2#33
02-00000000-00-00007612-009B: T29A4 007:613 JLINK_ReadMem (0x08000358, 0x0002 Bytes, ...) -- Read from DA cache (2 bytes @ 0x08000358) - Data: 18 49  returns 0x00 (0000ms, 0770ms total)
03-00000000-00-00007612-0031: Read 2 bytes @ address 0x08000358 (Data = 0x4918)
01-0000034C-00-00007612-0008: $1849#d6
00-0000034C-00-00007612-000E: $m80003bc,4#8d
02-00000000-00-00007612-00A1: T29A4 007:613 JLINK_ReadMem (0x080003BC, 0x0004 Bytes, ...) -- Read from DA cache (4 bytes @ 0x080003BC) - Data: 10 00 00 08  returns 0x00 (0000ms, 0770ms total)
03-00000000-00-00007612-0035: Read 4 bytes @ address 0x080003BC (Data = 0x08000010)
01-0000034C-00-00007612-000C: $10000008#89
00-0000034C-00-00007612-000E: $m800035a,2#5c
02-00000000-00-00007612-009B: T29A4 007:613 JLINK_ReadMem (0x0800035A, 0x0002 Bytes, ...) -- Read from DA cache (2 bytes @ 0x0800035A) - Data: 19 4A  returns 0x00 (0000ms, 0770ms total)
03-00000000-00-00007612-0031: Read 2 bytes @ address 0x0800035A (Data = 0x4A19)
01-0000034C-00-00007612-0008: $194a#ff
00-0000034C-00-00007612-000E: $m80003c2,4#5d
02-00000000-00-00007614-00F4: T29A4 007:613 JLINK_ReadMem (0x080003C2, 0x0004 Bytes, ...) -- CPU_ReadMem(64 bytes @ 0x080003C0) -- Updating DA cache (64 bytes @ 0x080003C0) -- Read from DA cache (4 bytes @ 0x080003C2) - Data: FC 07 FC 00  returns 0x00 (0002ms, 0772ms total)
03-00000000-00-00007614-0035: Read 4 bytes @ address 0x080003C2 (Data = 0x00FC07FC)
01-0000034C-00-00007614-000C: $fc07fc00#59
00-0000034C-00-00007614-000E: $m800035c,2#5e
02-00000000-00-00007614-009B: T29A4 007:615 JLINK_ReadMem (0x0800035C, 0x0002 Bytes, ...) -- Read from DA cache (2 bytes @ 0x0800035C) - Data: 19 4B  returns 0x00 (0000ms, 0772ms total)
03-00000000-00-00007614-0031: Read 2 bytes @ address 0x0800035C (Data = 0x4B19)
01-0000034C-00-00007614-0008: $194b#00
00-0000034C-00-00007614-000E: $m80003c4,4#5f
02-00000000-00-00007614-00A1: T29A4 007:615 JLINK_ReadMem (0x080003C4, 0x0004 Bytes, ...) -- Read from DA cache (4 bytes @ 0x080003C4) - Data: FC 00 FC 07  returns 0x00 (0000ms, 0772ms total)
03-00000000-00-00007614-0035: Read 4 bytes @ address 0x080003C4 (Data = 0x07FC00FC)
01-0000034C-00-00007614-000C: $fc00fc07#59
00-0000034C-00-00007614-000E: $m800035e,2#60
02-00000000-00-00007614-009B: T29A4 007:615 JLINK_ReadMem (0x0800035E, 0x0002 Bytes, ...) -- Read from DA cache (2 bytes @ 0x0800035E) - Data: 9B 1A  returns 0x00 (0000ms, 0772ms total)
03-00000000-00-00007614-0031: Read 2 bytes @ address 0x0800035E (Data = 0x1A9B)
01-0000034C-00-00007614-0008: $9b1a#2d
00-0000034C-00-00007614-000E: $m8000360,2#2c
02-00000000-00-00007614-009B: T29A4 007:615 JLINK_ReadMem (0x08000360, 0x0002 Bytes, ...) -- Read from DA cache (2 bytes @ 0x08000360) - Data: 03 DD  returns 0x00 (0000ms, 0772ms total)
03-00000000-00-00007614-0031: Read 2 bytes @ address 0x08000360 (Data = 0xDD03)
01-0000034C-00-00007614-0008: $03dd#2b
00-0000034C-00-00007647-001D: $qXfer:threads:read::0,fff#03
01-0000034C-00-00007647-0005: $l#6c
00-0000034C-00-00007652-001D: $qXfer:threads:read::0,fff#03
01-0000034C-00-00007652-0005: $l#6c
02-00000000-00-00009084-0049: T132C 009:085 JLINK_GetHWStatus(...)  returns 0x00 (0000ms, 0772ms total)
02-00000000-00-00011287-0049: T132C 011:288 JLINK_GetHWStatus(...)  returns 0x00 (0000ms, 0773ms total)
02-00000000-00-00013493-0049: T132C 013:494 JLINK_GetHWStatus(...)  returns 0x00 (0000ms, 0773ms total)
02-00000000-00-00015696-0049: T132C 015:697 JLINK_GetHWStatus(...)  returns 0x00 (0000ms, 0773ms total)
02-00000000-00-00017899-0049: T132C 017:899 JLINK_GetHWStatus(...)  returns 0x00 (0001ms, 0774ms total)
02-00000000-00-00020101-0049: T132C 020:101 JLINK_GetHWStatus(...)  returns 0x00 (0001ms, 0775ms total)
02-00000000-00-00022316-0049: T132C 022:317 JLINK_GetHWStatus(...)  returns 0x00 (0000ms, 0775ms total)
02-00000000-00-00024518-0049: T132C 024:519 JLINK_GetHWStatus(...)  returns 0x00 (0000ms, 0775ms total)
02-00000000-00-00026725-0049: T132C 026:726 JLINK_GetHWStatus(...)  returns 0x00 (0000ms, 0775ms total)
02-00000000-00-00028927-0049: T132C 028:928 JLINK_GetHWStatus(...)  returns 0x00 (0000ms, 0775ms total)
02-00000000-00-00031129-0049: T132C 031:130 JLINK_GetHWStatus(...)  returns 0x00 (0000ms, 0775ms total)
02-00000000-00-00033331-0049: T132C 033:332 JLINK_GetHWStatus(...)  returns 0x00 (0000ms, 0775ms total)
02-00000000-00-00035534-0049: T132C 035:534 JLINK_GetHWStatus(...)  returns 0x00 (0001ms, 0776ms total)
02-00000000-00-00037736-0049: T132C 037:737 JLINK_GetHWStatus(...)  returns 0x00 (0000ms, 0776ms total)
02-00000000-00-00039942-0049: T132C 039:943 JLINK_GetHWStatus(...)  returns 0x00 (0000ms, 0776ms total)
02-00000000-00-00042146-0049: T132C 042:147 JLINK_GetHWStatus(...)  returns 0x00 (0000ms, 0776ms total)
02-00000000-00-00044348-0049: T132C 044:349 JLINK_GetHWStatus(...)  returns 0x00 (0000ms, 0776ms total)
02-00000000-00-00046551-0049: T132C 046:552 JLINK_GetHWStatus(...)  returns 0x00 (0000ms, 0776ms total)
02-00000000-00-00048753-0049: T132C 048:754 JLINK_GetHWStatus(...)  returns 0x00 (0000ms, 0776ms total)
02-00000000-00-00050955-0049: T132C 050:956 JLINK_GetHWStatus(...)  returns 0x00 (0000ms, 0776ms total)
02-00000000-00-00053157-0049: T132C 053:158 JLINK_GetHWStatus(...)  returns 0x00 (0000ms, 0777ms total)
02-00000000-00-00055364-0049: T132C 055:365 JLINK_GetHWStatus(...)  returns 0x00 (0000ms, 0777ms total)
02-00000000-00-00057567-0049: T132C 057:567 JLINK_GetHWStatus(...)  returns 0x00 (0001ms, 0778ms total)
02-00000000-00-00059768-0049: T132C 059:769 JLINK_GetHWStatus(...)  returns 0x00 (0000ms, 0778ms total)
02-00000000-00-00061971-0049: T132C 061:971 JLINK_GetHWStatus(...)  returns 0x00 (0001ms, 0779ms total)
02-00000000-00-00064176-0049: T132C 064:177 JLINK_GetHWStatus(...)  returns 0x00 (0000ms, 0779ms total)
02-00000000-00-00066378-0049: T132C 066:379 JLINK_GetHWStatus(...)  returns 0x00 (0000ms, 0779ms total)
02-00000000-00-00068580-0049: T132C 068:581 JLINK_GetHWStatus(...)  returns 0x00 (0000ms, 0779ms total)
02-00000000-00-00070782-0049: T132C 070:783 JLINK_GetHWStatus(...)  returns 0x00 (0000ms, 0779ms total)
02-00000000-00-00072984-0049: T132C 072:985 JLINK_GetHWStatus(...)  returns 0x00 (0000ms, 0779ms total)
02-00000000-00-00075186-0049: T132C 075:187 JLINK_GetHWStatus(...)  returns 0x00 (0000ms, 0779ms total)
02-00000000-00-00077388-0049: T132C 077:389 JLINK_GetHWStatus(...)  returns 0x00 (0000ms, 0779ms total)
02-00000000-00-00079592-0049: T132C 079:592 JLINK_GetHWStatus(...)  returns 0x00 (0001ms, 0780ms total)
00-0000034C-00-00081563-0005: $k#6b
03-00000000-00-00081563-001C: GDB closed TCP/IP connection
02-00000000-00-00081798-0049: T132C 081:798 JLINK_GetHWStatus(...)  returns 0x00 (0001ms, 0781ms total)
